#! /usr/bin/vvp
:ivl_version "10.1 (stable)";
:ivl_delay_selection "TYPICAL";
:vpi_time_precision - 12;
:vpi_module "system";
:vpi_module "vhdl_sys";
:vpi_module "v2005_math";
:vpi_module "va_math";
S_0x55f8db6886a0 .scope module, "test_fpu" "test_fpu" 2 7;
 .timescale -9 -12;
P_0x55f8db690f30 .param/l "DATA_WIDTH" 0 2 9, +C4<00000000000000000000000000100000>;
P_0x55f8db690f70 .param/l "INST_WIDTH" 0 2 10, +C4<00000000000000000000000000000001>;
P_0x55f8db690fb0 .param/l "NUM_OF_INST" 0 2 11, +C4<00000000000000000000000000000010>;
P_0x55f8db690ff0 .param/l "NUM_OF_TEST" 0 2 12, +C4<00000000000000000000000000001010>;
v0x55f8db6ba2c0_0 .net "clk", 0 0, v0x55f8db686d30_0;  1 drivers
v0x55f8db6ba380_0 .net "idata_a", 31 0, v0x55f8db6b98e0_0;  1 drivers
v0x55f8db6ba440_0 .net "idata_b", 31 0, v0x55f8db6b99a0_0;  1 drivers
v0x55f8db6ba5a0_0 .net "inst", 0 0, v0x55f8db6b9a60_0;  1 drivers
v0x55f8db6ba660_0 .net "ivalid", 0 0, v0x55f8db6b9b20_0;  1 drivers
v0x55f8db6ba790_0 .net "odata", 31 0, L_0x55f8db6bab10;  1 drivers
v0x55f8db6ba8e0_0 .net "ovalid", 0 0, L_0x55f8db6babd0;  1 drivers
v0x55f8db6baa10_0 .net "rst_n", 0 0, v0x55f8db687bc0_0;  1 drivers
S_0x55f8db67ac40 .scope module, "u_clk" "Clkgen" 2 58, 2 65 0, S_0x55f8db6886a0;
 .timescale -9 -12;
    .port_info 0 /OUTPUT 1 "clk"
    .port_info 1 /OUTPUT 1 "rst_n"
v0x55f8db686d30_0 .var "clk", 0 0;
v0x55f8db687bc0_0 .var "rst_n", 0 0;
S_0x55f8db67ae70 .scope module, "u_fpu" "fpu" 2 31, 3 1 0, S_0x55f8db6886a0;
 .timescale -9 -12;
    .port_info 0 /INPUT 1 "i_clk"
    .port_info 1 /INPUT 1 "i_rst_n"
    .port_info 2 /INPUT 32 "i_data_a"
    .port_info 3 /INPUT 32 "i_data_b"
    .port_info 4 /INPUT 1 "i_inst"
    .port_info 5 /INPUT 1 "i_valid"
    .port_info 6 /OUTPUT 32 "o_data"
    .port_info 7 /OUTPUT 1 "o_valid"
P_0x55f8db68be70 .param/l "DATA_WIDTH" 0 3 2, +C4<00000000000000000000000000100000>;
P_0x55f8db68beb0 .param/l "INST_WIDTH" 0 3 3, +C4<00000000000000000000000000000001>;
v0x55f8db6b1660_0 .net "i_clk", 0 0, v0x55f8db686d30_0;  alias, 1 drivers
v0x55f8db6b1720_0 .net "i_data_a", 31 0, v0x55f8db6b98e0_0;  alias, 1 drivers
v0x55f8db6b1830_0 .net "i_data_b", 31 0, v0x55f8db6b99a0_0;  alias, 1 drivers
v0x55f8db6b1920_0 .net "i_inst", 0 0, v0x55f8db6b9a60_0;  alias, 1 drivers
v0x55f8db6b1a00_0 .net "i_rst_n", 0 0, v0x55f8db687bc0_0;  alias, 1 drivers
v0x55f8db6b1af0_0 .net "i_valid", 0 0, v0x55f8db6b9b20_0;  alias, 1 drivers
v0x55f8db6b1be0_0 .net "o_data", 31 0, L_0x55f8db6bab10;  alias, 1 drivers
v0x55f8db6b1cc0_0 .net "o_data_add", 31 0, v0x55f8db6af3b0_0;  1 drivers
v0x55f8db6b1d80_0 .net "o_data_mul", 31 0, v0x55f8db6b0f00_0;  1 drivers
v0x55f8db6b1e20_0 .net "o_valid", 0 0, L_0x55f8db6babd0;  alias, 1 drivers
v0x55f8db6b1ec0_0 .net "o_valid_add", 0 0, v0x55f8db6af630_0;  1 drivers
v0x55f8db6b1f60_0 .net "o_valid_mul", 0 0, v0x55f8db6b1180_0;  1 drivers
L_0x55f8db6bab10 .functor MUXZ 32, v0x55f8db6af3b0_0, v0x55f8db6b0f00_0, v0x55f8db6b9a60_0, C4<>;
L_0x55f8db6babd0 .functor MUXZ 1, v0x55f8db6af630_0, v0x55f8db6b1180_0, v0x55f8db6b9a60_0, C4<>;
S_0x55f8db67b100 .scope module, "u_ADD" "ADD" 3 24, 4 1 0, S_0x55f8db67ae70;
 .timescale -9 -12;
    .port_info 0 /INPUT 1 "i_clk"
    .port_info 1 /INPUT 1 "i_rst_n"
    .port_info 2 /INPUT 32 "i_data_a"
    .port_info 3 /INPUT 32 "i_data_b"
    .port_info 4 /INPUT 1 "i_valid"
    .port_info 5 /OUTPUT 32 "o_data"
    .port_info 6 /OUTPUT 1 "o_valid"
P_0x55f8db6ae4f0 .param/l "DATA_WIDTH" 0 4 2, +C4<00000000000000000000000000100000>;
v0x55f8db687c60_0 .var "e_a", 7 0;
v0x55f8db66d7b0_0 .var "e_b", 7 0;
v0x55f8db66d850_0 .var "e_data", 7 0;
v0x55f8db691850_0 .var "e_diff", 7 0;
v0x55f8db6918f0_0 .var "f_a", 26 0;
v0x55f8db6ae860_0 .var "f_b", 26 0;
v0x55f8db6ae940_0 .var "f_data", 22 0;
v0x55f8db6aea20_0 .net "i_clk", 0 0, v0x55f8db686d30_0;  alias, 1 drivers
v0x55f8db6aeac0_0 .net "i_data_a", 31 0, v0x55f8db6b98e0_0;  alias, 1 drivers
v0x55f8db6aeb80_0 .net "i_data_b", 31 0, v0x55f8db6b99a0_0;  alias, 1 drivers
v0x55f8db6aec60_0 .var "i_e_a", 7 0;
v0x55f8db6aed40_0 .var "i_e_b", 7 0;
v0x55f8db6aee20_0 .var "i_f_a", 26 0;
v0x55f8db6aef00_0 .var "i_f_b", 26 0;
v0x55f8db6aefe0_0 .net "i_rst_n", 0 0, v0x55f8db687bc0_0;  alias, 1 drivers
v0x55f8db6af0b0_0 .var "i_s_a", 0 0;
v0x55f8db6af150_0 .var "i_s_b", 0 0;
v0x55f8db6af210_0 .net "i_valid", 0 0, v0x55f8db6b9b20_0;  alias, 1 drivers
v0x55f8db6af2d0_0 .net "o_data", 31 0, v0x55f8db6af3b0_0;  alias, 1 drivers
v0x55f8db6af3b0_0 .var "o_data_r", 31 0;
v0x55f8db6af490_0 .var "o_data_w", 31 0;
v0x55f8db6af570_0 .net "o_valid", 0 0, v0x55f8db6af630_0;  alias, 1 drivers
v0x55f8db6af630_0 .var "o_valid_r", 0 0;
v0x55f8db6af6f0_0 .var "o_valid_w", 0 0;
v0x55f8db6af7b0_0 .var "s_a", 0 0;
v0x55f8db6af870_0 .var "s_b", 0 0;
v0x55f8db6af930_0 .var "s_data", 0 0;
v0x55f8db6af9f0_0 .var "sum", 27 0;
E_0x55f8db62c150/0 .event negedge, v0x55f8db687bc0_0;
E_0x55f8db62c150/1 .event posedge, v0x55f8db686d30_0;
E_0x55f8db62c150 .event/or E_0x55f8db62c150/0, E_0x55f8db62c150/1;
E_0x55f8db62d350/0 .event edge, v0x55f8db6af210_0, v0x55f8db6aeac0_0, v0x55f8db6aeb80_0, v0x55f8db6af0b0_0;
E_0x55f8db62d350/1 .event edge, v0x55f8db6af150_0, v0x55f8db6aec60_0, v0x55f8db6aed40_0, v0x55f8db6aee20_0;
E_0x55f8db62d350/2 .event edge, v0x55f8db6aef00_0, v0x55f8db691850_0, v0x55f8db6af7b0_0, v0x55f8db6af870_0;
E_0x55f8db62d350/3 .event edge, v0x55f8db6918f0_0, v0x55f8db6ae860_0, v0x55f8db6af9f0_0, v0x55f8db687c60_0;
E_0x55f8db62d350/4 .event edge, v0x55f8db6af930_0, v0x55f8db66d850_0, v0x55f8db6ae940_0;
E_0x55f8db62d350 .event/or E_0x55f8db62d350/0, E_0x55f8db62d350/1, E_0x55f8db62d350/2, E_0x55f8db62d350/3, E_0x55f8db62d350/4;
S_0x55f8db6819c0 .scope module, "u_MUL" "MUL" 3 37, 5 1 0, S_0x55f8db67ae70;
 .timescale -9 -12;
    .port_info 0 /INPUT 1 "i_clk"
    .port_info 1 /INPUT 1 "i_rst_n"
    .port_info 2 /INPUT 32 "i_data_a"
    .port_info 3 /INPUT 32 "i_data_b"
    .port_info 4 /INPUT 1 "i_valid"
    .port_info 5 /OUTPUT 32 "o_data"
    .port_info 6 /OUTPUT 1 "o_valid"
P_0x55f8db6afbd0 .param/l "DATA_WIDTH" 0 5 2, +C4<00000000000000000000000000100000>;
v0x55f8db6afd40_0 .var "e_a", 7 0;
v0x55f8db6afe40_0 .var "e_b", 7 0;
v0x55f8db6aff20_0 .var "e_data", 7 0;
v0x55f8db6b0010_0 .var "e_diff", 7 0;
v0x55f8db6b00f0_0 .var "f_a", 26 0;
v0x55f8db6b0220_0 .var "f_b", 26 0;
v0x55f8db6b0300_0 .var "f_data", 22 0;
v0x55f8db6b03e0_0 .net "i_clk", 0 0, v0x55f8db686d30_0;  alias, 1 drivers
v0x55f8db6b04d0_0 .net "i_data_a", 31 0, v0x55f8db6b98e0_0;  alias, 1 drivers
v0x55f8db6b0590_0 .net "i_data_b", 31 0, v0x55f8db6b99a0_0;  alias, 1 drivers
v0x55f8db6b0630_0 .var "i_e_a", 7 0;
v0x55f8db6b06f0_0 .var "i_e_b", 7 0;
v0x55f8db6b07d0_0 .var "i_f_a", 26 0;
v0x55f8db6b08b0_0 .var "i_f_b", 26 0;
v0x55f8db6b0990_0 .net "i_rst_n", 0 0, v0x55f8db687bc0_0;  alias, 1 drivers
v0x55f8db6b0a30_0 .var "i_s_a", 0 0;
v0x55f8db6b0af0_0 .var "i_s_b", 0 0;
v0x55f8db6b0cc0_0 .net "i_valid", 0 0, v0x55f8db6b9b20_0;  alias, 1 drivers
v0x55f8db6b0d60_0 .var "mul", 53 0;
v0x55f8db6b0e20_0 .net "o_data", 31 0, v0x55f8db6b0f00_0;  alias, 1 drivers
v0x55f8db6b0f00_0 .var "o_data_r", 31 0;
v0x55f8db6b0fe0_0 .var "o_data_w", 31 0;
v0x55f8db6b10c0_0 .net "o_valid", 0 0, v0x55f8db6b1180_0;  alias, 1 drivers
v0x55f8db6b1180_0 .var "o_valid_r", 0 0;
v0x55f8db6b1240_0 .var "o_valid_w", 0 0;
v0x55f8db6b1300_0 .var "s_a", 0 0;
v0x55f8db6b13c0_0 .var "s_b", 0 0;
v0x55f8db6b1480_0 .var "s_data", 0 0;
E_0x55f8db691470/0 .event edge, v0x55f8db6af210_0, v0x55f8db6aeac0_0, v0x55f8db6aeb80_0, v0x55f8db6b0a30_0;
E_0x55f8db691470/1 .event edge, v0x55f8db6b0af0_0, v0x55f8db6b06f0_0, v0x55f8db6b0630_0, v0x55f8db6b08b0_0;
E_0x55f8db691470/2 .event edge, v0x55f8db6b07d0_0, v0x55f8db6b1300_0, v0x55f8db6b13c0_0, v0x55f8db6b0220_0;
E_0x55f8db691470/3 .event edge, v0x55f8db6b00f0_0, v0x55f8db6b0d60_0, v0x55f8db6afd40_0, v0x55f8db6afe40_0;
E_0x55f8db691470/4 .event edge, v0x55f8db6b1480_0, v0x55f8db6aff20_0, v0x55f8db6b0300_0;
E_0x55f8db691470 .event/or E_0x55f8db691470/0, E_0x55f8db691470/1, E_0x55f8db691470/2, E_0x55f8db691470/3, E_0x55f8db691470/4;
S_0x55f8db67c4a0 .scope module, "u_fpu_test" "fpu_test" 2 47, 2 84 0, S_0x55f8db6886a0;
 .timescale -9 -12;
    .port_info 0 /INPUT 1 "i_clk"
    .port_info 1 /INPUT 1 "i_rst_n"
    .port_info 2 /INPUT 32 "i_data"
    .port_info 3 /INPUT 1 "i_valid"
    .port_info 4 /OUTPUT 32 "o_data_a"
    .port_info 5 /OUTPUT 32 "o_data_b"
    .port_info 6 /OUTPUT 1 "o_inst"
    .port_info 7 /OUTPUT 1 "o_valid"
P_0x55f8db5cae40 .param/l "DATA_WIDTH" 0 2 85, +C4<00000000000000000000000000100000>;
P_0x55f8db5cae80 .param/l "End" 1 2 140, +C4<00000000000000000000000000000011>;
P_0x55f8db5caec0 .param/l "INST_WIDTH" 0 2 86, +C4<00000000000000000000000000000001>;
P_0x55f8db5caf00 .param/l "Idle" 1 2 137, +C4<00000000000000000000000000000000>;
P_0x55f8db5caf40 .param/l "NUM_OF_INST" 0 2 87, +C4<00000000000000000000000000000010>;
P_0x55f8db5caf80 .param/l "NUM_OF_TEST" 0 2 88, +C4<00000000000000000000000000001010>;
P_0x55f8db5cafc0 .param/l "Test00" 1 2 138, +C4<00000000000000000000000000000001>;
P_0x55f8db5cb000 .param/l "Test01" 1 2 139, +C4<00000000000000000000000000000010>;
v0x55f8db6b9430_0 .var "cs", 1 0;
v0x55f8db6b9530_0 .net "i_clk", 0 0, v0x55f8db686d30_0;  alias, 1 drivers
v0x55f8db6b95f0_0 .net "i_data", 31 0, L_0x55f8db6bab10;  alias, 1 drivers
v0x55f8db6b9690_0 .net "i_rst_n", 0 0, v0x55f8db687bc0_0;  alias, 1 drivers
v0x55f8db6b9730_0 .net "i_valid", 0 0, L_0x55f8db6babd0;  alias, 1 drivers
v0x55f8db6b9820_0 .var "ns", 1 0;
v0x55f8db6b98e0_0 .var "o_data_a", 31 0;
v0x55f8db6b99a0_0 .var "o_data_b", 31 0;
v0x55f8db6b9a60_0 .var "o_inst", 0 0;
v0x55f8db6b9b20_0 .var "o_valid", 0 0;
v0x55f8db6b9bc0 .array "test_dataA", 1 0;
v0x55f8db6b9bc0_0 .net v0x55f8db6b9bc0 0, 31 0, L_0x55f8db6859a0; 1 drivers
v0x55f8db6b9bc0_1 .net v0x55f8db6b9bc0 1, 31 0, L_0x55f8db68c5e0; 1 drivers
v0x55f8db6b9c80 .array "test_dataB", 1 0;
v0x55f8db6b9c80_0 .net v0x55f8db6b9c80 0, 31 0, L_0x55f8db685a10; 1 drivers
v0x55f8db6b9c80_1 .net v0x55f8db6b9c80 1, 31 0, L_0x55f8db6ccee0; 1 drivers
v0x55f8db6b9d80 .array "test_done", 1 0;
v0x55f8db6b9d80_0 .net v0x55f8db6b9d80 0, 0 0, L_0x55f8db6cc000; 1 drivers
v0x55f8db6b9d80_1 .net v0x55f8db6b9d80 1, 0 0, L_0x55f8db6cd520; 1 drivers
v0x55f8db6b9e80 .array "test_inst", 1 0;
v0x55f8db6b9e80_0 .net v0x55f8db6b9e80 0, 0 0, L_0x55f8db6cbd00; 1 drivers
v0x55f8db6b9e80_1 .net v0x55f8db6b9e80 1, 0 0, L_0x55f8db6cd220; 1 drivers
v0x55f8db6b9f80 .array "test_start", 1 0, 0 0;
v0x55f8db6ba080 .array "test_valid", 1 0;
v0x55f8db6ba080_0 .net v0x55f8db6ba080 0, 0 0, L_0x55f8db6cbb50; 1 drivers
v0x55f8db6ba080_1 .net v0x55f8db6ba080 1, 0 0, L_0x55f8db6cd040; 1 drivers
v0x55f8db6ba180_0 .var/i "total_error", 31 0;
E_0x55f8db62c020/0 .event edge, v0x55f8db6b9430_0, v0x55f8db6b4e70_0, v0x55f8db6b8560_0, v0x55f8db6b5320_0;
E_0x55f8db62c020/1 .event edge, v0x55f8db6b8a10_0, v0x55f8db6b5680_0, v0x55f8db6b8d70_0, v0x55f8db6b5760_0;
E_0x55f8db62c020/2 .event edge, v0x55f8db6b8e50_0, v0x55f8db6b55c0_0, v0x55f8db6b8cb0_0, v0x55f8db6ba180_0;
E_0x55f8db62c020/3 .event edge, v0x55f8db6b43e0_0, v0x55f8db6b7a70_0;
E_0x55f8db62c020 .event/or E_0x55f8db62c020/0, E_0x55f8db62c020/1, E_0x55f8db62c020/2, E_0x55f8db62c020/3;
S_0x55f8db688240 .scope generate, "test_unit[0]" "test_unit[0]" 2 111, 2 111 0, S_0x55f8db67c4a0;
 .timescale -9 -12;
P_0x55f8db6b2750 .param/l "i" 0 2 111, +C4<00>;
S_0x55f8db688470 .scope module, "inst" "test_interface" 2 116, 2 194 0, S_0x55f8db688240;
 .timescale -9 -12;
    .port_info 0 /INPUT 1 "i_clk"
    .port_info 1 /INPUT 1 "i_rst_n"
    .port_info 2 /INPUT 1 "i_start"
    .port_info 3 /INPUT 32 "i_data"
    .port_info 4 /INPUT 1 "i_valid"
    .port_info 5 /OUTPUT 32 "o_data_a"
    .port_info 6 /OUTPUT 32 "o_data_b"
    .port_info 7 /OUTPUT 1 "o_inst"
    .port_info 8 /OUTPUT 1 "o_valid"
    .port_info 9 /OUTPUT 1 "o_done"
P_0x55f8db6b2880 .param/l "DATA_WIDTH" 0 2 195, +C4<00000000000000000000000000100000>;
P_0x55f8db6b28c0 .param/l "Done" 1 2 218, +C4<00000000000000000000000000000011>;
P_0x55f8db6b2900 .param/l "Finish" 1 2 219, +C4<00000000000000000000000000000100>;
P_0x55f8db6b2940 .param/l "INST_WIDTH" 0 2 196, +C4<00000000000000000000000000000001>;
P_0x55f8db6b2980 .param/l "Idle_" 1 2 215, +C4<00000000000000000000000000000000>;
P_0x55f8db6b29c0 .param/l "NUM_OF_TEST" 0 2 197, +C4<00000000000000000000000000001010>;
P_0x55f8db6b2a00 .param/l "Read" 1 2 216, +C4<00000000000000000000000000000001>;
P_0x55f8db6b2a40 .param/l "Write" 1 2 217, +C4<00000000000000000000000000000010>;
L_0x55f8db6859a0 .functor BUFZ 32, v0x55f8db6b4f50_0, C4<00000000000000000000000000000000>, C4<00000000000000000000000000000000>, C4<00000000000000000000000000000000>;
L_0x55f8db685a10 .functor BUFZ 32, v0x55f8db6b5400_0, C4<00000000000000000000000000000000>, C4<00000000000000000000000000000000>, C4<00000000000000000000000000000000>;
L_0x55f8db6cbb50 .functor BUFZ 1, v0x55f8db6b5820_0, C4<0>, C4<0>, C4<0>;
v0x55f8db6b31d0_0 .net *"_s0", 31 0, L_0x55f8db6bad20;  1 drivers
v0x55f8db6b32b0_0 .net *"_s10", 4 0, L_0x55f8db6cb060;  1 drivers
L_0x7fb69993d0a8 .functor BUFT 1, C4<0>, C4<0>, C4<0>, C4<0>;
v0x55f8db6b3390_0 .net *"_s13", 0 0, L_0x7fb69993d0a8;  1 drivers
v0x55f8db6b3480_0 .net *"_s16", 64 0, L_0x55f8db6cb310;  1 drivers
v0x55f8db6b3560_0 .net *"_s18", 4 0, L_0x55f8db6cb3f0;  1 drivers
L_0x7fb69993d0f0 .functor BUFT 1, C4<0>, C4<0>, C4<0>, C4<0>;
v0x55f8db6b3690_0 .net *"_s21", 0 0, L_0x7fb69993d0f0;  1 drivers
v0x55f8db6b3770_0 .net *"_s24", 64 0, L_0x55f8db6cb670;  1 drivers
v0x55f8db6b3850_0 .net *"_s26", 4 0, L_0x55f8db6cb740;  1 drivers
L_0x7fb69993d138 .functor BUFT 1, C4<0>, C4<0>, C4<0>, C4<0>;
v0x55f8db6b3930_0 .net *"_s29", 0 0, L_0x7fb69993d138;  1 drivers
L_0x7fb69993d018 .functor BUFT 1, C4<0000000000000000000000000000>, C4<0>, C4<0>, C4<0>;
v0x55f8db6b3a10_0 .net *"_s3", 27 0, L_0x7fb69993d018;  1 drivers
v0x55f8db6b3af0_0 .net *"_s36", 64 0, L_0x55f8db6cbab0;  1 drivers
v0x55f8db6b3bd0_0 .net *"_s38", 4 0, L_0x55f8db6cbbc0;  1 drivers
L_0x7fb69993d060 .functor BUFT 1, C4<00000000000000000000000000001001>, C4<0>, C4<0>, C4<0>;
v0x55f8db6b3cb0_0 .net/2u *"_s4", 31 0, L_0x7fb69993d060;  1 drivers
L_0x7fb69993d180 .functor BUFT 1, C4<0>, C4<0>, C4<0>, C4<0>;
v0x55f8db6b3d90_0 .net *"_s41", 0 0, L_0x7fb69993d180;  1 drivers
v0x55f8db6b3e70_0 .net *"_s46", 31 0, L_0x55f8db6cbf10;  1 drivers
L_0x7fb69993d1c8 .functor BUFT 1, C4<00000000000000000000000000000>, C4<0>, C4<0>, C4<0>;
v0x55f8db6b3f50_0 .net *"_s49", 28 0, L_0x7fb69993d1c8;  1 drivers
L_0x7fb69993d210 .functor BUFT 1, C4<00000000000000000000000000000100>, C4<0>, C4<0>, C4<0>;
v0x55f8db6b4030_0 .net/2u *"_s50", 31 0, L_0x7fb69993d210;  1 drivers
v0x55f8db6b4220_0 .net *"_s8", 64 0, L_0x55f8db6cafc0;  1 drivers
v0x55f8db6b4300_0 .var "cs_", 2 0;
v0x55f8db6b43e0_0 .var/i "error", 31 0;
v0x55f8db6b44c0_0 .net "i_clk", 0 0, v0x55f8db686d30_0;  alias, 1 drivers
v0x55f8db6b4560_0 .net "i_data", 31 0, L_0x55f8db6bab10;  alias, 1 drivers
v0x55f8db6b4620_0 .net "i_rst_n", 0 0, v0x55f8db687bc0_0;  alias, 1 drivers
v0x55f8db6b9f80_0 .array/port v0x55f8db6b9f80, 0;
v0x55f8db6b46c0_0 .net "i_start", 0 0, v0x55f8db6b9f80_0;  1 drivers
v0x55f8db6b4760_0 .net "i_valid", 0 0, L_0x55f8db6babd0;  alias, 1 drivers
v0x55f8db6b4830_0 .var "idx_r", 3 0;
v0x55f8db6b48f0_0 .var "idx_w", 3 0;
v0x55f8db6b49d0_0 .net "input_A", 31 0, L_0x55f8db6cb220;  1 drivers
v0x55f8db6b4ab0_0 .net "input_B", 31 0, L_0x55f8db6cb530;  1 drivers
v0x55f8db6b4b90 .array "input_array", 9 0, 64 0;
v0x55f8db6b4d90_0 .var "ns_", 2 0;
v0x55f8db6b4e70_0 .net "o_data_a", 31 0, L_0x55f8db6859a0;  alias, 1 drivers
v0x55f8db6b4f50_0 .var "o_data_a_r", 31 0;
v0x55f8db6b5240_0 .var "o_data_a_w", 31 0;
v0x55f8db6b5320_0 .net "o_data_b", 31 0, L_0x55f8db685a10;  alias, 1 drivers
v0x55f8db6b5400_0 .var "o_data_b_r", 31 0;
v0x55f8db6b54e0_0 .var "o_data_b_w", 31 0;
v0x55f8db6b55c0_0 .net "o_done", 0 0, L_0x55f8db6cc000;  alias, 1 drivers
v0x55f8db6b5680_0 .net "o_inst", 0 0, L_0x55f8db6cbd00;  alias, 1 drivers
v0x55f8db6b5760_0 .net "o_valid", 0 0, L_0x55f8db6cbb50;  alias, 1 drivers
v0x55f8db6b5820_0 .var "o_valid_r", 0 0;
v0x55f8db6b58e0_0 .var "o_valid_w", 0 0;
v0x55f8db6b59a0 .array "output_array", 9 0, 64 0;
v0x55f8db6b5a60_0 .net "output_data", 31 0, L_0x55f8db6cb920;  1 drivers
v0x55f8db6b5b40_0 .net "test_finish", 0 0, L_0x55f8db6cae50;  1 drivers
E_0x55f8db6b2f90 .event negedge, v0x55f8db687bc0_0, v0x55f8db686d30_0;
E_0x55f8db6b3010 .event negedge, v0x55f8db686d30_0;
v0x55f8db6b4b90_0 .array/port v0x55f8db6b4b90, 0;
v0x55f8db6b4b90_1 .array/port v0x55f8db6b4b90, 1;
E_0x55f8db6b3070/0 .event edge, v0x55f8db6b4830_0, v0x55f8db6b4300_0, v0x55f8db6b4b90_0, v0x55f8db6b4b90_1;
v0x55f8db6b4b90_2 .array/port v0x55f8db6b4b90, 2;
v0x55f8db6b4b90_3 .array/port v0x55f8db6b4b90, 3;
v0x55f8db6b4b90_4 .array/port v0x55f8db6b4b90, 4;
v0x55f8db6b4b90_5 .array/port v0x55f8db6b4b90, 5;
E_0x55f8db6b3070/1 .event edge, v0x55f8db6b4b90_2, v0x55f8db6b4b90_3, v0x55f8db6b4b90_4, v0x55f8db6b4b90_5;
v0x55f8db6b4b90_6 .array/port v0x55f8db6b4b90, 6;
v0x55f8db6b4b90_7 .array/port v0x55f8db6b4b90, 7;
v0x55f8db6b4b90_8 .array/port v0x55f8db6b4b90, 8;
v0x55f8db6b4b90_9 .array/port v0x55f8db6b4b90, 9;
E_0x55f8db6b3070/2 .event edge, v0x55f8db6b4b90_6, v0x55f8db6b4b90_7, v0x55f8db6b4b90_8, v0x55f8db6b4b90_9;
E_0x55f8db6b3070/3 .event edge, v0x55f8db6b1e20_0, v0x55f8db6b5b40_0;
E_0x55f8db6b3070 .event/or E_0x55f8db6b3070/0, E_0x55f8db6b3070/1, E_0x55f8db6b3070/2, E_0x55f8db6b3070/3;
E_0x55f8db6b3130 .event edge, v0x55f8db6b4300_0, v0x55f8db6b46c0_0, v0x55f8db6b1e20_0, v0x55f8db6b5b40_0;
L_0x55f8db6bad20 .concat [ 4 28 0 0], v0x55f8db6b4830_0, L_0x7fb69993d018;
L_0x55f8db6cae50 .cmp/eq 32, L_0x55f8db6bad20, L_0x7fb69993d060;
L_0x55f8db6cafc0 .array/port v0x55f8db6b4b90, L_0x55f8db6cb060;
L_0x55f8db6cb060 .concat [ 4 1 0 0], v0x55f8db6b4830_0, L_0x7fb69993d0a8;
L_0x55f8db6cb220 .part L_0x55f8db6cafc0, 0, 32;
L_0x55f8db6cb310 .array/port v0x55f8db6b4b90, L_0x55f8db6cb3f0;
L_0x55f8db6cb3f0 .concat [ 4 1 0 0], v0x55f8db6b4830_0, L_0x7fb69993d0f0;
L_0x55f8db6cb530 .part L_0x55f8db6cb310, 32, 32;
L_0x55f8db6cb670 .array/port v0x55f8db6b59a0, L_0x55f8db6cb740;
L_0x55f8db6cb740 .concat [ 4 1 0 0], v0x55f8db6b4830_0, L_0x7fb69993d138;
L_0x55f8db6cb920 .part L_0x55f8db6cb670, 0, 32;
L_0x55f8db6cbab0 .array/port v0x55f8db6b4b90, L_0x55f8db6cbbc0;
L_0x55f8db6cbbc0 .concat [ 4 1 0 0], v0x55f8db6b4830_0, L_0x7fb69993d180;
L_0x55f8db6cbd00 .part L_0x55f8db6cbab0, 64, 1;
L_0x55f8db6cbf10 .concat [ 3 29 0 0], v0x55f8db6b4300_0, L_0x7fb69993d1c8;
L_0x55f8db6cc000 .cmp/eq 32, L_0x55f8db6cbf10, L_0x7fb69993d210;
S_0x55f8db6b5d40 .scope generate, "test_unit[1]" "test_unit[1]" 2 111, 2 111 0, S_0x55f8db67c4a0;
 .timescale -9 -12;
P_0x55f8db6b0480 .param/l "i" 0 2 111, +C4<01>;
S_0x55f8db6b5f70 .scope module, "inst" "test_interface" 2 116, 2 194 0, S_0x55f8db6b5d40;
 .timescale -9 -12;
    .port_info 0 /INPUT 1 "i_clk"
    .port_info 1 /INPUT 1 "i_rst_n"
    .port_info 2 /INPUT 1 "i_start"
    .port_info 3 /INPUT 32 "i_data"
    .port_info 4 /INPUT 1 "i_valid"
    .port_info 5 /OUTPUT 32 "o_data_a"
    .port_info 6 /OUTPUT 32 "o_data_b"
    .port_info 7 /OUTPUT 1 "o_inst"
    .port_info 8 /OUTPUT 1 "o_valid"
    .port_info 9 /OUTPUT 1 "o_done"
P_0x55f8db6b60f0 .param/l "DATA_WIDTH" 0 2 195, +C4<00000000000000000000000000100000>;
P_0x55f8db6b6130 .param/l "Done" 1 2 218, +C4<00000000000000000000000000000011>;
P_0x55f8db6b6170 .param/l "Finish" 1 2 219, +C4<00000000000000000000000000000100>;
P_0x55f8db6b61b0 .param/l "INST_WIDTH" 0 2 196, +C4<00000000000000000000000000000001>;
P_0x55f8db6b61f0 .param/l "Idle_" 1 2 215, +C4<00000000000000000000000000000000>;
P_0x55f8db6b6230 .param/l "NUM_OF_TEST" 0 2 197, +C4<00000000000000000000000000001010>;
P_0x55f8db6b6270 .param/l "Read" 1 2 216, +C4<00000000000000000000000000000001>;
P_0x55f8db6b62b0 .param/l "Write" 1 2 217, +C4<00000000000000000000000000000010>;
L_0x55f8db68c5e0 .functor BUFZ 32, v0x55f8db6b8640_0, C4<00000000000000000000000000000000>, C4<00000000000000000000000000000000>, C4<00000000000000000000000000000000>;
L_0x55f8db6ccee0 .functor BUFZ 32, v0x55f8db6b8af0_0, C4<00000000000000000000000000000000>, C4<00000000000000000000000000000000>, C4<00000000000000000000000000000000>;
L_0x55f8db6cd040 .functor BUFZ 1, v0x55f8db6b8f10_0, C4<0>, C4<0>, C4<0>;
v0x55f8db6b6950_0 .net *"_s0", 31 0, L_0x55f8db6cc220;  1 drivers
v0x55f8db6b6a50_0 .net *"_s10", 4 0, L_0x55f8db6cc560;  1 drivers
L_0x7fb69993d2e8 .functor BUFT 1, C4<0>, C4<0>, C4<0>, C4<0>;
v0x55f8db6b6b30_0 .net *"_s13", 0 0, L_0x7fb69993d2e8;  1 drivers
v0x55f8db6b6c20_0 .net *"_s16", 64 0, L_0x55f8db6cc810;  1 drivers
v0x55f8db6b6d00_0 .net *"_s18", 4 0, L_0x55f8db6cc8f0;  1 drivers
L_0x7fb69993d330 .functor BUFT 1, C4<0>, C4<0>, C4<0>, C4<0>;
v0x55f8db6b6e30_0 .net *"_s21", 0 0, L_0x7fb69993d330;  1 drivers
v0x55f8db6b6f10_0 .net *"_s24", 64 0, L_0x55f8db6ccb70;  1 drivers
v0x55f8db6b6ff0_0 .net *"_s26", 4 0, L_0x55f8db6ccc10;  1 drivers
L_0x7fb69993d378 .functor BUFT 1, C4<0>, C4<0>, C4<0>, C4<0>;
v0x55f8db6b70d0_0 .net *"_s29", 0 0, L_0x7fb69993d378;  1 drivers
L_0x7fb69993d258 .functor BUFT 1, C4<0000000000000000000000000000>, C4<0>, C4<0>, C4<0>;
v0x55f8db6b71b0_0 .net *"_s3", 27 0, L_0x7fb69993d258;  1 drivers
v0x55f8db6b7290_0 .net *"_s36", 64 0, L_0x55f8db6ccfa0;  1 drivers
v0x55f8db6b7370_0 .net *"_s38", 4 0, L_0x55f8db6cd0e0;  1 drivers
L_0x7fb69993d2a0 .functor BUFT 1, C4<00000000000000000000000000001001>, C4<0>, C4<0>, C4<0>;
v0x55f8db6b7450_0 .net/2u *"_s4", 31 0, L_0x7fb69993d2a0;  1 drivers
L_0x7fb69993d3c0 .functor BUFT 1, C4<0>, C4<0>, C4<0>, C4<0>;
v0x55f8db6b7530_0 .net *"_s41", 0 0, L_0x7fb69993d3c0;  1 drivers
v0x55f8db6b7610_0 .net *"_s46", 31 0, L_0x55f8db6cd430;  1 drivers
L_0x7fb69993d408 .functor BUFT 1, C4<00000000000000000000000000000>, C4<0>, C4<0>, C4<0>;
v0x55f8db6b76f0_0 .net *"_s49", 28 0, L_0x7fb69993d408;  1 drivers
L_0x7fb69993d450 .functor BUFT 1, C4<00000000000000000000000000000100>, C4<0>, C4<0>, C4<0>;
v0x55f8db6b77d0_0 .net/2u *"_s50", 31 0, L_0x7fb69993d450;  1 drivers
v0x55f8db6b78b0_0 .net *"_s8", 64 0, L_0x55f8db6cc4c0;  1 drivers
v0x55f8db6b7990_0 .var "cs_", 2 0;
v0x55f8db6b7a70_0 .var/i "error", 31 0;
v0x55f8db6b7b50_0 .net "i_clk", 0 0, v0x55f8db686d30_0;  alias, 1 drivers
v0x55f8db6b7bf0_0 .net "i_data", 31 0, L_0x55f8db6bab10;  alias, 1 drivers
v0x55f8db6b7cb0_0 .net "i_rst_n", 0 0, v0x55f8db687bc0_0;  alias, 1 drivers
v0x55f8db6b9f80_1 .array/port v0x55f8db6b9f80, 1;
v0x55f8db6b7d50_0 .net "i_start", 0 0, v0x55f8db6b9f80_1;  1 drivers
v0x55f8db6b7e10_0 .net "i_valid", 0 0, L_0x55f8db6babd0;  alias, 1 drivers
v0x55f8db6b7f00_0 .var "idx_r", 3 0;
v0x55f8db6b7fe0_0 .var "idx_w", 3 0;
v0x55f8db6b80c0_0 .net "input_A", 31 0, L_0x55f8db6cc720;  1 drivers
v0x55f8db6b81a0_0 .net "input_B", 31 0, L_0x55f8db6cca30;  1 drivers
v0x55f8db6b8280 .array "input_array", 9 0, 64 0;
v0x55f8db6b8480_0 .var "ns_", 2 0;
v0x55f8db6b8560_0 .net "o_data_a", 31 0, L_0x55f8db68c5e0;  alias, 1 drivers
v0x55f8db6b8640_0 .var "o_data_a_r", 31 0;
v0x55f8db6b8930_0 .var "o_data_a_w", 31 0;
v0x55f8db6b8a10_0 .net "o_data_b", 31 0, L_0x55f8db6ccee0;  alias, 1 drivers
v0x55f8db6b8af0_0 .var "o_data_b_r", 31 0;
v0x55f8db6b8bd0_0 .var "o_data_b_w", 31 0;
v0x55f8db6b8cb0_0 .net "o_done", 0 0, L_0x55f8db6cd520;  alias, 1 drivers
v0x55f8db6b8d70_0 .net "o_inst", 0 0, L_0x55f8db6cd220;  alias, 1 drivers
v0x55f8db6b8e50_0 .net "o_valid", 0 0, L_0x55f8db6cd040;  alias, 1 drivers
v0x55f8db6b8f10_0 .var "o_valid_r", 0 0;
v0x55f8db6b8fd0_0 .var "o_valid_w", 0 0;
v0x55f8db6b9090 .array "output_array", 9 0, 64 0;
v0x55f8db6b9150_0 .net "output_data", 31 0, L_0x55f8db6ccdf0;  1 drivers
v0x55f8db6b9230_0 .net "test_finish", 0 0, L_0x55f8db6cc3a0;  1 drivers
v0x55f8db6b8280_0 .array/port v0x55f8db6b8280, 0;
v0x55f8db6b8280_1 .array/port v0x55f8db6b8280, 1;
E_0x55f8db6b6800/0 .event edge, v0x55f8db6b7f00_0, v0x55f8db6b7990_0, v0x55f8db6b8280_0, v0x55f8db6b8280_1;
v0x55f8db6b8280_2 .array/port v0x55f8db6b8280, 2;
v0x55f8db6b8280_3 .array/port v0x55f8db6b8280, 3;
v0x55f8db6b8280_4 .array/port v0x55f8db6b8280, 4;
v0x55f8db6b8280_5 .array/port v0x55f8db6b8280, 5;
E_0x55f8db6b6800/1 .event edge, v0x55f8db6b8280_2, v0x55f8db6b8280_3, v0x55f8db6b8280_4, v0x55f8db6b8280_5;
v0x55f8db6b8280_6 .array/port v0x55f8db6b8280, 6;
v0x55f8db6b8280_7 .array/port v0x55f8db6b8280, 7;
v0x55f8db6b8280_8 .array/port v0x55f8db6b8280, 8;
v0x55f8db6b8280_9 .array/port v0x55f8db6b8280, 9;
E_0x55f8db6b6800/2 .event edge, v0x55f8db6b8280_6, v0x55f8db6b8280_7, v0x55f8db6b8280_8, v0x55f8db6b8280_9;
E_0x55f8db6b6800/3 .event edge, v0x55f8db6b1e20_0, v0x55f8db6b9230_0;
E_0x55f8db6b6800 .event/or E_0x55f8db6b6800/0, E_0x55f8db6b6800/1, E_0x55f8db6b6800/2, E_0x55f8db6b6800/3;
E_0x55f8db6b68e0 .event edge, v0x55f8db6b7990_0, v0x55f8db6b7d50_0, v0x55f8db6b1e20_0, v0x55f8db6b9230_0;
L_0x55f8db6cc220 .concat [ 4 28 0 0], v0x55f8db6b7f00_0, L_0x7fb69993d258;
L_0x55f8db6cc3a0 .cmp/eq 32, L_0x55f8db6cc220, L_0x7fb69993d2a0;
L_0x55f8db6cc4c0 .array/port v0x55f8db6b8280, L_0x55f8db6cc560;
L_0x55f8db6cc560 .concat [ 4 1 0 0], v0x55f8db6b7f00_0, L_0x7fb69993d2e8;
L_0x55f8db6cc720 .part L_0x55f8db6cc4c0, 0, 32;
L_0x55f8db6cc810 .array/port v0x55f8db6b8280, L_0x55f8db6cc8f0;
L_0x55f8db6cc8f0 .concat [ 4 1 0 0], v0x55f8db6b7f00_0, L_0x7fb69993d330;
L_0x55f8db6cca30 .part L_0x55f8db6cc810, 32, 32;
L_0x55f8db6ccb70 .array/port v0x55f8db6b9090, L_0x55f8db6ccc10;
L_0x55f8db6ccc10 .concat [ 4 1 0 0], v0x55f8db6b7f00_0, L_0x7fb69993d378;
L_0x55f8db6ccdf0 .part L_0x55f8db6ccb70, 0, 32;
L_0x55f8db6ccfa0 .array/port v0x55f8db6b8280, L_0x55f8db6cd0e0;
L_0x55f8db6cd0e0 .concat [ 4 1 0 0], v0x55f8db6b7f00_0, L_0x7fb69993d3c0;
L_0x55f8db6cd220 .part L_0x55f8db6ccfa0, 64, 1;
L_0x55f8db6cd430 .concat [ 3 29 0 0], v0x55f8db6b7990_0, L_0x7fb69993d408;
L_0x55f8db6cd520 .cmp/eq 32, L_0x55f8db6cd430, L_0x7fb69993d450;
    .scope S_0x55f8db67b100;
T_0 ;
    %wait E_0x55f8db62d350;
    %load/vec4 v0x55f8db6af210_0;
    %flag_set/vec4 8;
    %jmp/0xz  T_0.0, 8;
    %pushi/vec4 1, 0, 1;
    %store/vec4 v0x55f8db6af6f0_0, 0, 1;
    %load/vec4 v0x55f8db6aeac0_0;
    %parti/s 1, 31, 6;
    %store/vec4 v0x55f8db6af0b0_0, 0, 1;
    %load/vec4 v0x55f8db6aeb80_0;
    %parti/s 1, 31, 6;
    %store/vec4 v0x55f8db6af150_0, 0, 1;
    %load/vec4 v0x55f8db6aeac0_0;
    %parti/s 8, 23, 6;
    %store/vec4 v0x55f8db6aec60_0, 0, 8;
    %load/vec4 v0x55f8db6aeb80_0;
    %parti/s 8, 23, 6;
    %store/vec4 v0x55f8db6aed40_0, 0, 8;
    %pushi/vec4 1, 0, 1;
    %load/vec4 v0x55f8db6aeac0_0;
    %parti/s 23, 0, 2;
    %concat/vec4; draw_concat_vec4
    %concati/vec4 0, 0, 3;
    %store/vec4 v0x55f8db6aee20_0, 0, 27;
    %pushi/vec4 1, 0, 1;
    %load/vec4 v0x55f8db6aeb80_0;
    %parti/s 23, 0, 2;
    %concat/vec4; draw_concat_vec4
    %concati/vec4 0, 0, 3;
    %store/vec4 v0x55f8db6aef00_0, 0, 27;
    %load/vec4 v0x55f8db6af0b0_0;
    %store/vec4 v0x55f8db6af7b0_0, 0, 1;
    %load/vec4 v0x55f8db6af150_0;
    %store/vec4 v0x55f8db6af870_0, 0, 1;
    %load/vec4 v0x55f8db6aed40_0;
    %load/vec4 v0x55f8db6aec60_0;
    %cmp/u;
    %jmp/0xz  T_0.2, 5;
    %load/vec4 v0x55f8db6aec60_0;
    %load/vec4 v0x55f8db6aed40_0;
    %sub;
    %store/vec4 v0x55f8db691850_0, 0, 8;
    %load/vec4 v0x55f8db6aec60_0;
    %store/vec4 v0x55f8db687c60_0, 0, 8;
    %load/vec4 v0x55f8db6aec60_0;
    %store/vec4 v0x55f8db66d7b0_0, 0, 8;
    %load/vec4 v0x55f8db6aee20_0;
    %store/vec4 v0x55f8db6918f0_0, 0, 27;
    %load/vec4 v0x55f8db6aef00_0;
    %ix/getv 4, v0x55f8db691850_0;
    %shiftr 4;
    %store/vec4 v0x55f8db6ae860_0, 0, 27;
    %jmp T_0.3;
T_0.2 ;
    %load/vec4 v0x55f8db6aec60_0;
    %load/vec4 v0x55f8db6aed40_0;
    %cmp/u;
    %jmp/0xz  T_0.4, 5;
    %load/vec4 v0x55f8db6aed40_0;
    %load/vec4 v0x55f8db6aec60_0;
    %sub;
    %store/vec4 v0x55f8db691850_0, 0, 8;
    %load/vec4 v0x55f8db6aed40_0;
    %store/vec4 v0x55f8db66d7b0_0, 0, 8;
    %load/vec4 v0x55f8db6aed40_0;
    %store/vec4 v0x55f8db687c60_0, 0, 8;
    %load/vec4 v0x55f8db6aef00_0;
    %store/vec4 v0x55f8db6ae860_0, 0, 27;
    %load/vec4 v0x55f8db6aee20_0;
    %ix/getv 4, v0x55f8db691850_0;
    %shiftr 4;
    %store/vec4 v0x55f8db6918f0_0, 0, 27;
    %jmp T_0.5;
T_0.4 ;
    %pushi/vec4 0, 0, 8;
    %store/vec4 v0x55f8db691850_0, 0, 8;
    %load/vec4 v0x55f8db6aed40_0;
    %store/vec4 v0x55f8db66d7b0_0, 0, 8;
    %load/vec4 v0x55f8db6aec60_0;
    %store/vec4 v0x55f8db687c60_0, 0, 8;
    %load/vec4 v0x55f8db6aef00_0;
    %store/vec4 v0x55f8db6ae860_0, 0, 27;
    %load/vec4 v0x55f8db6aee20_0;
    %store/vec4 v0x55f8db6918f0_0, 0, 27;
T_0.5 ;
T_0.3 ;
    %load/vec4 v0x55f8db6af7b0_0;
    %load/vec4 v0x55f8db6af870_0;
    %cmp/e;
    %jmp/0xz  T_0.6, 4;
    %load/vec4 v0x55f8db6918f0_0;
    %pad/u 28;
    %load/vec4 v0x55f8db6ae860_0;
    %pad/u 28;
    %add;
    %store/vec4 v0x55f8db6af9f0_0, 0, 28;
    %load/vec4 v0x55f8db6af7b0_0;
    %store/vec4 v0x55f8db6af930_0, 0, 1;
    %jmp T_0.7;
T_0.6 ;
    %load/vec4 v0x55f8db6ae860_0;
    %load/vec4 v0x55f8db6918f0_0;
    %cmp/u;
    %flag_or 5, 4;
    %jmp/0xz  T_0.8, 5;
    %load/vec4 v0x55f8db6918f0_0;
    %pad/u 28;
    %load/vec4 v0x55f8db6ae860_0;
    %pad/u 28;
    %sub;
    %store/vec4 v0x55f8db6af9f0_0, 0, 28;
    %load/vec4 v0x55f8db6af7b0_0;
    %store/vec4 v0x55f8db6af930_0, 0, 1;
    %jmp T_0.9;
T_0.8 ;
    %load/vec4 v0x55f8db6ae860_0;
    %pad/u 28;
    %load/vec4 v0x55f8db6918f0_0;
    %pad/u 28;
    %sub;
    %store/vec4 v0x55f8db6af9f0_0, 0, 28;
    %load/vec4 v0x55f8db6af870_0;
    %store/vec4 v0x55f8db6af930_0, 0, 1;
T_0.9 ;
T_0.7 ;
    %load/vec4 v0x55f8db6af9f0_0;
    %parti/s 1, 27, 6;
    %flag_set/vec4 8;
    %jmp/0xz  T_0.10, 8;
    %load/vec4 v0x55f8db687c60_0;
    %addi 1, 0, 8;
    %store/vec4 v0x55f8db66d850_0, 0, 8;
    %load/vec4 v0x55f8db6af9f0_0;
    %parti/s 1, 3, 3;
    %load/vec4 v0x55f8db6af9f0_0;
    %parti/s 1, 2, 3;
    %load/vec4 v0x55f8db6af9f0_0;
    %parti/s 1, 1, 2;
    %or;
    %load/vec4 v0x55f8db6af9f0_0;
    %parti/s 1, 0, 2;
    %or;
    %concat/vec4; draw_concat_vec4
    %dup/vec4;
    %pushi/vec4 3, 0, 2;
    %cmp/u;
    %jmp/1 T_0.12, 6;
    %dup/vec4;
    %pushi/vec4 2, 0, 2;
    %cmp/u;
    %jmp/1 T_0.13, 6;
    %load/vec4 v0x55f8db6af9f0_0;
    %parti/s 23, 4, 4;
    %store/vec4 v0x55f8db6ae940_0, 0, 23;
    %jmp T_0.15;
T_0.12 ;
    %load/vec4 v0x55f8db6af9f0_0;
    %parti/s 23, 4, 4;
    %addi 1, 0, 23;
    %store/vec4 v0x55f8db6ae940_0, 0, 23;
    %jmp T_0.15;
T_0.13 ;
    %load/vec4 v0x55f8db6af9f0_0;
    %parti/s 1, 4, 4;
    %flag_set/vec4 8;
    %jmp/0 T_0.16, 8;
    %load/vec4 v0x55f8db6af9f0_0;
    %parti/s 23, 4, 4;
    %addi 1, 0, 23;
    %jmp/1 T_0.17, 8;
T_0.16 ; End of true expr.
    %load/vec4 v0x55f8db6af9f0_0;
    %parti/s 23, 4, 4;
    %jmp/0 T_0.17, 8;
 ; End of false expr.
    %blend;
T_0.17;
    %store/vec4 v0x55f8db6ae940_0, 0, 23;
    %jmp T_0.15;
T_0.15 ;
    %pop/vec4 1;
    %jmp T_0.11;
T_0.10 ;
    %load/vec4 v0x55f8db687c60_0;
    %store/vec4 v0x55f8db66d850_0, 0, 8;
    %load/vec4 v0x55f8db6af9f0_0;
    %parti/s 1, 2, 3;
    %load/vec4 v0x55f8db6af9f0_0;
    %parti/s 1, 1, 2;
    %load/vec4 v0x55f8db6af9f0_0;
    %parti/s 1, 0, 2;
    %or;
    %concat/vec4; draw_concat_vec4
    %dup/vec4;
    %pushi/vec4 3, 0, 2;
    %cmp/u;
    %jmp/1 T_0.18, 6;
    %dup/vec4;
    %pushi/vec4 2, 0, 2;
    %cmp/u;
    %jmp/1 T_0.19, 6;
    %load/vec4 v0x55f8db6af9f0_0;
    %parti/s 23, 3, 3;
    %store/vec4 v0x55f8db6ae940_0, 0, 23;
    %jmp T_0.21;
T_0.18 ;
    %load/vec4 v0x55f8db6af9f0_0;
    %parti/s 23, 3, 3;
    %addi 1, 0, 23;
    %store/vec4 v0x55f8db6ae940_0, 0, 23;
    %jmp T_0.21;
T_0.19 ;
    %load/vec4 v0x55f8db6af9f0_0;
    %parti/s 1, 3, 3;
    %flag_set/vec4 8;
    %jmp/0 T_0.22, 8;
    %load/vec4 v0x55f8db6af9f0_0;
    %parti/s 23, 3, 3;
    %addi 1, 0, 23;
    %jmp/1 T_0.23, 8;
T_0.22 ; End of true expr.
    %load/vec4 v0x55f8db6af9f0_0;
    %parti/s 23, 3, 3;
    %jmp/0 T_0.23, 8;
 ; End of false expr.
    %blend;
T_0.23;
    %store/vec4 v0x55f8db6ae940_0, 0, 23;
    %jmp T_0.21;
T_0.21 ;
    %pop/vec4 1;
T_0.11 ;
    %load/vec4 v0x55f8db6af930_0;
    %load/vec4 v0x55f8db66d850_0;
    %concat/vec4; draw_concat_vec4
    %load/vec4 v0x55f8db6ae940_0;
    %concat/vec4; draw_concat_vec4
    %store/vec4 v0x55f8db6af490_0, 0, 32;
    %jmp T_0.1;
T_0.0 ;
    %pushi/vec4 0, 0, 32;
    %store/vec4 v0x55f8db6af490_0, 0, 32;
    %pushi/vec4 0, 0, 1;
    %store/vec4 v0x55f8db6af6f0_0, 0, 1;
T_0.1 ;
    %jmp T_0;
    .thread T_0, $push;
    .scope S_0x55f8db67b100;
T_1 ;
    %wait E_0x55f8db62c150;
    %load/vec4 v0x55f8db6aefe0_0;
    %inv;
    %flag_set/vec4 8;
    %jmp/0xz  T_1.0, 8;
    %pushi/vec4 0, 0, 1;
    %assign/vec4 v0x55f8db6af630_0, 0;
    %pushi/vec4 0, 0, 32;
    %assign/vec4 v0x55f8db6af3b0_0, 0;
    %jmp T_1.1;
T_1.0 ;
    %load/vec4 v0x55f8db6af6f0_0;
    %assign/vec4 v0x55f8db6af630_0, 0;
    %load/vec4 v0x55f8db6af490_0;
    %assign/vec4 v0x55f8db6af3b0_0, 0;
T_1.1 ;
    %jmp T_1;
    .thread T_1;
    .scope S_0x55f8db6819c0;
T_2 ;
    %wait E_0x55f8db691470;
    %load/vec4 v0x55f8db6b0cc0_0;
    %flag_set/vec4 8;
    %jmp/0xz  T_2.0, 8;
    %pushi/vec4 1, 0, 1;
    %store/vec4 v0x55f8db6b1240_0, 0, 1;
    %load/vec4 v0x55f8db6b04d0_0;
    %parti/s 1, 31, 6;
    %store/vec4 v0x55f8db6b0a30_0, 0, 1;
    %load/vec4 v0x55f8db6b0590_0;
    %parti/s 1, 31, 6;
    %store/vec4 v0x55f8db6b0af0_0, 0, 1;
    %load/vec4 v0x55f8db6b04d0_0;
    %parti/s 8, 23, 6;
    %store/vec4 v0x55f8db6b0630_0, 0, 8;
    %load/vec4 v0x55f8db6b0590_0;
    %parti/s 8, 23, 6;
    %store/vec4 v0x55f8db6b06f0_0, 0, 8;
    %pushi/vec4 1, 0, 1;
    %load/vec4 v0x55f8db6b04d0_0;
    %parti/s 23, 0, 2;
    %concat/vec4; draw_concat_vec4
    %concati/vec4 0, 0, 3;
    %store/vec4 v0x55f8db6b07d0_0, 0, 27;
    %pushi/vec4 1, 0, 1;
    %load/vec4 v0x55f8db6b0590_0;
    %parti/s 23, 0, 2;
    %concat/vec4; draw_concat_vec4
    %concati/vec4 0, 0, 3;
    %store/vec4 v0x55f8db6b08b0_0, 0, 27;
    %load/vec4 v0x55f8db6b0a30_0;
    %store/vec4 v0x55f8db6b1300_0, 0, 1;
    %load/vec4 v0x55f8db6b0af0_0;
    %store/vec4 v0x55f8db6b13c0_0, 0, 1;
    %pushi/vec4 0, 0, 8;
    %store/vec4 v0x55f8db6b0010_0, 0, 8;
    %load/vec4 v0x55f8db6b06f0_0;
    %store/vec4 v0x55f8db6afe40_0, 0, 8;
    %load/vec4 v0x55f8db6b0630_0;
    %store/vec4 v0x55f8db6afd40_0, 0, 8;
    %load/vec4 v0x55f8db6b08b0_0;
    %store/vec4 v0x55f8db6b0220_0, 0, 27;
    %load/vec4 v0x55f8db6b07d0_0;
    %store/vec4 v0x55f8db6b00f0_0, 0, 27;
    %load/vec4 v0x55f8db6b1300_0;
    %load/vec4 v0x55f8db6b13c0_0;
    %cmp/e;
    %flag_mov 8, 4;
    %jmp/0 T_2.2, 8;
    %pushi/vec4 0, 0, 2;
    %jmp/1 T_2.3, 8;
T_2.2 ; End of true expr.
    %pushi/vec4 1, 0, 2;
    %jmp/0 T_2.3, 8;
 ; End of false expr.
    %blend;
T_2.3;
    %pad/s 1;
    %store/vec4 v0x55f8db6b1480_0, 0, 1;
    %load/vec4 v0x55f8db6b0220_0;
    %pad/u 54;
    %load/vec4 v0x55f8db6b00f0_0;
    %pad/u 54;
    %mul;
    %store/vec4 v0x55f8db6b0d60_0, 0, 54;
    %load/vec4 v0x55f8db6b0d60_0;
    %parti/s 1, 53, 7;
    %flag_set/vec4 8;
    %jmp/0xz  T_2.4, 8;
    %load/vec4 v0x55f8db6afd40_0;
    %load/vec4 v0x55f8db6afe40_0;
    %add;
    %addi 130, 0, 8;
    %store/vec4 v0x55f8db6aff20_0, 0, 8;
    %load/vec4 v0x55f8db6b0d60_0;
    %parti/s 1, 29, 6;
    %load/vec4 v0x55f8db6b0d60_0;
    %parti/s 29, 0, 2;
    %pad/u 32;
    %pushi/vec4 0, 0, 32;
    %cmp/e;
    %flag_get/vec4 4;
    %inv;
    %concat/vec4; draw_concat_vec4
    %dup/vec4;
    %pushi/vec4 3, 0, 2;
    %cmp/u;
    %jmp/1 T_2.6, 6;
    %dup/vec4;
    %pushi/vec4 2, 0, 2;
    %cmp/u;
    %jmp/1 T_2.7, 6;
    %load/vec4 v0x55f8db6b0d60_0;
    %parti/s 23, 30, 6;
    %store/vec4 v0x55f8db6b0300_0, 0, 23;
    %jmp T_2.9;
T_2.6 ;
    %load/vec4 v0x55f8db6b0d60_0;
    %parti/s 23, 30, 6;
    %addi 1, 0, 23;
    %store/vec4 v0x55f8db6b0300_0, 0, 23;
    %jmp T_2.9;
T_2.7 ;
    %load/vec4 v0x55f8db6b0d60_0;
    %parti/s 1, 30, 6;
    %flag_set/vec4 8;
    %jmp/0 T_2.10, 8;
    %load/vec4 v0x55f8db6b0d60_0;
    %parti/s 23, 30, 6;
    %addi 1, 0, 23;
    %jmp/1 T_2.11, 8;
T_2.10 ; End of true expr.
    %load/vec4 v0x55f8db6b0d60_0;
    %parti/s 23, 30, 6;
    %jmp/0 T_2.11, 8;
 ; End of false expr.
    %blend;
T_2.11;
    %store/vec4 v0x55f8db6b0300_0, 0, 23;
    %jmp T_2.9;
T_2.9 ;
    %pop/vec4 1;
    %jmp T_2.5;
T_2.4 ;
    %load/vec4 v0x55f8db6afd40_0;
    %load/vec4 v0x55f8db6afe40_0;
    %add;
    %subi 127, 0, 8;
    %store/vec4 v0x55f8db6aff20_0, 0, 8;
    %load/vec4 v0x55f8db6b0d60_0;
    %parti/s 1, 28, 6;
    %load/vec4 v0x55f8db6b0d60_0;
    %parti/s 28, 0, 2;
    %pad/u 32;
    %pushi/vec4 0, 0, 32;
    %cmp/e;
    %flag_get/vec4 4;
    %inv;
    %concat/vec4; draw_concat_vec4
    %dup/vec4;
    %pushi/vec4 3, 0, 2;
    %cmp/u;
    %jmp/1 T_2.12, 6;
    %dup/vec4;
    %pushi/vec4 2, 0, 2;
    %cmp/u;
    %jmp/1 T_2.13, 6;
    %load/vec4 v0x55f8db6b0d60_0;
    %parti/s 23, 29, 6;
    %store/vec4 v0x55f8db6b0300_0, 0, 23;
    %jmp T_2.15;
T_2.12 ;
    %load/vec4 v0x55f8db6b0d60_0;
    %parti/s 23, 29, 6;
    %addi 1, 0, 23;
    %store/vec4 v0x55f8db6b0300_0, 0, 23;
    %jmp T_2.15;
T_2.13 ;
    %load/vec4 v0x55f8db6b0d60_0;
    %parti/s 1, 29, 6;
    %flag_set/vec4 8;
    %jmp/0 T_2.16, 8;
    %load/vec4 v0x55f8db6b0d60_0;
    %parti/s 23, 29, 6;
    %addi 1, 0, 23;
    %jmp/1 T_2.17, 8;
T_2.16 ; End of true expr.
    %load/vec4 v0x55f8db6b0d60_0;
    %parti/s 23, 29, 6;
    %jmp/0 T_2.17, 8;
 ; End of false expr.
    %blend;
T_2.17;
    %store/vec4 v0x55f8db6b0300_0, 0, 23;
    %jmp T_2.15;
T_2.15 ;
    %pop/vec4 1;
T_2.5 ;
    %load/vec4 v0x55f8db6b1480_0;
    %load/vec4 v0x55f8db6aff20_0;
    %concat/vec4; draw_concat_vec4
    %load/vec4 v0x55f8db6b0300_0;
    %concat/vec4; draw_concat_vec4
    %store/vec4 v0x55f8db6b0fe0_0, 0, 32;
    %jmp T_2.1;
T_2.0 ;
    %pushi/vec4 0, 0, 32;
    %store/vec4 v0x55f8db6b0fe0_0, 0, 32;
    %pushi/vec4 0, 0, 1;
    %store/vec4 v0x55f8db6b1240_0, 0, 1;
T_2.1 ;
    %jmp T_2;
    .thread T_2, $push;
    .scope S_0x55f8db6819c0;
T_3 ;
    %wait E_0x55f8db62c150;
    %load/vec4 v0x55f8db6b0990_0;
    %inv;
    %flag_set/vec4 8;
    %jmp/0xz  T_3.0, 8;
    %pushi/vec4 0, 0, 1;
    %assign/vec4 v0x55f8db6b1180_0, 0;
    %pushi/vec4 0, 0, 32;
    %assign/vec4 v0x55f8db6b0f00_0, 0;
    %jmp T_3.1;
T_3.0 ;
    %load/vec4 v0x55f8db6b1240_0;
    %assign/vec4 v0x55f8db6b1180_0, 0;
    %load/vec4 v0x55f8db6b0fe0_0;
    %assign/vec4 v0x55f8db6b0f00_0, 0;
T_3.1 ;
    %jmp T_3;
    .thread T_3;
    .scope S_0x55f8db688470;
T_4 ;
    %wait E_0x55f8db6b3130;
    %load/vec4 v0x55f8db6b4300_0;
    %dup/vec4;
    %pushi/vec4 0, 0, 3;
    %cmp/u;
    %jmp/1 T_4.0, 6;
    %dup/vec4;
    %pushi/vec4 1, 0, 3;
    %cmp/u;
    %jmp/1 T_4.1, 6;
    %dup/vec4;
    %pushi/vec4 2, 0, 3;
    %cmp/u;
    %jmp/1 T_4.2, 6;
    %dup/vec4;
    %pushi/vec4 3, 0, 3;
    %cmp/u;
    %jmp/1 T_4.3, 6;
    %dup/vec4;
    %pushi/vec4 4, 0, 3;
    %cmp/u;
    %jmp/1 T_4.4, 6;
    %pushi/vec4 0, 0, 3;
    %store/vec4 v0x55f8db6b4d90_0, 0, 3;
    %jmp T_4.6;
T_4.0 ;
    %load/vec4 v0x55f8db6b46c0_0;
    %flag_set/vec4 8;
    %jmp/0 T_4.7, 8;
    %pushi/vec4 1, 0, 32;
    %jmp/1 T_4.8, 8;
T_4.7 ; End of true expr.
    %pushi/vec4 0, 0, 32;
    %jmp/0 T_4.8, 8;
 ; End of false expr.
    %blend;
T_4.8;
    %pad/s 3;
    %store/vec4 v0x55f8db6b4d90_0, 0, 3;
    %jmp T_4.6;
T_4.1 ;
    %pushi/vec4 2, 0, 3;
    %store/vec4 v0x55f8db6b4d90_0, 0, 3;
    %jmp T_4.6;
T_4.2 ;
    %load/vec4 v0x55f8db6b4760_0;
    %flag_set/vec4 8;
    %jmp/0 T_4.9, 8;
    %load/vec4 v0x55f8db6b5b40_0;
    %flag_set/vec4 9;
    %jmp/0 T_4.11, 9;
    %pushi/vec4 3, 0, 32;
    %jmp/1 T_4.12, 9;
T_4.11 ; End of true expr.
    %pushi/vec4 1, 0, 32;
    %jmp/0 T_4.12, 9;
 ; End of false expr.
    %blend;
T_4.12;
    %jmp/1 T_4.10, 8;
T_4.9 ; End of true expr.
    %pushi/vec4 2, 0, 32;
    %jmp/0 T_4.10, 8;
 ; End of false expr.
    %blend;
T_4.10;
    %pad/s 3;
    %store/vec4 v0x55f8db6b4d90_0, 0, 3;
    %jmp T_4.6;
T_4.3 ;
    %pushi/vec4 4, 0, 3;
    %store/vec4 v0x55f8db6b4d90_0, 0, 3;
    %jmp T_4.6;
T_4.4 ;
    %pushi/vec4 4, 0, 3;
    %store/vec4 v0x55f8db6b4d90_0, 0, 3;
    %jmp T_4.6;
T_4.6 ;
    %pop/vec4 1;
    %jmp T_4;
    .thread T_4, $push;
    .scope S_0x55f8db688470;
T_5 ;
    %wait E_0x55f8db6b3070;
    %load/vec4 v0x55f8db6b4830_0;
    %store/vec4 v0x55f8db6b48f0_0, 0, 4;
    %pushi/vec4 0, 0, 1;
    %store/vec4 v0x55f8db6b58e0_0, 0, 1;
    %pushi/vec4 0, 0, 32;
    %store/vec4 v0x55f8db6b5240_0, 0, 32;
    %pushi/vec4 0, 0, 32;
    %store/vec4 v0x55f8db6b54e0_0, 0, 32;
    %load/vec4 v0x55f8db6b4300_0;
    %dup/vec4;
    %pushi/vec4 1, 0, 3;
    %cmp/u;
    %jmp/1 T_5.0, 6;
    %dup/vec4;
    %pushi/vec4 2, 0, 3;
    %cmp/u;
    %jmp/1 T_5.1, 6;
    %jmp T_5.2;
T_5.0 ;
    %pushi/vec4 1, 0, 1;
    %store/vec4 v0x55f8db6b58e0_0, 0, 1;
    %load/vec4 v0x55f8db6b4830_0;
    %pad/u 5;
    %ix/vec4 4;
    %load/vec4a v0x55f8db6b4b90, 4;
    %parti/s 32, 0, 2;
    %store/vec4 v0x55f8db6b5240_0, 0, 32;
    %load/vec4 v0x55f8db6b4830_0;
    %pad/u 5;
    %ix/vec4 4;
    %load/vec4a v0x55f8db6b4b90, 4;
    %parti/s 32, 32, 7;
    %store/vec4 v0x55f8db6b54e0_0, 0, 32;
    %jmp T_5.2;
T_5.1 ;
    %load/vec4 v0x55f8db6b4760_0;
    %load/vec4 v0x55f8db6b5b40_0;
    %nor/r;
    %and;
    %flag_set/vec4 8;
    %jmp/0 T_5.3, 8;
    %load/vec4 v0x55f8db6b4830_0;
    %addi 1, 0, 4;
    %jmp/1 T_5.4, 8;
T_5.3 ; End of true expr.
    %load/vec4 v0x55f8db6b4830_0;
    %jmp/0 T_5.4, 8;
 ; End of false expr.
    %blend;
T_5.4;
    %store/vec4 v0x55f8db6b48f0_0, 0, 4;
    %jmp T_5.2;
T_5.2 ;
    %pop/vec4 1;
    %jmp T_5;
    .thread T_5, $push;
    .scope S_0x55f8db688470;
T_6 ;
    %wait E_0x55f8db6b3010;
    %load/vec4 v0x55f8db6b4300_0;
    %pad/u 32;
    %cmpi/e 0, 0, 32;
    %jmp/0xz  T_6.0, 4;
    %pushi/vec4 0, 0, 32;
    %store/vec4 v0x55f8db6b43e0_0, 0, 32;
    %jmp T_6.1;
T_6.0 ;
    %load/vec4 v0x55f8db6b4300_0;
    %pad/u 32;
    %pushi/vec4 2, 0, 32;
    %cmp/e;
    %flag_get/vec4 4;
    %load/vec4 v0x55f8db6b4760_0;
    %and;
    %flag_set/vec4 8;
    %jmp/0xz  T_6.2, 8;
    %load/vec4 v0x55f8db6b4560_0;
    %load/vec4 v0x55f8db6b5a60_0;
    %cmp/ne;
    %jmp/0xz  T_6.4, 6;
    %vpi_call 2 276 "$display", "Test #%d: Error! A=0x%x, B=0x%x, yours=0x%x, answer=0x%x", v0x55f8db6b4830_0, v0x55f8db6b49d0_0, v0x55f8db6b4ab0_0, v0x55f8db6b4560_0, v0x55f8db6b5a60_0 {0 0 0};
    %load/vec4 v0x55f8db6b43e0_0;
    %addi 1, 0, 32;
    %store/vec4 v0x55f8db6b43e0_0, 0, 32;
    %jmp T_6.5;
T_6.4 ;
    %vpi_call 2 280 "$display", "Test #%d: Correct!", v0x55f8db6b4830_0 {0 0 0};
T_6.5 ;
    %jmp T_6.3;
T_6.2 ;
    %load/vec4 v0x55f8db6b4300_0;
    %pad/u 32;
    %cmpi/e 3, 0, 32;
    %jmp/0xz  T_6.6, 4;
    %load/vec4 v0x55f8db6b43e0_0;
    %cmpi/e 0, 0, 32;
    %jmp/0xz  T_6.8, 4;
    %vpi_call 2 285 "$display", "ALL PASS!" {0 0 0};
    %jmp T_6.9;
T_6.8 ;
    %vpi_call 2 287 "$display", "#Errors: %d", v0x55f8db6b43e0_0 {0 0 0};
T_6.9 ;
T_6.6 ;
T_6.3 ;
T_6.1 ;
    %jmp T_6;
    .thread T_6;
    .scope S_0x55f8db688470;
T_7 ;
    %wait E_0x55f8db6b2f90;
    %load/vec4 v0x55f8db6b4620_0;
    %inv;
    %flag_set/vec4 8;
    %jmp/0xz  T_7.0, 8;
    %pushi/vec4 0, 0, 3;
    %assign/vec4 v0x55f8db6b4300_0, 0;
    %pushi/vec4 0, 0, 4;
    %assign/vec4 v0x55f8db6b4830_0, 0;
    %pushi/vec4 0, 0, 1;
    %assign/vec4 v0x55f8db6b5820_0, 0;
    %pushi/vec4 0, 0, 32;
    %assign/vec4 v0x55f8db6b4f50_0, 0;
    %pushi/vec4 0, 0, 32;
    %assign/vec4 v0x55f8db6b5400_0, 0;
    %jmp T_7.1;
T_7.0 ;
    %load/vec4 v0x55f8db6b4d90_0;
    %assign/vec4 v0x55f8db6b4300_0, 0;
    %load/vec4 v0x55f8db6b48f0_0;
    %assign/vec4 v0x55f8db6b4830_0, 0;
    %load/vec4 v0x55f8db6b58e0_0;
    %assign/vec4 v0x55f8db6b5820_0, 0;
    %load/vec4 v0x55f8db6b5240_0;
    %assign/vec4 v0x55f8db6b4f50_0, 0;
    %load/vec4 v0x55f8db6b54e0_0;
    %assign/vec4 v0x55f8db6b5400_0, 0;
T_7.1 ;
    %jmp T_7;
    .thread T_7;
    .scope S_0x55f8db6b5f70;
T_8 ;
    %wait E_0x55f8db6b68e0;
    %load/vec4 v0x55f8db6b7990_0;
    %dup/vec4;
    %pushi/vec4 0, 0, 3;
    %cmp/u;
    %jmp/1 T_8.0, 6;
    %dup/vec4;
    %pushi/vec4 1, 0, 3;
    %cmp/u;
    %jmp/1 T_8.1, 6;
    %dup/vec4;
    %pushi/vec4 2, 0, 3;
    %cmp/u;
    %jmp/1 T_8.2, 6;
    %dup/vec4;
    %pushi/vec4 3, 0, 3;
    %cmp/u;
    %jmp/1 T_8.3, 6;
    %dup/vec4;
    %pushi/vec4 4, 0, 3;
    %cmp/u;
    %jmp/1 T_8.4, 6;
    %pushi/vec4 0, 0, 3;
    %store/vec4 v0x55f8db6b8480_0, 0, 3;
    %jmp T_8.6;
T_8.0 ;
    %load/vec4 v0x55f8db6b7d50_0;
    %flag_set/vec4 8;
    %jmp/0 T_8.7, 8;
    %pushi/vec4 1, 0, 32;
    %jmp/1 T_8.8, 8;
T_8.7 ; End of true expr.
    %pushi/vec4 0, 0, 32;
    %jmp/0 T_8.8, 8;
 ; End of false expr.
    %blend;
T_8.8;
    %pad/s 3;
    %store/vec4 v0x55f8db6b8480_0, 0, 3;
    %jmp T_8.6;
T_8.1 ;
    %pushi/vec4 2, 0, 3;
    %store/vec4 v0x55f8db6b8480_0, 0, 3;
    %jmp T_8.6;
T_8.2 ;
    %load/vec4 v0x55f8db6b7e10_0;
    %flag_set/vec4 8;
    %jmp/0 T_8.9, 8;
    %load/vec4 v0x55f8db6b9230_0;
    %flag_set/vec4 9;
    %jmp/0 T_8.11, 9;
    %pushi/vec4 3, 0, 32;
    %jmp/1 T_8.12, 9;
T_8.11 ; End of true expr.
    %pushi/vec4 1, 0, 32;
    %jmp/0 T_8.12, 9;
 ; End of false expr.
    %blend;
T_8.12;
    %jmp/1 T_8.10, 8;
T_8.9 ; End of true expr.
    %pushi/vec4 2, 0, 32;
    %jmp/0 T_8.10, 8;
 ; End of false expr.
    %blend;
T_8.10;
    %pad/s 3;
    %store/vec4 v0x55f8db6b8480_0, 0, 3;
    %jmp T_8.6;
T_8.3 ;
    %pushi/vec4 4, 0, 3;
    %store/vec4 v0x55f8db6b8480_0, 0, 3;
    %jmp T_8.6;
T_8.4 ;
    %pushi/vec4 4, 0, 3;
    %store/vec4 v0x55f8db6b8480_0, 0, 3;
    %jmp T_8.6;
T_8.6 ;
    %pop/vec4 1;
    %jmp T_8;
    .thread T_8, $push;
    .scope S_0x55f8db6b5f70;
T_9 ;
    %wait E_0x55f8db6b6800;
    %load/vec4 v0x55f8db6b7f00_0;
    %store/vec4 v0x55f8db6b7fe0_0, 0, 4;
    %pushi/vec4 0, 0, 1;
    %store/vec4 v0x55f8db6b8fd0_0, 0, 1;
    %pushi/vec4 0, 0, 32;
    %store/vec4 v0x55f8db6b8930_0, 0, 32;
    %pushi/vec4 0, 0, 32;
    %store/vec4 v0x55f8db6b8bd0_0, 0, 32;
    %load/vec4 v0x55f8db6b7990_0;
    %dup/vec4;
    %pushi/vec4 1, 0, 3;
    %cmp/u;
    %jmp/1 T_9.0, 6;
    %dup/vec4;
    %pushi/vec4 2, 0, 3;
    %cmp/u;
    %jmp/1 T_9.1, 6;
    %jmp T_9.2;
T_9.0 ;
    %pushi/vec4 1, 0, 1;
    %store/vec4 v0x55f8db6b8fd0_0, 0, 1;
    %load/vec4 v0x55f8db6b7f00_0;
    %pad/u 5;
    %ix/vec4 4;
    %load/vec4a v0x55f8db6b8280, 4;
    %parti/s 32, 0, 2;
    %store/vec4 v0x55f8db6b8930_0, 0, 32;
    %load/vec4 v0x55f8db6b7f00_0;
    %pad/u 5;
    %ix/vec4 4;
    %load/vec4a v0x55f8db6b8280, 4;
    %parti/s 32, 32, 7;
    %store/vec4 v0x55f8db6b8bd0_0, 0, 32;
    %jmp T_9.2;
T_9.1 ;
    %load/vec4 v0x55f8db6b7e10_0;
    %load/vec4 v0x55f8db6b9230_0;
    %nor/r;
    %and;
    %flag_set/vec4 8;
    %jmp/0 T_9.3, 8;
    %load/vec4 v0x55f8db6b7f00_0;
    %addi 1, 0, 4;
    %jmp/1 T_9.4, 8;
T_9.3 ; End of true expr.
    %load/vec4 v0x55f8db6b7f00_0;
    %jmp/0 T_9.4, 8;
 ; End of false expr.
    %blend;
T_9.4;
    %store/vec4 v0x55f8db6b7fe0_0, 0, 4;
    %jmp T_9.2;
T_9.2 ;
    %pop/vec4 1;
    %jmp T_9;
    .thread T_9, $push;
    .scope S_0x55f8db6b5f70;
T_10 ;
    %wait E_0x55f8db6b3010;
    %load/vec4 v0x55f8db6b7990_0;
    %pad/u 32;
    %cmpi/e 0, 0, 32;
    %jmp/0xz  T_10.0, 4;
    %pushi/vec4 0, 0, 32;
    %store/vec4 v0x55f8db6b7a70_0, 0, 32;
    %jmp T_10.1;
T_10.0 ;
    %load/vec4 v0x55f8db6b7990_0;
    %pad/u 32;
    %pushi/vec4 2, 0, 32;
    %cmp/e;
    %flag_get/vec4 4;
    %load/vec4 v0x55f8db6b7e10_0;
    %and;
    %flag_set/vec4 8;
    %jmp/0xz  T_10.2, 8;
    %load/vec4 v0x55f8db6b7bf0_0;
    %load/vec4 v0x55f8db6b9150_0;
    %cmp/ne;
    %jmp/0xz  T_10.4, 6;
    %vpi_call 2 276 "$display", "Test #%d: Error! A=0x%x, B=0x%x, yours=0x%x, answer=0x%x", v0x55f8db6b7f00_0, v0x55f8db6b80c0_0, v0x55f8db6b81a0_0, v0x55f8db6b7bf0_0, v0x55f8db6b9150_0 {0 0 0};
    %load/vec4 v0x55f8db6b7a70_0;
    %addi 1, 0, 32;
    %store/vec4 v0x55f8db6b7a70_0, 0, 32;
    %jmp T_10.5;
T_10.4 ;
    %vpi_call 2 280 "$display", "Test #%d: Correct!", v0x55f8db6b7f00_0 {0 0 0};
T_10.5 ;
    %jmp T_10.3;
T_10.2 ;
    %load/vec4 v0x55f8db6b7990_0;
    %pad/u 32;
    %cmpi/e 3, 0, 32;
    %jmp/0xz  T_10.6, 4;
    %load/vec4 v0x55f8db6b7a70_0;
    %cmpi/e 0, 0, 32;
    %jmp/0xz  T_10.8, 4;
    %vpi_call 2 285 "$display", "ALL PASS!" {0 0 0};
    %jmp T_10.9;
T_10.8 ;
    %vpi_call 2 287 "$display", "#Errors: %d", v0x55f8db6b7a70_0 {0 0 0};
T_10.9 ;
T_10.6 ;
T_10.3 ;
T_10.1 ;
    %jmp T_10;
    .thread T_10;
    .scope S_0x55f8db6b5f70;
T_11 ;
    %wait E_0x55f8db6b2f90;
    %load/vec4 v0x55f8db6b7cb0_0;
    %inv;
    %flag_set/vec4 8;
    %jmp/0xz  T_11.0, 8;
    %pushi/vec4 0, 0, 3;
    %assign/vec4 v0x55f8db6b7990_0, 0;
    %pushi/vec4 0, 0, 4;
    %assign/vec4 v0x55f8db6b7f00_0, 0;
    %pushi/vec4 0, 0, 1;
    %assign/vec4 v0x55f8db6b8f10_0, 0;
    %pushi/vec4 0, 0, 32;
    %assign/vec4 v0x55f8db6b8640_0, 0;
    %pushi/vec4 0, 0, 32;
    %assign/vec4 v0x55f8db6b8af0_0, 0;
    %jmp T_11.1;
T_11.0 ;
    %load/vec4 v0x55f8db6b8480_0;
    %assign/vec4 v0x55f8db6b7990_0, 0;
    %load/vec4 v0x55f8db6b7fe0_0;
    %assign/vec4 v0x55f8db6b7f00_0, 0;
    %load/vec4 v0x55f8db6b8fd0_0;
    %assign/vec4 v0x55f8db6b8f10_0, 0;
    %load/vec4 v0x55f8db6b8930_0;
    %assign/vec4 v0x55f8db6b8640_0, 0;
    %load/vec4 v0x55f8db6b8bd0_0;
    %assign/vec4 v0x55f8db6b8af0_0, 0;
T_11.1 ;
    %jmp T_11;
    .thread T_11;
    .scope S_0x55f8db67c4a0;
T_12 ;
    %pushi/vec4 0, 0, 32;
    %store/vec4 v0x55f8db6ba180_0, 0, 32;
    %end;
    .thread T_12;
    .scope S_0x55f8db67c4a0;
T_13 ;
    %vpi_call 2 131 "$readmemb", "./testcases/test00_input.txt", v0x55f8db6b4b90 {0 0 0};
    %end;
    .thread T_13;
    .scope S_0x55f8db67c4a0;
T_14 ;
    %vpi_call 2 132 "$readmemb", "./testcases/test00_output.txt", v0x55f8db6b59a0 {0 0 0};
    %end;
    .thread T_14;
    .scope S_0x55f8db67c4a0;
T_15 ;
    %vpi_call 2 133 "$readmemb", "./testcases/test01_input.txt", v0x55f8db6b8280 {0 0 0};
    %end;
    .thread T_15;
    .scope S_0x55f8db67c4a0;
T_16 ;
    %vpi_call 2 134 "$readmemb", "./testcases/test01_output.txt", v0x55f8db6b9090 {0 0 0};
    %end;
    .thread T_16;
    .scope S_0x55f8db67c4a0;
T_17 ;
    %wait E_0x55f8db62c020;
    %load/vec4 v0x55f8db6b9430_0;
    %store/vec4 v0x55f8db6b9820_0, 0, 2;
    %pushi/vec4 0, 0, 1;
    %store/vec4 v0x55f8db6b9b20_0, 0, 1;
    %load/vec4 v0x55f8db6b9430_0;
    %dup/vec4;
    %pushi/vec4 0, 0, 2;
    %cmp/u;
    %jmp/1 T_17.0, 6;
    %dup/vec4;
    %pushi/vec4 1, 0, 2;
    %cmp/u;
    %jmp/1 T_17.1, 6;
    %dup/vec4;
    %pushi/vec4 2, 0, 2;
    %cmp/u;
    %jmp/1 T_17.2, 6;
    %dup/vec4;
    %pushi/vec4 3, 0, 2;
    %cmp/u;
    %jmp/1 T_17.3, 6;
    %jmp T_17.4;
T_17.0 ;
    %pushi/vec4 1, 0, 2;
    %store/vec4 v0x55f8db6b9820_0, 0, 2;
    %jmp T_17.4;
T_17.1 ;
    %pushi/vec4 1, 0, 1;
    %ix/load 4, 0, 0;
    %flag_set/imm 4, 0;
    %store/vec4a v0x55f8db6b9f80, 4, 0;
    %ix/load 4, 0, 0;
    %flag_set/imm 4, 0;
    %load/vec4a v0x55f8db6b9bc0, 4;
    %store/vec4 v0x55f8db6b98e0_0, 0, 32;
    %ix/load 4, 0, 0;
    %flag_set/imm 4, 0;
    %load/vec4a v0x55f8db6b9c80, 4;
    %store/vec4 v0x55f8db6b99a0_0, 0, 32;
    %ix/load 4, 0, 0;
    %flag_set/imm 4, 0;
    %load/vec4a v0x55f8db6b9e80, 4;
    %store/vec4 v0x55f8db6b9a60_0, 0, 1;
    %ix/load 4, 0, 0;
    %flag_set/imm 4, 0;
    %load/vec4a v0x55f8db6ba080, 4;
    %store/vec4 v0x55f8db6b9b20_0, 0, 1;
    %ix/load 4, 0, 0;
    %flag_set/imm 4, 0;
    %load/vec4a v0x55f8db6b9d80, 4;
    %flag_set/vec4 8;
    %jmp/0xz  T_17.5, 8;
    %pushi/vec4 2, 0, 2;
    %store/vec4 v0x55f8db6b9820_0, 0, 2;
    %load/vec4 v0x55f8db6ba180_0;
    %load/vec4 v0x55f8db6b43e0_0;
    %add;
    %store/vec4 v0x55f8db6ba180_0, 0, 32;
    %vpi_call 2 158 "$display", "Finish add test." {0 0 0};
    %vpi_call 2 159 "$display", "==========================================================================================" {0 0 0};
T_17.5 ;
    %jmp T_17.4;
T_17.2 ;
    %pushi/vec4 1, 0, 1;
    %ix/load 4, 1, 0;
    %flag_set/imm 4, 0;
    %store/vec4a v0x55f8db6b9f80, 4, 0;
    %ix/load 4, 1, 0;
    %flag_set/imm 4, 0;
    %load/vec4a v0x55f8db6b9bc0, 4;
    %store/vec4 v0x55f8db6b98e0_0, 0, 32;
    %ix/load 4, 1, 0;
    %flag_set/imm 4, 0;
    %load/vec4a v0x55f8db6b9c80, 4;
    %store/vec4 v0x55f8db6b99a0_0, 0, 32;
    %ix/load 4, 1, 0;
    %flag_set/imm 4, 0;
    %load/vec4a v0x55f8db6b9e80, 4;
    %store/vec4 v0x55f8db6b9a60_0, 0, 1;
    %ix/load 4, 1, 0;
    %flag_set/imm 4, 0;
    %load/vec4a v0x55f8db6ba080, 4;
    %store/vec4 v0x55f8db6b9b20_0, 0, 1;
    %ix/load 4, 1, 0;
    %flag_set/imm 4, 0;
    %load/vec4a v0x55f8db6b9d80, 4;
    %flag_set/vec4 8;
    %jmp/0xz  T_17.7, 8;
    %pushi/vec4 3, 0, 2;
    %store/vec4 v0x55f8db6b9820_0, 0, 2;
    %load/vec4 v0x55f8db6ba180_0;
    %load/vec4 v0x55f8db6b7a70_0;
    %add;
    %store/vec4 v0x55f8db6ba180_0, 0, 32;
    %vpi_call 2 171 "$display", "Finish mul test." {0 0 0};
    %vpi_call 2 172 "$display", "==========================================================================================" {0 0 0};
T_17.7 ;
    %jmp T_17.4;
T_17.3 ;
    %pushi/vec4 3, 0, 2;
    %store/vec4 v0x55f8db6b9820_0, 0, 2;
    %vpi_call 2 177 "$display", "Finish all tests." {0 0 0};
    %pushi/vec4 20, 0, 32;
    %load/vec4 v0x55f8db6ba180_0;
    %sub;
    %vpi_call 2 178 "$display", "Score: %.1f/20.0", S<0,vec4,s32> {1 0 0};
    %vpi_call 2 179 "$finish" {0 0 0};
    %jmp T_17.4;
T_17.4 ;
    %pop/vec4 1;
    %jmp T_17;
    .thread T_17, $push;
    .scope S_0x55f8db67c4a0;
T_18 ;
    %wait E_0x55f8db6b2f90;
    %load/vec4 v0x55f8db6b9690_0;
    %inv;
    %flag_set/vec4 8;
    %jmp/0xz  T_18.0, 8;
    %pushi/vec4 0, 0, 2;
    %assign/vec4 v0x55f8db6b9430_0, 0;
    %jmp T_18.1;
T_18.0 ;
    %load/vec4 v0x55f8db6b9820_0;
    %assign/vec4 v0x55f8db6b9430_0, 0;
T_18.1 ;
    %jmp T_18;
    .thread T_18;
    .scope S_0x55f8db67ac40;
T_19 ;
    %delay 5000, 0;
    %load/vec4 v0x55f8db686d30_0;
    %inv;
    %store/vec4 v0x55f8db686d30_0, 0, 1;
    %jmp T_19;
    .thread T_19;
    .scope S_0x55f8db67ac40;
T_20 ;
    %pushi/vec4 1, 0, 1;
    %store/vec4 v0x55f8db686d30_0, 0, 1;
    %pushi/vec4 1, 0, 1;
    %store/vec4 v0x55f8db687bc0_0, 0, 1;
    %delay 2500, 0;
    %pushi/vec4 0, 0, 1;
    %store/vec4 v0x55f8db687bc0_0, 0, 1;
    %delay 47500, 0;
    %vpi_call 2 75 "$display", "==========================================================================================" {0 0 0};
    %vpi_call 2 76 "$display", "Start testing" {0 0 0};
    %vpi_call 2 77 "$display", "==========================================================================================" {0 0 0};
    %pushi/vec4 1, 0, 1;
    %store/vec4 v0x55f8db687bc0_0, 0, 1;
    %delay 10000000, 0;
    %vpi_call 2 79 "$finish" {0 0 0};
    %end;
    .thread T_20;
    .scope S_0x55f8db6886a0;
T_21 ;
    %vpi_call 2 15 "$dumpfile", "fpu.vcd" {0 0 0};
    %vpi_call 2 16 "$dumpvars" {0 0 0};
    %end;
    .thread T_21;
# The file index is used to find the file name in the following table.
:file_names 6;
    "N/A";
    "<interactive>";
    "./testbench.v";
    "./codes/fpu.v";
    "./codes/ADD.v";
    "./codes/MUL.v";
