#! /usr/bin/vvp
:ivl_version "10.1 (stable)";
:ivl_delay_selection "TYPICAL";
:vpi_time_precision - 12;
:vpi_module "system";
:vpi_module "vhdl_sys";
:vpi_module "v2005_math";
:vpi_module "va_math";
S_0x5642f0699070 .scope module, "test_sort" "test_sort" 2 7;
 .timescale -9 -12;
P_0x5642f068a4a0 .param/l "DATA_W" 0 2 9, +C4<00000000000000000000000000001000>;
v0x5642f06c5250_0 .var "clk", 0 0;
v0x5642f06c52f0_0 .var/i "i", 31 0;
v0x5642f06c5390 .array "input_", 7 0, 7 0;
v0x5642f06c5560 .array "output_", 7 0;
v0x5642f06c5560_0 .net v0x5642f06c5560 0, 7 0, L_0x5642f06c8c00; 1 drivers
v0x5642f06c5560_1 .net v0x5642f06c5560 1, 7 0, L_0x5642f06c8ae0; 1 drivers
v0x5642f06c5560_2 .net v0x5642f06c5560 2, 7 0, L_0x5642f06c8a40; 1 drivers
v0x5642f06c5560_3 .net v0x5642f06c5560 3, 7 0, L_0x5642f06c8930; 1 drivers
v0x5642f06c5560_4 .net v0x5642f06c5560 4, 7 0, L_0x5642f06c8860; 1 drivers
v0x5642f06c5560_5 .net v0x5642f06c5560 5, 7 0, L_0x5642f06c8760; 1 drivers
v0x5642f06c5560_6 .net v0x5642f06c5560 6, 7 0, L_0x5642f06c86c0; 1 drivers
v0x5642f06c5560_7 .net v0x5642f06c5560 7, 7 0, L_0x5642f06c85a0; 1 drivers
v0x5642f06c5770_0 .var "rst_n", 0 0;
v0x5642f06c5860_0 .var/i "t", 31 0;
v0x5642f06c5390_0 .array/port v0x5642f06c5390, 0;
v0x5642f06c5390_1 .array/port v0x5642f06c5390, 1;
v0x5642f06c5390_2 .array/port v0x5642f06c5390, 2;
v0x5642f06c5390_3 .array/port v0x5642f06c5390, 3;
LS_0x5642f06c8480_0_0 .concat [ 8 8 8 8], v0x5642f06c5390_0, v0x5642f06c5390_1, v0x5642f06c5390_2, v0x5642f06c5390_3;
v0x5642f06c5390_4 .array/port v0x5642f06c5390, 4;
v0x5642f06c5390_5 .array/port v0x5642f06c5390, 5;
v0x5642f06c5390_6 .array/port v0x5642f06c5390, 6;
v0x5642f06c5390_7 .array/port v0x5642f06c5390, 7;
LS_0x5642f06c8480_0_4 .concat [ 8 8 8 8], v0x5642f06c5390_4, v0x5642f06c5390_5, v0x5642f06c5390_6, v0x5642f06c5390_7;
L_0x5642f06c8480 .concat [ 32 32 0 0], LS_0x5642f06c8480_0_0, LS_0x5642f06c8480_0_4;
L_0x5642f06c85a0 .part L_0x5642f06c8070, 56, 8;
L_0x5642f06c86c0 .part L_0x5642f06c8070, 48, 8;
L_0x5642f06c8760 .part L_0x5642f06c8070, 40, 8;
L_0x5642f06c8860 .part L_0x5642f06c8070, 32, 8;
L_0x5642f06c8930 .part L_0x5642f06c8070, 24, 8;
L_0x5642f06c8a40 .part L_0x5642f06c8070, 16, 8;
L_0x5642f06c8ae0 .part L_0x5642f06c8070, 8, 8;
L_0x5642f06c8c00 .part L_0x5642f06c8070, 0, 8;
S_0x5642f068c7f0 .scope module, "u_sort" "sort" 2 49, 3 1 0, S_0x5642f0699070;
 .timescale 0 0;
    .port_info 0 /INPUT 1 "i_clk"
    .port_info 1 /INPUT 1 "i_rst_n"
    .port_info 2 /INPUT 64 "i_input"
    .port_info 3 /OUTPUT 64 "o_output"
P_0x5642f06810a0 .param/l "DATA_W" 0 3 2, +C4<00000000000000000000000000001000>;
v0x5642f06c3aa0_0 .net "i_clk", 0 0, v0x5642f06c5250_0;  1 drivers
v0x5642f06c3b60_0 .net "i_input", 63 0, L_0x5642f06c8480;  1 drivers
v0x5642f06c3c40 .array "i_input_", 7 0;
v0x5642f06c3c40_0 .net v0x5642f06c3c40 0, 7 0, L_0x5642f06c5940; 1 drivers
v0x5642f06c3c40_1 .net v0x5642f06c3c40 1, 7 0, L_0x5642f06c5a30; 1 drivers
v0x5642f06c3c40_2 .net v0x5642f06c3c40 2, 7 0, L_0x5642f06c5b70; 1 drivers
v0x5642f06c3c40_3 .net v0x5642f06c3c40 3, 7 0, L_0x5642f06c5c60; 1 drivers
v0x5642f06c3c40_4 .net v0x5642f06c3c40 4, 7 0, L_0x5642f06c5de0; 1 drivers
v0x5642f06c3c40_5 .net v0x5642f06c3c40 5, 7 0, L_0x5642f06c5e80; 1 drivers
v0x5642f06c3c40_6 .net v0x5642f06c3c40 6, 7 0, L_0x5642f06c5fb0; 1 drivers
v0x5642f06c3c40_7 .net v0x5642f06c3c40 7, 7 0, L_0x5642f06c60a0; 1 drivers
v0x5642f06c3e60_0 .net "i_rst_n", 0 0, v0x5642f06c5770_0;  1 drivers
v0x5642f06c3f00_0 .net "o_output", 63 0, L_0x5642f06c8070;  1 drivers
v0x5642f06c3ff0 .array "stage_1", 7 0;
v0x5642f06c3ff0_0 .net v0x5642f06c3ff0 0, 7 0, L_0x5642f05d07a0; 1 drivers
v0x5642f06c3ff0_1 .net v0x5642f06c3ff0 1, 7 0, L_0x5642f06172d0; 1 drivers
v0x5642f06c3ff0_2 .net v0x5642f06c3ff0 2, 7 0, L_0x5642f06c6270; 1 drivers
v0x5642f06c3ff0_3 .net v0x5642f06c3ff0 3, 7 0, L_0x5642f06c6200; 1 drivers
v0x5642f06c3ff0_4 .net v0x5642f06c3ff0 4, 7 0, L_0x5642f06c6300; 1 drivers
v0x5642f06c3ff0_5 .net v0x5642f06c3ff0 5, 7 0, L_0x5642f06c6370; 1 drivers
v0x5642f06c3ff0_6 .net v0x5642f06c3ff0 6, 7 0, L_0x5642f06c6470; 1 drivers
v0x5642f06c3ff0_7 .net v0x5642f06c3ff0 7, 7 0, L_0x5642f06c6400; 1 drivers
v0x5642f06c4360 .array "stage_2", 7 0;
v0x5642f06c4360_0 .net v0x5642f06c4360 0, 7 0, L_0x5642f06c6500; 1 drivers
v0x5642f06c4360_1 .net v0x5642f06c4360 1, 7 0, L_0x5642f06c6600; 1 drivers
v0x5642f06c4360_2 .net v0x5642f06c4360 2, 7 0, L_0x5642f06c6570; 1 drivers
v0x5642f06c4360_3 .net v0x5642f06c4360 3, 7 0, L_0x5642f06c6670; 1 drivers
v0x5642f06c4360_4 .net v0x5642f06c4360 4, 7 0, L_0x5642f06c6770; 1 drivers
v0x5642f06c4360_5 .net v0x5642f06c4360 5, 7 0, L_0x5642f06c6870; 1 drivers
v0x5642f06c4360_6 .net v0x5642f06c4360 6, 7 0, L_0x5642f06c6700; 1 drivers
v0x5642f06c4360_7 .net v0x5642f06c4360 7, 7 0, L_0x5642f06c6800; 1 drivers
v0x5642f06c46d0 .array "stage_3", 7 0;
v0x5642f06c46d0_0 .net v0x5642f06c46d0 0, 7 0, L_0x5642f06c6900; 1 drivers
v0x5642f06c46d0_1 .net v0x5642f06c46d0 1, 7 0, L_0x5642f06c6970; 1 drivers
v0x5642f06c46d0_2 .net v0x5642f06c46d0 2, 7 0, L_0x5642f06c6a00; 1 drivers
v0x5642f06c46d0_3 .net v0x5642f06c46d0 3, 7 0, L_0x5642f06c6a70; 1 drivers
v0x5642f06c46d0_4 .net v0x5642f06c46d0 4, 7 0, L_0x5642f06c6b70; 1 drivers
v0x5642f06c46d0_5 .net v0x5642f06c46d0 5, 7 0, L_0x5642f06c6b00; 1 drivers
v0x5642f06c46d0_6 .net v0x5642f06c46d0 6, 7 0, L_0x5642f06c6c70; 1 drivers
v0x5642f06c46d0_7 .net v0x5642f06c46d0 7, 7 0, L_0x5642f06c6c00; 1 drivers
v0x5642f06c4a40 .array "stage_4", 7 0;
v0x5642f06c4a40_0 .net v0x5642f06c4a40 0, 7 0, L_0x5642f06c6d00; 1 drivers
v0x5642f06c4a40_1 .net v0x5642f06c4a40 1, 7 0, L_0x5642f06c6e00; 1 drivers
v0x5642f06c4a40_2 .net v0x5642f06c4a40 2, 7 0, L_0x5642f06c6f00; 1 drivers
v0x5642f06c4a40_3 .net v0x5642f06c4a40 3, 7 0, L_0x5642f06c7000; 1 drivers
v0x5642f06c4a40_4 .net v0x5642f06c4a40 4, 7 0, L_0x5642f06c6d70; 1 drivers
v0x5642f06c4a40_5 .net v0x5642f06c4a40 5, 7 0, L_0x5642f06c6e70; 1 drivers
v0x5642f06c4a40_6 .net v0x5642f06c4a40 6, 7 0, L_0x5642f06c6f70; 1 drivers
v0x5642f06c4a40_7 .net v0x5642f06c4a40 7, 7 0, L_0x5642f06c7070; 1 drivers
v0x5642f06c4df0 .array "stage_5", 7 0;
v0x5642f06c4df0_0 .net v0x5642f06c4df0 0, 7 0, L_0x5642f06c7100; 1 drivers
v0x5642f06c4df0_1 .net v0x5642f06c4df0 1, 7 0, L_0x5642f06c7200; 1 drivers
v0x5642f06c4df0_2 .net v0x5642f06c4df0 2, 7 0, L_0x5642f06c7170; 1 drivers
v0x5642f06c4df0_3 .net v0x5642f06c4df0 3, 7 0, L_0x5642f06c7270; 1 drivers
v0x5642f06c4df0_4 .net v0x5642f06c4df0 4, 7 0, L_0x5642f06c7300; 1 drivers
v0x5642f06c4df0_5 .net v0x5642f06c4df0 5, 7 0, L_0x5642f06c7400; 1 drivers
v0x5642f06c4df0_6 .net v0x5642f06c4df0 6, 7 0, L_0x5642f06c7370; 1 drivers
v0x5642f06c4df0_7 .net v0x5642f06c4df0 7, 7 0, L_0x5642f06c7470; 1 drivers
v0x5642f06c5160 .array "stage_6", 7 0;
v0x5642f06c5160_0 .net v0x5642f06c5160 0, 7 0, v0x5642f06c0480_0; 1 drivers
v0x5642f06c5160_1 .net v0x5642f06c5160 1, 7 0, v0x5642f06c0720_0; 1 drivers
v0x5642f06c5160_2 .net v0x5642f06c5160 2, 7 0, v0x5642f06c14c0_0; 1 drivers
v0x5642f06c5160_3 .net v0x5642f06c5160 3, 7 0, v0x5642f06c1760_0; 1 drivers
v0x5642f06c5160_4 .net v0x5642f06c5160 4, 7 0, v0x5642f06c2500_0; 1 drivers
v0x5642f06c5160_5 .net v0x5642f06c5160 5, 7 0, v0x5642f06c27a0_0; 1 drivers
v0x5642f06c5160_6 .net v0x5642f06c5160 6, 7 0, v0x5642f06c3540_0; 1 drivers
v0x5642f06c5160_7 .net v0x5642f06c5160 7, 7 0, v0x5642f06c37e0_0; 1 drivers
L_0x5642f06c5940 .part L_0x5642f06c8480, 0, 8;
L_0x5642f06c5a30 .part L_0x5642f06c8480, 8, 8;
L_0x5642f06c5b70 .part L_0x5642f06c8480, 16, 8;
L_0x5642f06c5c60 .part L_0x5642f06c8480, 24, 8;
L_0x5642f06c5de0 .part L_0x5642f06c8480, 32, 8;
L_0x5642f06c5e80 .part L_0x5642f06c8480, 40, 8;
L_0x5642f06c5fb0 .part L_0x5642f06c8480, 48, 8;
L_0x5642f06c60a0 .part L_0x5642f06c8480, 56, 8;
LS_0x5642f06c8070_0_0 .concat8 [ 8 8 8 8], L_0x5642f06c7b80, L_0x5642f06c7bf0, L_0x5642f06c7cb0, L_0x5642f06c7d70;
LS_0x5642f06c8070_0_4 .concat8 [ 8 8 8 8], L_0x5642f06c7e30, L_0x5642f06c7ef0, L_0x5642f06c7fb0, L_0x5642f06c83c0;
L_0x5642f06c8070 .concat8 [ 32 32 0 0], LS_0x5642f06c8070_0_0, LS_0x5642f06c8070_0_4;
S_0x5642f068ecf0 .scope generate, "genblk1[0]" "genblk1[0]" 3 20, 3 20 0, S_0x5642f068c7f0;
 .timescale 0 0;
P_0x5642f0677ca0 .param/l "i" 0 3 20, +C4<00>;
S_0x5642f06911f0 .scope generate, "genblk1[1]" "genblk1[1]" 3 20, 3 20 0, S_0x5642f068c7f0;
 .timescale 0 0;
P_0x5642f066c480 .param/l "i" 0 3 20, +C4<01>;
S_0x5642f0667e20 .scope generate, "genblk1[2]" "genblk1[2]" 3 20, 3 20 0, S_0x5642f068c7f0;
 .timescale 0 0;
P_0x5642f0665520 .param/l "i" 0 3 20, +C4<010>;
S_0x5642f066a300 .scope generate, "genblk1[3]" "genblk1[3]" 3 20, 3 20 0, S_0x5642f068c7f0;
 .timescale 0 0;
P_0x5642f065a120 .param/l "i" 0 3 20, +C4<011>;
S_0x5642f0673350 .scope generate, "genblk1[4]" "genblk1[4]" 3 20, 3 20 0, S_0x5642f068c7f0;
 .timescale 0 0;
P_0x5642f0685aa0 .param/l "i" 0 3 20, +C4<0100>;
S_0x5642f0675830 .scope generate, "genblk1[5]" "genblk1[5]" 3 20, 3 20 0, S_0x5642f068c7f0;
 .timescale 0 0;
P_0x5642f068eea0 .param/l "i" 0 3 20, +C4<0101>;
S_0x5642f068a2f0 .scope generate, "genblk1[6]" "genblk1[6]" 3 20, 3 20 0, S_0x5642f068c7f0;
 .timescale 0 0;
P_0x5642f065bd20 .param/l "i" 0 3 20, +C4<0110>;
S_0x5642f0679ff0 .scope generate, "genblk1[7]" "genblk1[7]" 3 20, 3 20 0, S_0x5642f068c7f0;
 .timescale 0 0;
P_0x5642f06580a0 .param/l "i" 0 3 20, +C4<0111>;
S_0x5642f067c4f0 .scope generate, "genblk13[0]" "genblk13[0]" 3 157, 3 157 0, S_0x5642f068c7f0;
 .timescale 0 0;
P_0x5642f06835a0 .param/l "i" 0 3 157, +C4<00>;
L_0x5642f06c7b80 .functor BUFZ 8, v0x5642f06c0480_0, C4<00000000>, C4<00000000>, C4<00000000>;
v0x5642f0664b00_0 .net *"_s2", 7 0, L_0x5642f06c7b80;  1 drivers
S_0x5642f067e9f0 .scope generate, "genblk13[1]" "genblk13[1]" 3 157, 3 157 0, S_0x5642f068c7f0;
 .timescale 0 0;
P_0x5642f06a9af0 .param/l "i" 0 3 157, +C4<01>;
L_0x5642f06c7bf0 .functor BUFZ 8, v0x5642f06c0720_0, C4<00000000>, C4<00000000>, C4<00000000>;
v0x5642f0662580_0 .net *"_s2", 7 0, L_0x5642f06c7bf0;  1 drivers
S_0x5642f0680ef0 .scope generate, "genblk13[2]" "genblk13[2]" 3 157, 3 157 0, S_0x5642f068c7f0;
 .timescale 0 0;
P_0x5642f06a9c80 .param/l "i" 0 3 157, +C4<010>;
L_0x5642f06c7cb0 .functor BUFZ 8, v0x5642f06c14c0_0, C4<00000000>, C4<00000000>, C4<00000000>;
v0x5642f0662620_0 .net *"_s2", 7 0, L_0x5642f06c7cb0;  1 drivers
S_0x5642f06833f0 .scope generate, "genblk13[3]" "genblk13[3]" 3 157, 3 157 0, S_0x5642f068c7f0;
 .timescale 0 0;
P_0x5642f06a9e10 .param/l "i" 0 3 157, +C4<011>;
L_0x5642f06c7d70 .functor BUFZ 8, v0x5642f06c1760_0, C4<00000000>, C4<00000000>, C4<00000000>;
v0x5642f06600a0_0 .net *"_s2", 7 0, L_0x5642f06c7d70;  1 drivers
S_0x5642f06858f0 .scope generate, "genblk13[4]" "genblk13[4]" 3 157, 3 157 0, S_0x5642f068c7f0;
 .timescale 0 0;
P_0x5642f06a9fa0 .param/l "i" 0 3 157, +C4<0100>;
L_0x5642f06c7e30 .functor BUFZ 8, v0x5642f06c2500_0, C4<00000000>, C4<00000000>, C4<00000000>;
v0x5642f0660140_0 .net *"_s2", 7 0, L_0x5642f06c7e30;  1 drivers
S_0x5642f0687df0 .scope generate, "genblk13[5]" "genblk13[5]" 3 157, 3 157 0, S_0x5642f068c7f0;
 .timescale 0 0;
P_0x5642f06aa130 .param/l "i" 0 3 157, +C4<0101>;
L_0x5642f06c7ef0 .functor BUFZ 8, v0x5642f06c27a0_0, C4<00000000>, C4<00000000>, C4<00000000>;
v0x5642f065a550_0 .net *"_s2", 7 0, L_0x5642f06c7ef0;  1 drivers
S_0x5642f06aa250 .scope generate, "genblk13[6]" "genblk13[6]" 3 157, 3 157 0, S_0x5642f068c7f0;
 .timescale 0 0;
P_0x5642f06aa440 .param/l "i" 0 3 157, +C4<0110>;
L_0x5642f06c7fb0 .functor BUFZ 8, v0x5642f06c3540_0, C4<00000000>, C4<00000000>, C4<00000000>;
v0x5642f065dd80_0 .net *"_s2", 7 0, L_0x5642f06c7fb0;  1 drivers
S_0x5642f06aa560 .scope generate, "genblk13[7]" "genblk13[7]" 3 157, 3 157 0, S_0x5642f068c7f0;
 .timescale 0 0;
P_0x5642f06aa750 .param/l "i" 0 3 157, +C4<0111>;
L_0x5642f06c83c0 .functor BUFZ 8, v0x5642f06c37e0_0, C4<00000000>, C4<00000000>, C4<00000000>;
v0x5642f06aa830_0 .net *"_s2", 7 0, L_0x5642f06c83c0;  1 drivers
S_0x5642f06aa910 .scope generate, "t1[0]" "t1[0]" 3 25, 3 25 0, S_0x5642f068c7f0;
 .timescale 0 0;
P_0x5642f06aab00 .param/l "i" 0 3 25, +C4<00>;
S_0x5642f06aabe0 .scope generate, "genblk3" "genblk3" 3 26, 3 26 0, S_0x5642f06aa910;
 .timescale 0 0;
S_0x5642f06aadb0 .scope module, "u1" "comparator" 3 29, 3 163 0, S_0x5642f06aabe0;
 .timescale 0 0;
    .port_info 0 /INPUT 1 "i_clk"
    .port_info 1 /INPUT 1 "i_rst_n"
    .port_info 2 /INPUT 8 "i_input_1"
    .port_info 3 /INPUT 8 "i_input_2"
    .port_info 4 /OUTPUT 8 "o_output_1"
    .port_info 5 /OUTPUT 8 "o_output_2"
P_0x5642f06aafa0 .param/l "DATA_W" 0 3 164, +C4<00000000000000000000000000001000>;
L_0x5642f05d07a0 .functor BUFZ 8, v0x5642f06ab5b0_0, C4<00000000>, C4<00000000>, C4<00000000>;
L_0x5642f06172d0 .functor BUFZ 8, v0x5642f06ab850_0, C4<00000000>, C4<00000000>, C4<00000000>;
v0x5642f06ab140_0 .net "i_clk", 0 0, v0x5642f06c5250_0;  alias, 1 drivers
v0x5642f06ab220_0 .net "i_input_1", 7 0, L_0x5642f06c5940;  alias, 1 drivers
v0x5642f06ab300_0 .net "i_input_2", 7 0, L_0x5642f06c5a30;  alias, 1 drivers
v0x5642f06ab3c0_0 .net "i_rst_n", 0 0, v0x5642f06c5770_0;  alias, 1 drivers
v0x5642f06ab480_0 .net "o_output_1", 7 0, L_0x5642f05d07a0;  alias, 1 drivers
v0x5642f06ab5b0_0 .var "o_output_1_r", 7 0;
v0x5642f06ab690_0 .var "o_output_1_w", 7 0;
v0x5642f06ab770_0 .net "o_output_2", 7 0, L_0x5642f06172d0;  alias, 1 drivers
v0x5642f06ab850_0 .var "o_output_2_r", 7 0;
v0x5642f06ab930_0 .var "o_output_2_w", 7 0;
E_0x5642f0618aa0/0 .event negedge, v0x5642f06ab3c0_0;
E_0x5642f0618aa0/1 .event posedge, v0x5642f06ab140_0;
E_0x5642f0618aa0 .event/or E_0x5642f0618aa0/0, E_0x5642f0618aa0/1;
E_0x5642f069ce00 .event edge, v0x5642f06ab220_0, v0x5642f06ab300_0;
S_0x5642f06abad0 .scope generate, "t1[1]" "t1[1]" 3 25, 3 25 0, S_0x5642f068c7f0;
 .timescale 0 0;
P_0x5642f06abc70 .param/l "i" 0 3 25, +C4<01>;
S_0x5642f06abd50 .scope generate, "genblk4" "genblk4" 3 26, 3 26 0, S_0x5642f06abad0;
 .timescale 0 0;
S_0x5642f06abf20 .scope module, "u1" "comparator" 3 40, 3 163 0, S_0x5642f06abd50;
 .timescale 0 0;
    .port_info 0 /INPUT 1 "i_clk"
    .port_info 1 /INPUT 1 "i_rst_n"
    .port_info 2 /INPUT 8 "i_input_1"
    .port_info 3 /INPUT 8 "i_input_2"
    .port_info 4 /OUTPUT 8 "o_output_1"
    .port_info 5 /OUTPUT 8 "o_output_2"
P_0x5642f06ac110 .param/l "DATA_W" 0 3 164, +C4<00000000000000000000000000001000>;
L_0x5642f06c6200 .functor BUFZ 8, v0x5642f06ac710_0, C4<00000000>, C4<00000000>, C4<00000000>;
L_0x5642f06c6270 .functor BUFZ 8, v0x5642f06ac9b0_0, C4<00000000>, C4<00000000>, C4<00000000>;
v0x5642f06ac290_0 .net "i_clk", 0 0, v0x5642f06c5250_0;  alias, 1 drivers
v0x5642f06ac380_0 .net "i_input_1", 7 0, L_0x5642f06c5b70;  alias, 1 drivers
v0x5642f06ac440_0 .net "i_input_2", 7 0, L_0x5642f06c5c60;  alias, 1 drivers
v0x5642f06ac530_0 .net "i_rst_n", 0 0, v0x5642f06c5770_0;  alias, 1 drivers
v0x5642f06ac600_0 .net "o_output_1", 7 0, L_0x5642f06c6200;  alias, 1 drivers
v0x5642f06ac710_0 .var "o_output_1_r", 7 0;
v0x5642f06ac7f0_0 .var "o_output_1_w", 7 0;
v0x5642f06ac8d0_0 .net "o_output_2", 7 0, L_0x5642f06c6270;  alias, 1 drivers
v0x5642f06ac9b0_0 .var "o_output_2_r", 7 0;
v0x5642f06aca90_0 .var "o_output_2_w", 7 0;
E_0x5642f069cd40 .event edge, v0x5642f06ac380_0, v0x5642f06ac440_0;
S_0x5642f06acc30 .scope generate, "t1[2]" "t1[2]" 3 25, 3 25 0, S_0x5642f068c7f0;
 .timescale 0 0;
P_0x5642f06acdd0 .param/l "i" 0 3 25, +C4<010>;
S_0x5642f06aceb0 .scope generate, "genblk3" "genblk3" 3 26, 3 26 0, S_0x5642f06acc30;
 .timescale 0 0;
S_0x5642f06ad080 .scope module, "u1" "comparator" 3 29, 3 163 0, S_0x5642f06aceb0;
 .timescale 0 0;
    .port_info 0 /INPUT 1 "i_clk"
    .port_info 1 /INPUT 1 "i_rst_n"
    .port_info 2 /INPUT 8 "i_input_1"
    .port_info 3 /INPUT 8 "i_input_2"
    .port_info 4 /OUTPUT 8 "o_output_1"
    .port_info 5 /OUTPUT 8 "o_output_2"
P_0x5642f06ad270 .param/l "DATA_W" 0 3 164, +C4<00000000000000000000000000001000>;
L_0x5642f06c6300 .functor BUFZ 8, v0x5642f06ad990_0, C4<00000000>, C4<00000000>, C4<00000000>;
L_0x5642f06c6370 .functor BUFZ 8, v0x5642f06adc30_0, C4<00000000>, C4<00000000>, C4<00000000>;
v0x5642f06ad4c0_0 .net "i_clk", 0 0, v0x5642f06c5250_0;  alias, 1 drivers
v0x5642f06ad5d0_0 .net "i_input_1", 7 0, L_0x5642f06c5de0;  alias, 1 drivers
v0x5642f06ad6b0_0 .net "i_input_2", 7 0, L_0x5642f06c5e80;  alias, 1 drivers
v0x5642f06ad770_0 .net "i_rst_n", 0 0, v0x5642f06c5770_0;  alias, 1 drivers
v0x5642f06ad860_0 .net "o_output_1", 7 0, L_0x5642f06c6300;  alias, 1 drivers
v0x5642f06ad990_0 .var "o_output_1_r", 7 0;
v0x5642f06ada70_0 .var "o_output_1_w", 7 0;
v0x5642f06adb50_0 .net "o_output_2", 7 0, L_0x5642f06c6370;  alias, 1 drivers
v0x5642f06adc30_0 .var "o_output_2_r", 7 0;
v0x5642f06add10_0 .var "o_output_2_w", 7 0;
E_0x5642f06ad440 .event edge, v0x5642f06ad5d0_0, v0x5642f06ad6b0_0;
S_0x5642f06adef0 .scope generate, "t1[3]" "t1[3]" 3 25, 3 25 0, S_0x5642f068c7f0;
 .timescale 0 0;
P_0x5642f06ae090 .param/l "i" 0 3 25, +C4<011>;
S_0x5642f06ae170 .scope generate, "genblk4" "genblk4" 3 26, 3 26 0, S_0x5642f06adef0;
 .timescale 0 0;
S_0x5642f06ae340 .scope module, "u1" "comparator" 3 40, 3 163 0, S_0x5642f06ae170;
 .timescale 0 0;
    .port_info 0 /INPUT 1 "i_clk"
    .port_info 1 /INPUT 1 "i_rst_n"
    .port_info 2 /INPUT 8 "i_input_1"
    .port_info 3 /INPUT 8 "i_input_2"
    .port_info 4 /OUTPUT 8 "o_output_1"
    .port_info 5 /OUTPUT 8 "o_output_2"
P_0x5642f06ae530 .param/l "DATA_W" 0 3 164, +C4<00000000000000000000000000001000>;
L_0x5642f06c6400 .functor BUFZ 8, v0x5642f06aebb0_0, C4<00000000>, C4<00000000>, C4<00000000>;
L_0x5642f06c6470 .functor BUFZ 8, v0x5642f06aee50_0, C4<00000000>, C4<00000000>, C4<00000000>;
v0x5642f06ae780_0 .net "i_clk", 0 0, v0x5642f06c5250_0;  alias, 1 drivers
v0x5642f06ae840_0 .net "i_input_1", 7 0, L_0x5642f06c5fb0;  alias, 1 drivers
v0x5642f06ae920_0 .net "i_input_2", 7 0, L_0x5642f06c60a0;  alias, 1 drivers
v0x5642f06ae9e0_0 .net "i_rst_n", 0 0, v0x5642f06c5770_0;  alias, 1 drivers
v0x5642f06aea80_0 .net "o_output_1", 7 0, L_0x5642f06c6400;  alias, 1 drivers
v0x5642f06aebb0_0 .var "o_output_1_r", 7 0;
v0x5642f06aec90_0 .var "o_output_1_w", 7 0;
v0x5642f06aed70_0 .net "o_output_2", 7 0, L_0x5642f06c6470;  alias, 1 drivers
v0x5642f06aee50_0 .var "o_output_2_r", 7 0;
v0x5642f06aef30_0 .var "o_output_2_w", 7 0;
E_0x5642f06ae700 .event edge, v0x5642f06ae840_0, v0x5642f06ae920_0;
S_0x5642f06af110 .scope generate, "t2[0]" "t2[0]" 3 52, 3 52 0, S_0x5642f068c7f0;
 .timescale 0 0;
P_0x5642f06af2b0 .param/l "i" 0 3 52, +C4<00>;
S_0x5642f06af390 .scope module, "u2" "comparator" 3 55, 3 163 0, S_0x5642f06af110;
 .timescale 0 0;
    .port_info 0 /INPUT 1 "i_clk"
    .port_info 1 /INPUT 1 "i_rst_n"
    .port_info 2 /INPUT 8 "i_input_1"
    .port_info 3 /INPUT 8 "i_input_2"
    .port_info 4 /OUTPUT 8 "o_output_1"
    .port_info 5 /OUTPUT 8 "o_output_2"
P_0x5642f06af560 .param/l "DATA_W" 0 3 164, +C4<00000000000000000000000000001000>;
L_0x5642f06c6500 .functor BUFZ 8, v0x5642f06afc30_0, C4<00000000>, C4<00000000>, C4<00000000>;
L_0x5642f06c6570 .functor BUFZ 8, v0x5642f06afed0_0, C4<00000000>, C4<00000000>, C4<00000000>;
v0x5642f06af7b0_0 .net "i_clk", 0 0, v0x5642f06c5250_0;  alias, 1 drivers
v0x5642f06af870_0 .net "i_input_1", 7 0, L_0x5642f05d07a0;  alias, 1 drivers
v0x5642f06af960_0 .net "i_input_2", 7 0, L_0x5642f06c6270;  alias, 1 drivers
v0x5642f06afa60_0 .net "i_rst_n", 0 0, v0x5642f06c5770_0;  alias, 1 drivers
v0x5642f06afb90_0 .net "o_output_1", 7 0, L_0x5642f06c6500;  alias, 1 drivers
v0x5642f06afc30_0 .var "o_output_1_r", 7 0;
v0x5642f06afd10_0 .var "o_output_1_w", 7 0;
v0x5642f06afdf0_0 .net "o_output_2", 7 0, L_0x5642f06c6570;  alias, 1 drivers
v0x5642f06afed0_0 .var "o_output_2_r", 7 0;
v0x5642f06b0040_0 .var "o_output_2_w", 7 0;
E_0x5642f06af730 .event edge, v0x5642f06ab480_0, v0x5642f06ac8d0_0;
S_0x5642f06b0220 .scope generate, "t2[1]" "t2[1]" 3 52, 3 52 0, S_0x5642f068c7f0;
 .timescale 0 0;
P_0x5642f06ad580 .param/l "i" 0 3 52, +C4<01>;
S_0x5642f06b0450 .scope module, "u2" "comparator" 3 55, 3 163 0, S_0x5642f06b0220;
 .timescale 0 0;
    .port_info 0 /INPUT 1 "i_clk"
    .port_info 1 /INPUT 1 "i_rst_n"
    .port_info 2 /INPUT 8 "i_input_1"
    .port_info 3 /INPUT 8 "i_input_2"
    .port_info 4 /OUTPUT 8 "o_output_1"
    .port_info 5 /OUTPUT 8 "o_output_2"
P_0x5642f06b0620 .param/l "DATA_W" 0 3 164, +C4<00000000000000000000000000001000>;
L_0x5642f06c6600 .functor BUFZ 8, v0x5642f06b0cb0_0, C4<00000000>, C4<00000000>, C4<00000000>;
L_0x5642f06c6670 .functor BUFZ 8, v0x5642f06b0f50_0, C4<00000000>, C4<00000000>, C4<00000000>;
v0x5642f06b0870_0 .net "i_clk", 0 0, v0x5642f06c5250_0;  alias, 1 drivers
v0x5642f06b0930_0 .net "i_input_1", 7 0, L_0x5642f06172d0;  alias, 1 drivers
v0x5642f06b0a20_0 .net "i_input_2", 7 0, L_0x5642f06c6200;  alias, 1 drivers
v0x5642f06b0b20_0 .net "i_rst_n", 0 0, v0x5642f06c5770_0;  alias, 1 drivers
v0x5642f06b0bc0_0 .net "o_output_1", 7 0, L_0x5642f06c6600;  alias, 1 drivers
v0x5642f06b0cb0_0 .var "o_output_1_r", 7 0;
v0x5642f06b0d90_0 .var "o_output_1_w", 7 0;
v0x5642f06b0e70_0 .net "o_output_2", 7 0, L_0x5642f06c6670;  alias, 1 drivers
v0x5642f06b0f50_0 .var "o_output_2_r", 7 0;
v0x5642f06b1030_0 .var "o_output_2_w", 7 0;
E_0x5642f06b07f0 .event edge, v0x5642f06ab770_0, v0x5642f06ac600_0;
S_0x5642f06b1210 .scope generate, "t3[4]" "t3[4]" 3 64, 3 64 0, S_0x5642f068c7f0;
 .timescale 0 0;
P_0x5642f06b13b0 .param/l "i" 0 3 64, +C4<0100>;
S_0x5642f06b1490 .scope module, "u2" "comparator" 3 67, 3 163 0, S_0x5642f06b1210;
 .timescale 0 0;
    .port_info 0 /INPUT 1 "i_clk"
    .port_info 1 /INPUT 1 "i_rst_n"
    .port_info 2 /INPUT 8 "i_input_1"
    .port_info 3 /INPUT 8 "i_input_2"
    .port_info 4 /OUTPUT 8 "o_output_1"
    .port_info 5 /OUTPUT 8 "o_output_2"
P_0x5642f06b1660 .param/l "DATA_W" 0 3 164, +C4<00000000000000000000000000001000>;
L_0x5642f06c6700 .functor BUFZ 8, v0x5642f06b1cf0_0, C4<00000000>, C4<00000000>, C4<00000000>;
L_0x5642f06c6770 .functor BUFZ 8, v0x5642f06b1f90_0, C4<00000000>, C4<00000000>, C4<00000000>;
v0x5642f06b18b0_0 .net "i_clk", 0 0, v0x5642f06c5250_0;  alias, 1 drivers
v0x5642f06b1970_0 .net "i_input_1", 7 0, L_0x5642f06c6300;  alias, 1 drivers
v0x5642f06b1a60_0 .net "i_input_2", 7 0, L_0x5642f06c6470;  alias, 1 drivers
v0x5642f06b1b60_0 .net "i_rst_n", 0 0, v0x5642f06c5770_0;  alias, 1 drivers
v0x5642f06b1c00_0 .net "o_output_1", 7 0, L_0x5642f06c6700;  alias, 1 drivers
v0x5642f06b1cf0_0 .var "o_output_1_r", 7 0;
v0x5642f06b1dd0_0 .var "o_output_1_w", 7 0;
v0x5642f06b1eb0_0 .net "o_output_2", 7 0, L_0x5642f06c6770;  alias, 1 drivers
v0x5642f06b1f90_0 .var "o_output_2_r", 7 0;
v0x5642f06b2070_0 .var "o_output_2_w", 7 0;
E_0x5642f06b1830 .event edge, v0x5642f06ad860_0, v0x5642f06aed70_0;
S_0x5642f06b2250 .scope generate, "t3[5]" "t3[5]" 3 64, 3 64 0, S_0x5642f068c7f0;
 .timescale 0 0;
P_0x5642f06b23f0 .param/l "i" 0 3 64, +C4<0101>;
S_0x5642f06b24d0 .scope module, "u2" "comparator" 3 67, 3 163 0, S_0x5642f06b2250;
 .timescale 0 0;
    .port_info 0 /INPUT 1 "i_clk"
    .port_info 1 /INPUT 1 "i_rst_n"
    .port_info 2 /INPUT 8 "i_input_1"
    .port_info 3 /INPUT 8 "i_input_2"
    .port_info 4 /OUTPUT 8 "o_output_1"
    .port_info 5 /OUTPUT 8 "o_output_2"
P_0x5642f06b26a0 .param/l "DATA_W" 0 3 164, +C4<00000000000000000000000000001000>;
L_0x5642f06c6800 .functor BUFZ 8, v0x5642f06b2d30_0, C4<00000000>, C4<00000000>, C4<00000000>;
L_0x5642f06c6870 .functor BUFZ 8, v0x5642f06b2fd0_0, C4<00000000>, C4<00000000>, C4<00000000>;
v0x5642f06b28f0_0 .net "i_clk", 0 0, v0x5642f06c5250_0;  alias, 1 drivers
v0x5642f06b29b0_0 .net "i_input_1", 7 0, L_0x5642f06c6370;  alias, 1 drivers
v0x5642f06b2aa0_0 .net "i_input_2", 7 0, L_0x5642f06c6400;  alias, 1 drivers
v0x5642f06b2ba0_0 .net "i_rst_n", 0 0, v0x5642f06c5770_0;  alias, 1 drivers
v0x5642f06b2c40_0 .net "o_output_1", 7 0, L_0x5642f06c6800;  alias, 1 drivers
v0x5642f06b2d30_0 .var "o_output_1_r", 7 0;
v0x5642f06b2e10_0 .var "o_output_1_w", 7 0;
v0x5642f06b2ef0_0 .net "o_output_2", 7 0, L_0x5642f06c6870;  alias, 1 drivers
v0x5642f06b2fd0_0 .var "o_output_2_r", 7 0;
v0x5642f06b30b0_0 .var "o_output_2_w", 7 0;
E_0x5642f06b2870 .event edge, v0x5642f06adb50_0, v0x5642f06aea80_0;
S_0x5642f06b3290 .scope generate, "t4[0]" "t4[0]" 3 78, 3 78 0, S_0x5642f068c7f0;
 .timescale 0 0;
P_0x5642f06b3430 .param/l "i" 0 3 78, +C4<00>;
S_0x5642f06b3510 .scope module, "u3" "comparator" 3 81, 3 163 0, S_0x5642f06b3290;
 .timescale 0 0;
    .port_info 0 /INPUT 1 "i_clk"
    .port_info 1 /INPUT 1 "i_rst_n"
    .port_info 2 /INPUT 8 "i_input_1"
    .port_info 3 /INPUT 8 "i_input_2"
    .port_info 4 /OUTPUT 8 "o_output_1"
    .port_info 5 /OUTPUT 8 "o_output_2"
P_0x5642f06b36e0 .param/l "DATA_W" 0 3 164, +C4<00000000000000000000000000001000>;
L_0x5642f06c6900 .functor BUFZ 8, v0x5642f06b3e80_0, C4<00000000>, C4<00000000>, C4<00000000>;
L_0x5642f06c6970 .functor BUFZ 8, v0x5642f06b4120_0, C4<00000000>, C4<00000000>, C4<00000000>;
v0x5642f06b3930_0 .net "i_clk", 0 0, v0x5642f06c5250_0;  alias, 1 drivers
v0x5642f06b39f0_0 .net "i_input_1", 7 0, L_0x5642f06c6500;  alias, 1 drivers
v0x5642f06b3ae0_0 .net "i_input_2", 7 0, L_0x5642f06c6600;  alias, 1 drivers
v0x5642f06b3be0_0 .net "i_rst_n", 0 0, v0x5642f06c5770_0;  alias, 1 drivers
v0x5642f06b3d90_0 .net "o_output_1", 7 0, L_0x5642f06c6900;  alias, 1 drivers
v0x5642f06b3e80_0 .var "o_output_1_r", 7 0;
v0x5642f06b3f60_0 .var "o_output_1_w", 7 0;
v0x5642f06b4040_0 .net "o_output_2", 7 0, L_0x5642f06c6970;  alias, 1 drivers
v0x5642f06b4120_0 .var "o_output_2_r", 7 0;
v0x5642f06b4200_0 .var "o_output_2_w", 7 0;
E_0x5642f06b38b0 .event edge, v0x5642f06afb90_0, v0x5642f06b0bc0_0;
S_0x5642f06b43e0 .scope generate, "t4[1]" "t4[1]" 3 78, 3 78 0, S_0x5642f068c7f0;
 .timescale 0 0;
P_0x5642f06b4580 .param/l "i" 0 3 78, +C4<01>;
S_0x5642f06b4660 .scope module, "u3" "comparator" 3 81, 3 163 0, S_0x5642f06b43e0;
 .timescale 0 0;
    .port_info 0 /INPUT 1 "i_clk"
    .port_info 1 /INPUT 1 "i_rst_n"
    .port_info 2 /INPUT 8 "i_input_1"
    .port_info 3 /INPUT 8 "i_input_2"
    .port_info 4 /OUTPUT 8 "o_output_1"
    .port_info 5 /OUTPUT 8 "o_output_2"
P_0x5642f06b4830 .param/l "DATA_W" 0 3 164, +C4<00000000000000000000000000001000>;
L_0x5642f06c6a00 .functor BUFZ 8, v0x5642f06b4e30_0, C4<00000000>, C4<00000000>, C4<00000000>;
L_0x5642f06c6a70 .functor BUFZ 8, v0x5642f06b50d0_0, C4<00000000>, C4<00000000>, C4<00000000>;
v0x5642f06b49f0_0 .net "i_clk", 0 0, v0x5642f06c5250_0;  alias, 1 drivers
v0x5642f06b4ab0_0 .net "i_input_1", 7 0, L_0x5642f06c6570;  alias, 1 drivers
v0x5642f06b4ba0_0 .net "i_input_2", 7 0, L_0x5642f06c6670;  alias, 1 drivers
v0x5642f06b4ca0_0 .net "i_rst_n", 0 0, v0x5642f06c5770_0;  alias, 1 drivers
v0x5642f06b4d40_0 .net "o_output_1", 7 0, L_0x5642f06c6a00;  alias, 1 drivers
v0x5642f06b4e30_0 .var "o_output_1_r", 7 0;
v0x5642f06b4f10_0 .var "o_output_1_w", 7 0;
v0x5642f06b4ff0_0 .net "o_output_2", 7 0, L_0x5642f06c6a70;  alias, 1 drivers
v0x5642f06b50d0_0 .var "o_output_2_r", 7 0;
v0x5642f06b51b0_0 .var "o_output_2_w", 7 0;
E_0x5642f06b4970 .event edge, v0x5642f06afdf0_0, v0x5642f06b0e70_0;
S_0x5642f06b5390 .scope generate, "t5[0]" "t5[0]" 3 90, 3 90 0, S_0x5642f068c7f0;
 .timescale 0 0;
P_0x5642f06b5530 .param/l "i" 0 3 90, +C4<00>;
S_0x5642f06b5610 .scope module, "u3" "comparator" 3 93, 3 163 0, S_0x5642f06b5390;
 .timescale 0 0;
    .port_info 0 /INPUT 1 "i_clk"
    .port_info 1 /INPUT 1 "i_rst_n"
    .port_info 2 /INPUT 8 "i_input_1"
    .port_info 3 /INPUT 8 "i_input_2"
    .port_info 4 /OUTPUT 8 "o_output_1"
    .port_info 5 /OUTPUT 8 "o_output_2"
P_0x5642f06b57e0 .param/l "DATA_W" 0 3 164, +C4<00000000000000000000000000001000>;
L_0x5642f06c6b00 .functor BUFZ 8, v0x5642f06b5de0_0, C4<00000000>, C4<00000000>, C4<00000000>;
L_0x5642f06c6b70 .functor BUFZ 8, v0x5642f06b6080_0, C4<00000000>, C4<00000000>, C4<00000000>;
v0x5642f06b59a0_0 .net "i_clk", 0 0, v0x5642f06c5250_0;  alias, 1 drivers
v0x5642f06b5a60_0 .net "i_input_1", 7 0, L_0x5642f06c6770;  alias, 1 drivers
v0x5642f06b5b50_0 .net "i_input_2", 7 0, L_0x5642f06c6870;  alias, 1 drivers
v0x5642f06b5c50_0 .net "i_rst_n", 0 0, v0x5642f06c5770_0;  alias, 1 drivers
v0x5642f06b5cf0_0 .net "o_output_1", 7 0, L_0x5642f06c6b00;  alias, 1 drivers
v0x5642f06b5de0_0 .var "o_output_1_r", 7 0;
v0x5642f06b5ec0_0 .var "o_output_1_w", 7 0;
v0x5642f06b5fa0_0 .net "o_output_2", 7 0, L_0x5642f06c6b70;  alias, 1 drivers
v0x5642f06b6080_0 .var "o_output_2_r", 7 0;
v0x5642f06b6160_0 .var "o_output_2_w", 7 0;
E_0x5642f06b5920 .event edge, v0x5642f06b1eb0_0, v0x5642f06b2ef0_0;
S_0x5642f06b6340 .scope generate, "t5[1]" "t5[1]" 3 90, 3 90 0, S_0x5642f068c7f0;
 .timescale 0 0;
P_0x5642f06b64e0 .param/l "i" 0 3 90, +C4<01>;
S_0x5642f06b65c0 .scope module, "u3" "comparator" 3 93, 3 163 0, S_0x5642f06b6340;
 .timescale 0 0;
    .port_info 0 /INPUT 1 "i_clk"
    .port_info 1 /INPUT 1 "i_rst_n"
    .port_info 2 /INPUT 8 "i_input_1"
    .port_info 3 /INPUT 8 "i_input_2"
    .port_info 4 /OUTPUT 8 "o_output_1"
    .port_info 5 /OUTPUT 8 "o_output_2"
P_0x5642f06b6790 .param/l "DATA_W" 0 3 164, +C4<00000000000000000000000000001000>;
L_0x5642f06c6c00 .functor BUFZ 8, v0x5642f06b6e20_0, C4<00000000>, C4<00000000>, C4<00000000>;
L_0x5642f06c6c70 .functor BUFZ 8, v0x5642f06b70c0_0, C4<00000000>, C4<00000000>, C4<00000000>;
v0x5642f06b69e0_0 .net "i_clk", 0 0, v0x5642f06c5250_0;  alias, 1 drivers
v0x5642f06b6aa0_0 .net "i_input_1", 7 0, L_0x5642f06c6700;  alias, 1 drivers
v0x5642f06b6b90_0 .net "i_input_2", 7 0, L_0x5642f06c6800;  alias, 1 drivers
v0x5642f06b6c90_0 .net "i_rst_n", 0 0, v0x5642f06c5770_0;  alias, 1 drivers
v0x5642f06b6d30_0 .net "o_output_1", 7 0, L_0x5642f06c6c00;  alias, 1 drivers
v0x5642f06b6e20_0 .var "o_output_1_r", 7 0;
v0x5642f06b6f00_0 .var "o_output_1_w", 7 0;
v0x5642f06b6fe0_0 .net "o_output_2", 7 0, L_0x5642f06c6c70;  alias, 1 drivers
v0x5642f06b70c0_0 .var "o_output_2_r", 7 0;
v0x5642f06b71a0_0 .var "o_output_2_w", 7 0;
E_0x5642f06b6960 .event edge, v0x5642f06b1c00_0, v0x5642f06b2c40_0;
S_0x5642f06b7380 .scope generate, "t6[0]" "t6[0]" 3 104, 3 104 0, S_0x5642f068c7f0;
 .timescale 0 0;
P_0x5642f06b7520 .param/l "i" 0 3 104, +C4<00>;
S_0x5642f06b7600 .scope module, "u4" "comparator" 3 107, 3 163 0, S_0x5642f06b7380;
 .timescale 0 0;
    .port_info 0 /INPUT 1 "i_clk"
    .port_info 1 /INPUT 1 "i_rst_n"
    .port_info 2 /INPUT 8 "i_input_1"
    .port_info 3 /INPUT 8 "i_input_2"
    .port_info 4 /OUTPUT 8 "o_output_1"
    .port_info 5 /OUTPUT 8 "o_output_2"
P_0x5642f06b77d0 .param/l "DATA_W" 0 3 164, +C4<00000000000000000000000000001000>;
L_0x5642f06c6d00 .functor BUFZ 8, v0x5642f06b7e60_0, C4<00000000>, C4<00000000>, C4<00000000>;
L_0x5642f06c6d70 .functor BUFZ 8, v0x5642f06b8100_0, C4<00000000>, C4<00000000>, C4<00000000>;
v0x5642f06b7a20_0 .net "i_clk", 0 0, v0x5642f06c5250_0;  alias, 1 drivers
v0x5642f06b7ae0_0 .net "i_input_1", 7 0, L_0x5642f06c6900;  alias, 1 drivers
v0x5642f06b7bd0_0 .net "i_input_2", 7 0, L_0x5642f06c6b70;  alias, 1 drivers
v0x5642f06b7cd0_0 .net "i_rst_n", 0 0, v0x5642f06c5770_0;  alias, 1 drivers
v0x5642f06b7d70_0 .net "o_output_1", 7 0, L_0x5642f06c6d00;  alias, 1 drivers
v0x5642f06b7e60_0 .var "o_output_1_r", 7 0;
v0x5642f06b7f40_0 .var "o_output_1_w", 7 0;
v0x5642f06b8020_0 .net "o_output_2", 7 0, L_0x5642f06c6d70;  alias, 1 drivers
v0x5642f06b8100_0 .var "o_output_2_r", 7 0;
v0x5642f06b81e0_0 .var "o_output_2_w", 7 0;
E_0x5642f06b79a0 .event edge, v0x5642f06b3d90_0, v0x5642f06b5fa0_0;
S_0x5642f06b83c0 .scope generate, "t6[1]" "t6[1]" 3 104, 3 104 0, S_0x5642f068c7f0;
 .timescale 0 0;
P_0x5642f06b8560 .param/l "i" 0 3 104, +C4<01>;
S_0x5642f06b8640 .scope module, "u4" "comparator" 3 107, 3 163 0, S_0x5642f06b83c0;
 .timescale 0 0;
    .port_info 0 /INPUT 1 "i_clk"
    .port_info 1 /INPUT 1 "i_rst_n"
    .port_info 2 /INPUT 8 "i_input_1"
    .port_info 3 /INPUT 8 "i_input_2"
    .port_info 4 /OUTPUT 8 "o_output_1"
    .port_info 5 /OUTPUT 8 "o_output_2"
P_0x5642f06b8810 .param/l "DATA_W" 0 3 164, +C4<00000000000000000000000000001000>;
L_0x5642f06c6e00 .functor BUFZ 8, v0x5642f06b8ea0_0, C4<00000000>, C4<00000000>, C4<00000000>;
L_0x5642f06c6e70 .functor BUFZ 8, v0x5642f06b9140_0, C4<00000000>, C4<00000000>, C4<00000000>;
v0x5642f06b8a60_0 .net "i_clk", 0 0, v0x5642f06c5250_0;  alias, 1 drivers
v0x5642f06b8b20_0 .net "i_input_1", 7 0, L_0x5642f06c6970;  alias, 1 drivers
v0x5642f06b8c10_0 .net "i_input_2", 7 0, L_0x5642f06c6b00;  alias, 1 drivers
v0x5642f06b8d10_0 .net "i_rst_n", 0 0, v0x5642f06c5770_0;  alias, 1 drivers
v0x5642f06b8db0_0 .net "o_output_1", 7 0, L_0x5642f06c6e00;  alias, 1 drivers
v0x5642f06b8ea0_0 .var "o_output_1_r", 7 0;
v0x5642f06b8f80_0 .var "o_output_1_w", 7 0;
v0x5642f06b9060_0 .net "o_output_2", 7 0, L_0x5642f06c6e70;  alias, 1 drivers
v0x5642f06b9140_0 .var "o_output_2_r", 7 0;
v0x5642f06b9220_0 .var "o_output_2_w", 7 0;
E_0x5642f06b89e0 .event edge, v0x5642f06b4040_0, v0x5642f06b5cf0_0;
S_0x5642f06b9400 .scope generate, "t6[2]" "t6[2]" 3 104, 3 104 0, S_0x5642f068c7f0;
 .timescale 0 0;
P_0x5642f06b95a0 .param/l "i" 0 3 104, +C4<010>;
S_0x5642f06b9680 .scope module, "u4" "comparator" 3 107, 3 163 0, S_0x5642f06b9400;
 .timescale 0 0;
    .port_info 0 /INPUT 1 "i_clk"
    .port_info 1 /INPUT 1 "i_rst_n"
    .port_info 2 /INPUT 8 "i_input_1"
    .port_info 3 /INPUT 8 "i_input_2"
    .port_info 4 /OUTPUT 8 "o_output_1"
    .port_info 5 /OUTPUT 8 "o_output_2"
P_0x5642f06b9850 .param/l "DATA_W" 0 3 164, +C4<00000000000000000000000000001000>;
L_0x5642f06c6f00 .functor BUFZ 8, v0x5642f06b9ee0_0, C4<00000000>, C4<00000000>, C4<00000000>;
L_0x5642f06c6f70 .functor BUFZ 8, v0x5642f06ba180_0, C4<00000000>, C4<00000000>, C4<00000000>;
v0x5642f06b9aa0_0 .net "i_clk", 0 0, v0x5642f06c5250_0;  alias, 1 drivers
v0x5642f06b9b60_0 .net "i_input_1", 7 0, L_0x5642f06c6a00;  alias, 1 drivers
v0x5642f06b9c50_0 .net "i_input_2", 7 0, L_0x5642f06c6c70;  alias, 1 drivers
v0x5642f06b9d50_0 .net "i_rst_n", 0 0, v0x5642f06c5770_0;  alias, 1 drivers
v0x5642f06b9df0_0 .net "o_output_1", 7 0, L_0x5642f06c6f00;  alias, 1 drivers
v0x5642f06b9ee0_0 .var "o_output_1_r", 7 0;
v0x5642f06b9fc0_0 .var "o_output_1_w", 7 0;
v0x5642f06ba0a0_0 .net "o_output_2", 7 0, L_0x5642f06c6f70;  alias, 1 drivers
v0x5642f06ba180_0 .var "o_output_2_r", 7 0;
v0x5642f06ba260_0 .var "o_output_2_w", 7 0;
E_0x5642f06b9a20 .event edge, v0x5642f06b4d40_0, v0x5642f06b6fe0_0;
S_0x5642f06ba440 .scope generate, "t6[3]" "t6[3]" 3 104, 3 104 0, S_0x5642f068c7f0;
 .timescale 0 0;
P_0x5642f06ba5e0 .param/l "i" 0 3 104, +C4<011>;
S_0x5642f06ba6c0 .scope module, "u4" "comparator" 3 107, 3 163 0, S_0x5642f06ba440;
 .timescale 0 0;
    .port_info 0 /INPUT 1 "i_clk"
    .port_info 1 /INPUT 1 "i_rst_n"
    .port_info 2 /INPUT 8 "i_input_1"
    .port_info 3 /INPUT 8 "i_input_2"
    .port_info 4 /OUTPUT 8 "o_output_1"
    .port_info 5 /OUTPUT 8 "o_output_2"
P_0x5642f06ba890 .param/l "DATA_W" 0 3 164, +C4<00000000000000000000000000001000>;
L_0x5642f06c7000 .functor BUFZ 8, v0x5642f06baf20_0, C4<00000000>, C4<00000000>, C4<00000000>;
L_0x5642f06c7070 .functor BUFZ 8, v0x5642f06bb1c0_0, C4<00000000>, C4<00000000>, C4<00000000>;
v0x5642f06baae0_0 .net "i_clk", 0 0, v0x5642f06c5250_0;  alias, 1 drivers
v0x5642f06baba0_0 .net "i_input_1", 7 0, L_0x5642f06c6a70;  alias, 1 drivers
v0x5642f06bac90_0 .net "i_input_2", 7 0, L_0x5642f06c6c00;  alias, 1 drivers
v0x5642f06bad90_0 .net "i_rst_n", 0 0, v0x5642f06c5770_0;  alias, 1 drivers
v0x5642f06bae30_0 .net "o_output_1", 7 0, L_0x5642f06c7000;  alias, 1 drivers
v0x5642f06baf20_0 .var "o_output_1_r", 7 0;
v0x5642f06bb000_0 .var "o_output_1_w", 7 0;
v0x5642f06bb0e0_0 .net "o_output_2", 7 0, L_0x5642f06c7070;  alias, 1 drivers
v0x5642f06bb1c0_0 .var "o_output_2_r", 7 0;
v0x5642f06bb2a0_0 .var "o_output_2_w", 7 0;
E_0x5642f06baa60 .event edge, v0x5642f06b4ff0_0, v0x5642f06b6d30_0;
S_0x5642f06bb480 .scope generate, "t7[0]" "t7[0]" 3 118, 3 118 0, S_0x5642f068c7f0;
 .timescale 0 0;
P_0x5642f06bb620 .param/l "i" 0 3 118, +C4<00>;
S_0x5642f06bb700 .scope module, "u5" "comparator" 3 121, 3 163 0, S_0x5642f06bb480;
 .timescale 0 0;
    .port_info 0 /INPUT 1 "i_clk"
    .port_info 1 /INPUT 1 "i_rst_n"
    .port_info 2 /INPUT 8 "i_input_1"
    .port_info 3 /INPUT 8 "i_input_2"
    .port_info 4 /OUTPUT 8 "o_output_1"
    .port_info 5 /OUTPUT 8 "o_output_2"
P_0x5642f06bb8d0 .param/l "DATA_W" 0 3 164, +C4<00000000000000000000000000001000>;
L_0x5642f06c7100 .functor BUFZ 8, v0x5642f06bc380_0, C4<00000000>, C4<00000000>, C4<00000000>;
L_0x5642f06c7170 .functor BUFZ 8, v0x5642f06bc620_0, C4<00000000>, C4<00000000>, C4<00000000>;
v0x5642f06bbb20_0 .net "i_clk", 0 0, v0x5642f06c5250_0;  alias, 1 drivers
v0x5642f06bbdf0_0 .net "i_input_1", 7 0, L_0x5642f06c6d00;  alias, 1 drivers
v0x5642f06bbee0_0 .net "i_input_2", 7 0, L_0x5642f06c6f00;  alias, 1 drivers
v0x5642f06bbfe0_0 .net "i_rst_n", 0 0, v0x5642f06c5770_0;  alias, 1 drivers
v0x5642f06bc290_0 .net "o_output_1", 7 0, L_0x5642f06c7100;  alias, 1 drivers
v0x5642f06bc380_0 .var "o_output_1_r", 7 0;
v0x5642f06bc460_0 .var "o_output_1_w", 7 0;
v0x5642f06bc540_0 .net "o_output_2", 7 0, L_0x5642f06c7170;  alias, 1 drivers
v0x5642f06bc620_0 .var "o_output_2_r", 7 0;
v0x5642f06bc700_0 .var "o_output_2_w", 7 0;
E_0x5642f06bbaa0 .event edge, v0x5642f06b7d70_0, v0x5642f06b9df0_0;
S_0x5642f06bc8e0 .scope generate, "t7[1]" "t7[1]" 3 118, 3 118 0, S_0x5642f068c7f0;
 .timescale 0 0;
P_0x5642f06bca80 .param/l "i" 0 3 118, +C4<01>;
S_0x5642f06bcb60 .scope module, "u5" "comparator" 3 121, 3 163 0, S_0x5642f06bc8e0;
 .timescale 0 0;
    .port_info 0 /INPUT 1 "i_clk"
    .port_info 1 /INPUT 1 "i_rst_n"
    .port_info 2 /INPUT 8 "i_input_1"
    .port_info 3 /INPUT 8 "i_input_2"
    .port_info 4 /OUTPUT 8 "o_output_1"
    .port_info 5 /OUTPUT 8 "o_output_2"
P_0x5642f06bcd30 .param/l "DATA_W" 0 3 164, +C4<00000000000000000000000000001000>;
L_0x5642f06c7200 .functor BUFZ 8, v0x5642f06bd3c0_0, C4<00000000>, C4<00000000>, C4<00000000>;
L_0x5642f06c7270 .functor BUFZ 8, v0x5642f06bd660_0, C4<00000000>, C4<00000000>, C4<00000000>;
v0x5642f06bcf80_0 .net "i_clk", 0 0, v0x5642f06c5250_0;  alias, 1 drivers
v0x5642f06bd040_0 .net "i_input_1", 7 0, L_0x5642f06c6e00;  alias, 1 drivers
v0x5642f06bd130_0 .net "i_input_2", 7 0, L_0x5642f06c7000;  alias, 1 drivers
v0x5642f06bd230_0 .net "i_rst_n", 0 0, v0x5642f06c5770_0;  alias, 1 drivers
v0x5642f06bd2d0_0 .net "o_output_1", 7 0, L_0x5642f06c7200;  alias, 1 drivers
v0x5642f06bd3c0_0 .var "o_output_1_r", 7 0;
v0x5642f06bd4a0_0 .var "o_output_1_w", 7 0;
v0x5642f06bd580_0 .net "o_output_2", 7 0, L_0x5642f06c7270;  alias, 1 drivers
v0x5642f06bd660_0 .var "o_output_2_r", 7 0;
v0x5642f06bd740_0 .var "o_output_2_w", 7 0;
E_0x5642f06bcf00 .event edge, v0x5642f06b8db0_0, v0x5642f06bae30_0;
S_0x5642f06bd920 .scope generate, "t8[4]" "t8[4]" 3 130, 3 130 0, S_0x5642f068c7f0;
 .timescale 0 0;
P_0x5642f06bdac0 .param/l "i" 0 3 130, +C4<0100>;
S_0x5642f06bdba0 .scope module, "u5" "comparator" 3 133, 3 163 0, S_0x5642f06bd920;
 .timescale 0 0;
    .port_info 0 /INPUT 1 "i_clk"
    .port_info 1 /INPUT 1 "i_rst_n"
    .port_info 2 /INPUT 8 "i_input_1"
    .port_info 3 /INPUT 8 "i_input_2"
    .port_info 4 /OUTPUT 8 "o_output_1"
    .port_info 5 /OUTPUT 8 "o_output_2"
P_0x5642f06bdd70 .param/l "DATA_W" 0 3 164, +C4<00000000000000000000000000001000>;
L_0x5642f06c7300 .functor BUFZ 8, v0x5642f06be400_0, C4<00000000>, C4<00000000>, C4<00000000>;
L_0x5642f06c7370 .functor BUFZ 8, v0x5642f06be6a0_0, C4<00000000>, C4<00000000>, C4<00000000>;
v0x5642f06bdfc0_0 .net "i_clk", 0 0, v0x5642f06c5250_0;  alias, 1 drivers
v0x5642f06be080_0 .net "i_input_1", 7 0, L_0x5642f06c6d70;  alias, 1 drivers
v0x5642f06be170_0 .net "i_input_2", 7 0, L_0x5642f06c6f70;  alias, 1 drivers
v0x5642f06be270_0 .net "i_rst_n", 0 0, v0x5642f06c5770_0;  alias, 1 drivers
v0x5642f06be310_0 .net "o_output_1", 7 0, L_0x5642f06c7300;  alias, 1 drivers
v0x5642f06be400_0 .var "o_output_1_r", 7 0;
v0x5642f06be4e0_0 .var "o_output_1_w", 7 0;
v0x5642f06be5c0_0 .net "o_output_2", 7 0, L_0x5642f06c7370;  alias, 1 drivers
v0x5642f06be6a0_0 .var "o_output_2_r", 7 0;
v0x5642f06be780_0 .var "o_output_2_w", 7 0;
E_0x5642f06bdf40 .event edge, v0x5642f06b8020_0, v0x5642f06ba0a0_0;
S_0x5642f06be960 .scope generate, "t8[5]" "t8[5]" 3 130, 3 130 0, S_0x5642f068c7f0;
 .timescale 0 0;
P_0x5642f06beb00 .param/l "i" 0 3 130, +C4<0101>;
S_0x5642f06bebe0 .scope module, "u5" "comparator" 3 133, 3 163 0, S_0x5642f06be960;
 .timescale 0 0;
    .port_info 0 /INPUT 1 "i_clk"
    .port_info 1 /INPUT 1 "i_rst_n"
    .port_info 2 /INPUT 8 "i_input_1"
    .port_info 3 /INPUT 8 "i_input_2"
    .port_info 4 /OUTPUT 8 "o_output_1"
    .port_info 5 /OUTPUT 8 "o_output_2"
P_0x5642f06bedb0 .param/l "DATA_W" 0 3 164, +C4<00000000000000000000000000001000>;
L_0x5642f06c7400 .functor BUFZ 8, v0x5642f06bf440_0, C4<00000000>, C4<00000000>, C4<00000000>;
L_0x5642f06c7470 .functor BUFZ 8, v0x5642f06bf6e0_0, C4<00000000>, C4<00000000>, C4<00000000>;
v0x5642f06bf000_0 .net "i_clk", 0 0, v0x5642f06c5250_0;  alias, 1 drivers
v0x5642f06bf0c0_0 .net "i_input_1", 7 0, L_0x5642f06c6e70;  alias, 1 drivers
v0x5642f06bf1b0_0 .net "i_input_2", 7 0, L_0x5642f06c7070;  alias, 1 drivers
v0x5642f06bf2b0_0 .net "i_rst_n", 0 0, v0x5642f06c5770_0;  alias, 1 drivers
v0x5642f06bf350_0 .net "o_output_1", 7 0, L_0x5642f06c7400;  alias, 1 drivers
v0x5642f06bf440_0 .var "o_output_1_r", 7 0;
v0x5642f06bf520_0 .var "o_output_1_w", 7 0;
v0x5642f06bf600_0 .net "o_output_2", 7 0, L_0x5642f06c7470;  alias, 1 drivers
v0x5642f06bf6e0_0 .var "o_output_2_r", 7 0;
v0x5642f06bf7c0_0 .var "o_output_2_w", 7 0;
E_0x5642f06bef80 .event edge, v0x5642f06b9060_0, v0x5642f06bb0e0_0;
S_0x5642f06bf9a0 .scope generate, "t9[0]" "t9[0]" 3 144, 3 144 0, S_0x5642f068c7f0;
 .timescale 0 0;
P_0x5642f06bfb40 .param/l "i" 0 3 144, +C4<00>;
S_0x5642f06bfc20 .scope module, "u6" "comparator" 3 147, 3 163 0, S_0x5642f06bf9a0;
 .timescale 0 0;
    .port_info 0 /INPUT 1 "i_clk"
    .port_info 1 /INPUT 1 "i_rst_n"
    .port_info 2 /INPUT 8 "i_input_1"
    .port_info 3 /INPUT 8 "i_input_2"
    .port_info 4 /OUTPUT 8 "o_output_1"
    .port_info 5 /OUTPUT 8 "o_output_2"
P_0x5642f06bfdf0 .param/l "DATA_W" 0 3 164, +C4<00000000000000000000000000001000>;
v0x5642f06c0040_0 .net "i_clk", 0 0, v0x5642f06c5250_0;  alias, 1 drivers
v0x5642f06c0100_0 .net "i_input_1", 7 0, L_0x5642f06c7100;  alias, 1 drivers
v0x5642f06c01f0_0 .net "i_input_2", 7 0, L_0x5642f06c7200;  alias, 1 drivers
v0x5642f06c02f0_0 .net "i_rst_n", 0 0, v0x5642f06c5770_0;  alias, 1 drivers
v0x5642f06c0390_0 .net "o_output_1", 7 0, v0x5642f06c0480_0;  alias, 1 drivers
v0x5642f06c0480_0 .var "o_output_1_r", 7 0;
v0x5642f06c0560_0 .var "o_output_1_w", 7 0;
v0x5642f06c0640_0 .net "o_output_2", 7 0, v0x5642f06c0720_0;  alias, 1 drivers
v0x5642f06c0720_0 .var "o_output_2_r", 7 0;
v0x5642f06c0800_0 .var "o_output_2_w", 7 0;
E_0x5642f06bffc0 .event edge, v0x5642f06bc290_0, v0x5642f06bd2d0_0;
S_0x5642f06c09e0 .scope generate, "t9[2]" "t9[2]" 3 144, 3 144 0, S_0x5642f068c7f0;
 .timescale 0 0;
P_0x5642f06c0b80 .param/l "i" 0 3 144, +C4<010>;
S_0x5642f06c0c60 .scope module, "u6" "comparator" 3 147, 3 163 0, S_0x5642f06c09e0;
 .timescale 0 0;
    .port_info 0 /INPUT 1 "i_clk"
    .port_info 1 /INPUT 1 "i_rst_n"
    .port_info 2 /INPUT 8 "i_input_1"
    .port_info 3 /INPUT 8 "i_input_2"
    .port_info 4 /OUTPUT 8 "o_output_1"
    .port_info 5 /OUTPUT 8 "o_output_2"
P_0x5642f06c0e30 .param/l "DATA_W" 0 3 164, +C4<00000000000000000000000000001000>;
v0x5642f06c1080_0 .net "i_clk", 0 0, v0x5642f06c5250_0;  alias, 1 drivers
v0x5642f06c1140_0 .net "i_input_1", 7 0, L_0x5642f06c7170;  alias, 1 drivers
v0x5642f06c1230_0 .net "i_input_2", 7 0, L_0x5642f06c7270;  alias, 1 drivers
v0x5642f06c1330_0 .net "i_rst_n", 0 0, v0x5642f06c5770_0;  alias, 1 drivers
v0x5642f06c13d0_0 .net "o_output_1", 7 0, v0x5642f06c14c0_0;  alias, 1 drivers
v0x5642f06c14c0_0 .var "o_output_1_r", 7 0;
v0x5642f06c15a0_0 .var "o_output_1_w", 7 0;
v0x5642f06c1680_0 .net "o_output_2", 7 0, v0x5642f06c1760_0;  alias, 1 drivers
v0x5642f06c1760_0 .var "o_output_2_r", 7 0;
v0x5642f06c1840_0 .var "o_output_2_w", 7 0;
E_0x5642f06c1000 .event edge, v0x5642f06bc540_0, v0x5642f06bd580_0;
S_0x5642f06c1a20 .scope generate, "t9[4]" "t9[4]" 3 144, 3 144 0, S_0x5642f068c7f0;
 .timescale 0 0;
P_0x5642f06c1bc0 .param/l "i" 0 3 144, +C4<0100>;
S_0x5642f06c1ca0 .scope module, "u6" "comparator" 3 147, 3 163 0, S_0x5642f06c1a20;
 .timescale 0 0;
    .port_info 0 /INPUT 1 "i_clk"
    .port_info 1 /INPUT 1 "i_rst_n"
    .port_info 2 /INPUT 8 "i_input_1"
    .port_info 3 /INPUT 8 "i_input_2"
    .port_info 4 /OUTPUT 8 "o_output_1"
    .port_info 5 /OUTPUT 8 "o_output_2"
P_0x5642f06c1e70 .param/l "DATA_W" 0 3 164, +C4<00000000000000000000000000001000>;
v0x5642f06c20c0_0 .net "i_clk", 0 0, v0x5642f06c5250_0;  alias, 1 drivers
v0x5642f06c2180_0 .net "i_input_1", 7 0, L_0x5642f06c7300;  alias, 1 drivers
v0x5642f06c2270_0 .net "i_input_2", 7 0, L_0x5642f06c7400;  alias, 1 drivers
v0x5642f06c2370_0 .net "i_rst_n", 0 0, v0x5642f06c5770_0;  alias, 1 drivers
v0x5642f06c2410_0 .net "o_output_1", 7 0, v0x5642f06c2500_0;  alias, 1 drivers
v0x5642f06c2500_0 .var "o_output_1_r", 7 0;
v0x5642f06c25e0_0 .var "o_output_1_w", 7 0;
v0x5642f06c26c0_0 .net "o_output_2", 7 0, v0x5642f06c27a0_0;  alias, 1 drivers
v0x5642f06c27a0_0 .var "o_output_2_r", 7 0;
v0x5642f06c2880_0 .var "o_output_2_w", 7 0;
E_0x5642f06c2040 .event edge, v0x5642f06be310_0, v0x5642f06bf350_0;
S_0x5642f06c2a60 .scope generate, "t9[6]" "t9[6]" 3 144, 3 144 0, S_0x5642f068c7f0;
 .timescale 0 0;
P_0x5642f06c2c00 .param/l "i" 0 3 144, +C4<0110>;
S_0x5642f06c2ce0 .scope module, "u6" "comparator" 3 147, 3 163 0, S_0x5642f06c2a60;
 .timescale 0 0;
    .port_info 0 /INPUT 1 "i_clk"
    .port_info 1 /INPUT 1 "i_rst_n"
    .port_info 2 /INPUT 8 "i_input_1"
    .port_info 3 /INPUT 8 "i_input_2"
    .port_info 4 /OUTPUT 8 "o_output_1"
    .port_info 5 /OUTPUT 8 "o_output_2"
P_0x5642f06c2eb0 .param/l "DATA_W" 0 3 164, +C4<00000000000000000000000000001000>;
v0x5642f06c3100_0 .net "i_clk", 0 0, v0x5642f06c5250_0;  alias, 1 drivers
v0x5642f06c31c0_0 .net "i_input_1", 7 0, L_0x5642f06c7370;  alias, 1 drivers
v0x5642f06c32b0_0 .net "i_input_2", 7 0, L_0x5642f06c7470;  alias, 1 drivers
v0x5642f06c33b0_0 .net "i_rst_n", 0 0, v0x5642f06c5770_0;  alias, 1 drivers
v0x5642f06c3450_0 .net "o_output_1", 7 0, v0x5642f06c3540_0;  alias, 1 drivers
v0x5642f06c3540_0 .var "o_output_1_r", 7 0;
v0x5642f06c3620_0 .var "o_output_1_w", 7 0;
v0x5642f06c3700_0 .net "o_output_2", 7 0, v0x5642f06c37e0_0;  alias, 1 drivers
v0x5642f06c37e0_0 .var "o_output_2_r", 7 0;
v0x5642f06c38c0_0 .var "o_output_2_w", 7 0;
E_0x5642f06c3080 .event edge, v0x5642f06be5c0_0, v0x5642f06bf600_0;
    .scope S_0x5642f06aadb0;
T_0 ;
    %wait E_0x5642f069ce00;
    %load/vec4 v0x5642f06ab300_0;
    %load/vec4 v0x5642f06ab220_0;
    %cmp/u;
    %jmp/0xz  T_0.0, 5;
    %load/vec4 v0x5642f06ab300_0;
    %store/vec4 v0x5642f06ab690_0, 0, 8;
    %load/vec4 v0x5642f06ab220_0;
    %store/vec4 v0x5642f06ab930_0, 0, 8;
    %jmp T_0.1;
T_0.0 ;
    %load/vec4 v0x5642f06ab220_0;
    %store/vec4 v0x5642f06ab690_0, 0, 8;
    %load/vec4 v0x5642f06ab300_0;
    %store/vec4 v0x5642f06ab930_0, 0, 8;
T_0.1 ;
    %jmp T_0;
    .thread T_0, $push;
    .scope S_0x5642f06aadb0;
T_1 ;
    %wait E_0x5642f0618aa0;
    %load/vec4 v0x5642f06ab3c0_0;
    %inv;
    %flag_set/vec4 8;
    %jmp/0xz  T_1.0, 8;
    %pushi/vec4 0, 0, 8;
    %assign/vec4 v0x5642f06ab5b0_0, 0;
    %pushi/vec4 0, 0, 8;
    %assign/vec4 v0x5642f06ab850_0, 0;
    %jmp T_1.1;
T_1.0 ;
    %load/vec4 v0x5642f06ab690_0;
    %assign/vec4 v0x5642f06ab5b0_0, 0;
    %load/vec4 v0x5642f06ab930_0;
    %assign/vec4 v0x5642f06ab850_0, 0;
T_1.1 ;
    %jmp T_1;
    .thread T_1;
    .scope S_0x5642f06abf20;
T_2 ;
    %wait E_0x5642f069cd40;
    %load/vec4 v0x5642f06ac440_0;
    %load/vec4 v0x5642f06ac380_0;
    %cmp/u;
    %jmp/0xz  T_2.0, 5;
    %load/vec4 v0x5642f06ac440_0;
    %store/vec4 v0x5642f06ac7f0_0, 0, 8;
    %load/vec4 v0x5642f06ac380_0;
    %store/vec4 v0x5642f06aca90_0, 0, 8;
    %jmp T_2.1;
T_2.0 ;
    %load/vec4 v0x5642f06ac380_0;
    %store/vec4 v0x5642f06ac7f0_0, 0, 8;
    %load/vec4 v0x5642f06ac440_0;
    %store/vec4 v0x5642f06aca90_0, 0, 8;
T_2.1 ;
    %jmp T_2;
    .thread T_2, $push;
    .scope S_0x5642f06abf20;
T_3 ;
    %wait E_0x5642f0618aa0;
    %load/vec4 v0x5642f06ac530_0;
    %inv;
    %flag_set/vec4 8;
    %jmp/0xz  T_3.0, 8;
    %pushi/vec4 0, 0, 8;
    %assign/vec4 v0x5642f06ac710_0, 0;
    %pushi/vec4 0, 0, 8;
    %assign/vec4 v0x5642f06ac9b0_0, 0;
    %jmp T_3.1;
T_3.0 ;
    %load/vec4 v0x5642f06ac7f0_0;
    %assign/vec4 v0x5642f06ac710_0, 0;
    %load/vec4 v0x5642f06aca90_0;
    %assign/vec4 v0x5642f06ac9b0_0, 0;
T_3.1 ;
    %jmp T_3;
    .thread T_3;
    .scope S_0x5642f06ad080;
T_4 ;
    %wait E_0x5642f06ad440;
    %load/vec4 v0x5642f06ad6b0_0;
    %load/vec4 v0x5642f06ad5d0_0;
    %cmp/u;
    %jmp/0xz  T_4.0, 5;
    %load/vec4 v0x5642f06ad6b0_0;
    %store/vec4 v0x5642f06ada70_0, 0, 8;
    %load/vec4 v0x5642f06ad5d0_0;
    %store/vec4 v0x5642f06add10_0, 0, 8;
    %jmp T_4.1;
T_4.0 ;
    %load/vec4 v0x5642f06ad5d0_0;
    %store/vec4 v0x5642f06ada70_0, 0, 8;
    %load/vec4 v0x5642f06ad6b0_0;
    %store/vec4 v0x5642f06add10_0, 0, 8;
T_4.1 ;
    %jmp T_4;
    .thread T_4, $push;
    .scope S_0x5642f06ad080;
T_5 ;
    %wait E_0x5642f0618aa0;
    %load/vec4 v0x5642f06ad770_0;
    %inv;
    %flag_set/vec4 8;
    %jmp/0xz  T_5.0, 8;
    %pushi/vec4 0, 0, 8;
    %assign/vec4 v0x5642f06ad990_0, 0;
    %pushi/vec4 0, 0, 8;
    %assign/vec4 v0x5642f06adc30_0, 0;
    %jmp T_5.1;
T_5.0 ;
    %load/vec4 v0x5642f06ada70_0;
    %assign/vec4 v0x5642f06ad990_0, 0;
    %load/vec4 v0x5642f06add10_0;
    %assign/vec4 v0x5642f06adc30_0, 0;
T_5.1 ;
    %jmp T_5;
    .thread T_5;
    .scope S_0x5642f06ae340;
T_6 ;
    %wait E_0x5642f06ae700;
    %load/vec4 v0x5642f06ae920_0;
    %load/vec4 v0x5642f06ae840_0;
    %cmp/u;
    %jmp/0xz  T_6.0, 5;
    %load/vec4 v0x5642f06ae920_0;
    %store/vec4 v0x5642f06aec90_0, 0, 8;
    %load/vec4 v0x5642f06ae840_0;
    %store/vec4 v0x5642f06aef30_0, 0, 8;
    %jmp T_6.1;
T_6.0 ;
    %load/vec4 v0x5642f06ae840_0;
    %store/vec4 v0x5642f06aec90_0, 0, 8;
    %load/vec4 v0x5642f06ae920_0;
    %store/vec4 v0x5642f06aef30_0, 0, 8;
T_6.1 ;
    %jmp T_6;
    .thread T_6, $push;
    .scope S_0x5642f06ae340;
T_7 ;
    %wait E_0x5642f0618aa0;
    %load/vec4 v0x5642f06ae9e0_0;
    %inv;
    %flag_set/vec4 8;
    %jmp/0xz  T_7.0, 8;
    %pushi/vec4 0, 0, 8;
    %assign/vec4 v0x5642f06aebb0_0, 0;
    %pushi/vec4 0, 0, 8;
    %assign/vec4 v0x5642f06aee50_0, 0;
    %jmp T_7.1;
T_7.0 ;
    %load/vec4 v0x5642f06aec90_0;
    %assign/vec4 v0x5642f06aebb0_0, 0;
    %load/vec4 v0x5642f06aef30_0;
    %assign/vec4 v0x5642f06aee50_0, 0;
T_7.1 ;
    %jmp T_7;
    .thread T_7;
    .scope S_0x5642f06af390;
T_8 ;
    %wait E_0x5642f06af730;
    %load/vec4 v0x5642f06af960_0;
    %load/vec4 v0x5642f06af870_0;
    %cmp/u;
    %jmp/0xz  T_8.0, 5;
    %load/vec4 v0x5642f06af960_0;
    %store/vec4 v0x5642f06afd10_0, 0, 8;
    %load/vec4 v0x5642f06af870_0;
    %store/vec4 v0x5642f06b0040_0, 0, 8;
    %jmp T_8.1;
T_8.0 ;
    %load/vec4 v0x5642f06af870_0;
    %store/vec4 v0x5642f06afd10_0, 0, 8;
    %load/vec4 v0x5642f06af960_0;
    %store/vec4 v0x5642f06b0040_0, 0, 8;
T_8.1 ;
    %jmp T_8;
    .thread T_8, $push;
    .scope S_0x5642f06af390;
T_9 ;
    %wait E_0x5642f0618aa0;
    %load/vec4 v0x5642f06afa60_0;
    %inv;
    %flag_set/vec4 8;
    %jmp/0xz  T_9.0, 8;
    %pushi/vec4 0, 0, 8;
    %assign/vec4 v0x5642f06afc30_0, 0;
    %pushi/vec4 0, 0, 8;
    %assign/vec4 v0x5642f06afed0_0, 0;
    %jmp T_9.1;
T_9.0 ;
    %load/vec4 v0x5642f06afd10_0;
    %assign/vec4 v0x5642f06afc30_0, 0;
    %load/vec4 v0x5642f06b0040_0;
    %assign/vec4 v0x5642f06afed0_0, 0;
T_9.1 ;
    %jmp T_9;
    .thread T_9;
    .scope S_0x5642f06b0450;
T_10 ;
    %wait E_0x5642f06b07f0;
    %load/vec4 v0x5642f06b0a20_0;
    %load/vec4 v0x5642f06b0930_0;
    %cmp/u;
    %jmp/0xz  T_10.0, 5;
    %load/vec4 v0x5642f06b0a20_0;
    %store/vec4 v0x5642f06b0d90_0, 0, 8;
    %load/vec4 v0x5642f06b0930_0;
    %store/vec4 v0x5642f06b1030_0, 0, 8;
    %jmp T_10.1;
T_10.0 ;
    %load/vec4 v0x5642f06b0930_0;
    %store/vec4 v0x5642f06b0d90_0, 0, 8;
    %load/vec4 v0x5642f06b0a20_0;
    %store/vec4 v0x5642f06b1030_0, 0, 8;
T_10.1 ;
    %jmp T_10;
    .thread T_10, $push;
    .scope S_0x5642f06b0450;
T_11 ;
    %wait E_0x5642f0618aa0;
    %load/vec4 v0x5642f06b0b20_0;
    %inv;
    %flag_set/vec4 8;
    %jmp/0xz  T_11.0, 8;
    %pushi/vec4 0, 0, 8;
    %assign/vec4 v0x5642f06b0cb0_0, 0;
    %pushi/vec4 0, 0, 8;
    %assign/vec4 v0x5642f06b0f50_0, 0;
    %jmp T_11.1;
T_11.0 ;
    %load/vec4 v0x5642f06b0d90_0;
    %assign/vec4 v0x5642f06b0cb0_0, 0;
    %load/vec4 v0x5642f06b1030_0;
    %assign/vec4 v0x5642f06b0f50_0, 0;
T_11.1 ;
    %jmp T_11;
    .thread T_11;
    .scope S_0x5642f06b1490;
T_12 ;
    %wait E_0x5642f06b1830;
    %load/vec4 v0x5642f06b1a60_0;
    %load/vec4 v0x5642f06b1970_0;
    %cmp/u;
    %jmp/0xz  T_12.0, 5;
    %load/vec4 v0x5642f06b1a60_0;
    %store/vec4 v0x5642f06b1dd0_0, 0, 8;
    %load/vec4 v0x5642f06b1970_0;
    %store/vec4 v0x5642f06b2070_0, 0, 8;
    %jmp T_12.1;
T_12.0 ;
    %load/vec4 v0x5642f06b1970_0;
    %store/vec4 v0x5642f06b1dd0_0, 0, 8;
    %load/vec4 v0x5642f06b1a60_0;
    %store/vec4 v0x5642f06b2070_0, 0, 8;
T_12.1 ;
    %jmp T_12;
    .thread T_12, $push;
    .scope S_0x5642f06b1490;
T_13 ;
    %wait E_0x5642f0618aa0;
    %load/vec4 v0x5642f06b1b60_0;
    %inv;
    %flag_set/vec4 8;
    %jmp/0xz  T_13.0, 8;
    %pushi/vec4 0, 0, 8;
    %assign/vec4 v0x5642f06b1cf0_0, 0;
    %pushi/vec4 0, 0, 8;
    %assign/vec4 v0x5642f06b1f90_0, 0;
    %jmp T_13.1;
T_13.0 ;
    %load/vec4 v0x5642f06b1dd0_0;
    %assign/vec4 v0x5642f06b1cf0_0, 0;
    %load/vec4 v0x5642f06b2070_0;
    %assign/vec4 v0x5642f06b1f90_0, 0;
T_13.1 ;
    %jmp T_13;
    .thread T_13;
    .scope S_0x5642f06b24d0;
T_14 ;
    %wait E_0x5642f06b2870;
    %load/vec4 v0x5642f06b2aa0_0;
    %load/vec4 v0x5642f06b29b0_0;
    %cmp/u;
    %jmp/0xz  T_14.0, 5;
    %load/vec4 v0x5642f06b2aa0_0;
    %store/vec4 v0x5642f06b2e10_0, 0, 8;
    %load/vec4 v0x5642f06b29b0_0;
    %store/vec4 v0x5642f06b30b0_0, 0, 8;
    %jmp T_14.1;
T_14.0 ;
    %load/vec4 v0x5642f06b29b0_0;
    %store/vec4 v0x5642f06b2e10_0, 0, 8;
    %load/vec4 v0x5642f06b2aa0_0;
    %store/vec4 v0x5642f06b30b0_0, 0, 8;
T_14.1 ;
    %jmp T_14;
    .thread T_14, $push;
    .scope S_0x5642f06b24d0;
T_15 ;
    %wait E_0x5642f0618aa0;
    %load/vec4 v0x5642f06b2ba0_0;
    %inv;
    %flag_set/vec4 8;
    %jmp/0xz  T_15.0, 8;
    %pushi/vec4 0, 0, 8;
    %assign/vec4 v0x5642f06b2d30_0, 0;
    %pushi/vec4 0, 0, 8;
    %assign/vec4 v0x5642f06b2fd0_0, 0;
    %jmp T_15.1;
T_15.0 ;
    %load/vec4 v0x5642f06b2e10_0;
    %assign/vec4 v0x5642f06b2d30_0, 0;
    %load/vec4 v0x5642f06b30b0_0;
    %assign/vec4 v0x5642f06b2fd0_0, 0;
T_15.1 ;
    %jmp T_15;
    .thread T_15;
    .scope S_0x5642f06b3510;
T_16 ;
    %wait E_0x5642f06b38b0;
    %load/vec4 v0x5642f06b3ae0_0;
    %load/vec4 v0x5642f06b39f0_0;
    %cmp/u;
    %jmp/0xz  T_16.0, 5;
    %load/vec4 v0x5642f06b3ae0_0;
    %store/vec4 v0x5642f06b3f60_0, 0, 8;
    %load/vec4 v0x5642f06b39f0_0;
    %store/vec4 v0x5642f06b4200_0, 0, 8;
    %jmp T_16.1;
T_16.0 ;
    %load/vec4 v0x5642f06b39f0_0;
    %store/vec4 v0x5642f06b3f60_0, 0, 8;
    %load/vec4 v0x5642f06b3ae0_0;
    %store/vec4 v0x5642f06b4200_0, 0, 8;
T_16.1 ;
    %jmp T_16;
    .thread T_16, $push;
    .scope S_0x5642f06b3510;
T_17 ;
    %wait E_0x5642f0618aa0;
    %load/vec4 v0x5642f06b3be0_0;
    %inv;
    %flag_set/vec4 8;
    %jmp/0xz  T_17.0, 8;
    %pushi/vec4 0, 0, 8;
    %assign/vec4 v0x5642f06b3e80_0, 0;
    %pushi/vec4 0, 0, 8;
    %assign/vec4 v0x5642f06b4120_0, 0;
    %jmp T_17.1;
T_17.0 ;
    %load/vec4 v0x5642f06b3f60_0;
    %assign/vec4 v0x5642f06b3e80_0, 0;
    %load/vec4 v0x5642f06b4200_0;
    %assign/vec4 v0x5642f06b4120_0, 0;
T_17.1 ;
    %jmp T_17;
    .thread T_17;
    .scope S_0x5642f06b4660;
T_18 ;
    %wait E_0x5642f06b4970;
    %load/vec4 v0x5642f06b4ba0_0;
    %load/vec4 v0x5642f06b4ab0_0;
    %cmp/u;
    %jmp/0xz  T_18.0, 5;
    %load/vec4 v0x5642f06b4ba0_0;
    %store/vec4 v0x5642f06b4f10_0, 0, 8;
    %load/vec4 v0x5642f06b4ab0_0;
    %store/vec4 v0x5642f06b51b0_0, 0, 8;
    %jmp T_18.1;
T_18.0 ;
    %load/vec4 v0x5642f06b4ab0_0;
    %store/vec4 v0x5642f06b4f10_0, 0, 8;
    %load/vec4 v0x5642f06b4ba0_0;
    %store/vec4 v0x5642f06b51b0_0, 0, 8;
T_18.1 ;
    %jmp T_18;
    .thread T_18, $push;
    .scope S_0x5642f06b4660;
T_19 ;
    %wait E_0x5642f0618aa0;
    %load/vec4 v0x5642f06b4ca0_0;
    %inv;
    %flag_set/vec4 8;
    %jmp/0xz  T_19.0, 8;
    %pushi/vec4 0, 0, 8;
    %assign/vec4 v0x5642f06b4e30_0, 0;
    %pushi/vec4 0, 0, 8;
    %assign/vec4 v0x5642f06b50d0_0, 0;
    %jmp T_19.1;
T_19.0 ;
    %load/vec4 v0x5642f06b4f10_0;
    %assign/vec4 v0x5642f06b4e30_0, 0;
    %load/vec4 v0x5642f06b51b0_0;
    %assign/vec4 v0x5642f06b50d0_0, 0;
T_19.1 ;
    %jmp T_19;
    .thread T_19;
    .scope S_0x5642f06b5610;
T_20 ;
    %wait E_0x5642f06b5920;
    %load/vec4 v0x5642f06b5b50_0;
    %load/vec4 v0x5642f06b5a60_0;
    %cmp/u;
    %jmp/0xz  T_20.0, 5;
    %load/vec4 v0x5642f06b5b50_0;
    %store/vec4 v0x5642f06b5ec0_0, 0, 8;
    %load/vec4 v0x5642f06b5a60_0;
    %store/vec4 v0x5642f06b6160_0, 0, 8;
    %jmp T_20.1;
T_20.0 ;
    %load/vec4 v0x5642f06b5a60_0;
    %store/vec4 v0x5642f06b5ec0_0, 0, 8;
    %load/vec4 v0x5642f06b5b50_0;
    %store/vec4 v0x5642f06b6160_0, 0, 8;
T_20.1 ;
    %jmp T_20;
    .thread T_20, $push;
    .scope S_0x5642f06b5610;
T_21 ;
    %wait E_0x5642f0618aa0;
    %load/vec4 v0x5642f06b5c50_0;
    %inv;
    %flag_set/vec4 8;
    %jmp/0xz  T_21.0, 8;
    %pushi/vec4 0, 0, 8;
    %assign/vec4 v0x5642f06b5de0_0, 0;
    %pushi/vec4 0, 0, 8;
    %assign/vec4 v0x5642f06b6080_0, 0;
    %jmp T_21.1;
T_21.0 ;
    %load/vec4 v0x5642f06b5ec0_0;
    %assign/vec4 v0x5642f06b5de0_0, 0;
    %load/vec4 v0x5642f06b6160_0;
    %assign/vec4 v0x5642f06b6080_0, 0;
T_21.1 ;
    %jmp T_21;
    .thread T_21;
    .scope S_0x5642f06b65c0;
T_22 ;
    %wait E_0x5642f06b6960;
    %load/vec4 v0x5642f06b6b90_0;
    %load/vec4 v0x5642f06b6aa0_0;
    %cmp/u;
    %jmp/0xz  T_22.0, 5;
    %load/vec4 v0x5642f06b6b90_0;
    %store/vec4 v0x5642f06b6f00_0, 0, 8;
    %load/vec4 v0x5642f06b6aa0_0;
    %store/vec4 v0x5642f06b71a0_0, 0, 8;
    %jmp T_22.1;
T_22.0 ;
    %load/vec4 v0x5642f06b6aa0_0;
    %store/vec4 v0x5642f06b6f00_0, 0, 8;
    %load/vec4 v0x5642f06b6b90_0;
    %store/vec4 v0x5642f06b71a0_0, 0, 8;
T_22.1 ;
    %jmp T_22;
    .thread T_22, $push;
    .scope S_0x5642f06b65c0;
T_23 ;
    %wait E_0x5642f0618aa0;
    %load/vec4 v0x5642f06b6c90_0;
    %inv;
    %flag_set/vec4 8;
    %jmp/0xz  T_23.0, 8;
    %pushi/vec4 0, 0, 8;
    %assign/vec4 v0x5642f06b6e20_0, 0;
    %pushi/vec4 0, 0, 8;
    %assign/vec4 v0x5642f06b70c0_0, 0;
    %jmp T_23.1;
T_23.0 ;
    %load/vec4 v0x5642f06b6f00_0;
    %assign/vec4 v0x5642f06b6e20_0, 0;
    %load/vec4 v0x5642f06b71a0_0;
    %assign/vec4 v0x5642f06b70c0_0, 0;
T_23.1 ;
    %jmp T_23;
    .thread T_23;
    .scope S_0x5642f06b7600;
T_24 ;
    %wait E_0x5642f06b79a0;
    %load/vec4 v0x5642f06b7bd0_0;
    %load/vec4 v0x5642f06b7ae0_0;
    %cmp/u;
    %jmp/0xz  T_24.0, 5;
    %load/vec4 v0x5642f06b7bd0_0;
    %store/vec4 v0x5642f06b7f40_0, 0, 8;
    %load/vec4 v0x5642f06b7ae0_0;
    %store/vec4 v0x5642f06b81e0_0, 0, 8;
    %jmp T_24.1;
T_24.0 ;
    %load/vec4 v0x5642f06b7ae0_0;
    %store/vec4 v0x5642f06b7f40_0, 0, 8;
    %load/vec4 v0x5642f06b7bd0_0;
    %store/vec4 v0x5642f06b81e0_0, 0, 8;
T_24.1 ;
    %jmp T_24;
    .thread T_24, $push;
    .scope S_0x5642f06b7600;
T_25 ;
    %wait E_0x5642f0618aa0;
    %load/vec4 v0x5642f06b7cd0_0;
    %inv;
    %flag_set/vec4 8;
    %jmp/0xz  T_25.0, 8;
    %pushi/vec4 0, 0, 8;
    %assign/vec4 v0x5642f06b7e60_0, 0;
    %pushi/vec4 0, 0, 8;
    %assign/vec4 v0x5642f06b8100_0, 0;
    %jmp T_25.1;
T_25.0 ;
    %load/vec4 v0x5642f06b7f40_0;
    %assign/vec4 v0x5642f06b7e60_0, 0;
    %load/vec4 v0x5642f06b81e0_0;
    %assign/vec4 v0x5642f06b8100_0, 0;
T_25.1 ;
    %jmp T_25;
    .thread T_25;
    .scope S_0x5642f06b8640;
T_26 ;
    %wait E_0x5642f06b89e0;
    %load/vec4 v0x5642f06b8c10_0;
    %load/vec4 v0x5642f06b8b20_0;
    %cmp/u;
    %jmp/0xz  T_26.0, 5;
    %load/vec4 v0x5642f06b8c10_0;
    %store/vec4 v0x5642f06b8f80_0, 0, 8;
    %load/vec4 v0x5642f06b8b20_0;
    %store/vec4 v0x5642f06b9220_0, 0, 8;
    %jmp T_26.1;
T_26.0 ;
    %load/vec4 v0x5642f06b8b20_0;
    %store/vec4 v0x5642f06b8f80_0, 0, 8;
    %load/vec4 v0x5642f06b8c10_0;
    %store/vec4 v0x5642f06b9220_0, 0, 8;
T_26.1 ;
    %jmp T_26;
    .thread T_26, $push;
    .scope S_0x5642f06b8640;
T_27 ;
    %wait E_0x5642f0618aa0;
    %load/vec4 v0x5642f06b8d10_0;
    %inv;
    %flag_set/vec4 8;
    %jmp/0xz  T_27.0, 8;
    %pushi/vec4 0, 0, 8;
    %assign/vec4 v0x5642f06b8ea0_0, 0;
    %pushi/vec4 0, 0, 8;
    %assign/vec4 v0x5642f06b9140_0, 0;
    %jmp T_27.1;
T_27.0 ;
    %load/vec4 v0x5642f06b8f80_0;
    %assign/vec4 v0x5642f06b8ea0_0, 0;
    %load/vec4 v0x5642f06b9220_0;
    %assign/vec4 v0x5642f06b9140_0, 0;
T_27.1 ;
    %jmp T_27;
    .thread T_27;
    .scope S_0x5642f06b9680;
T_28 ;
    %wait E_0x5642f06b9a20;
    %load/vec4 v0x5642f06b9c50_0;
    %load/vec4 v0x5642f06b9b60_0;
    %cmp/u;
    %jmp/0xz  T_28.0, 5;
    %load/vec4 v0x5642f06b9c50_0;
    %store/vec4 v0x5642f06b9fc0_0, 0, 8;
    %load/vec4 v0x5642f06b9b60_0;
    %store/vec4 v0x5642f06ba260_0, 0, 8;
    %jmp T_28.1;
T_28.0 ;
    %load/vec4 v0x5642f06b9b60_0;
    %store/vec4 v0x5642f06b9fc0_0, 0, 8;
    %load/vec4 v0x5642f06b9c50_0;
    %store/vec4 v0x5642f06ba260_0, 0, 8;
T_28.1 ;
    %jmp T_28;
    .thread T_28, $push;
    .scope S_0x5642f06b9680;
T_29 ;
    %wait E_0x5642f0618aa0;
    %load/vec4 v0x5642f06b9d50_0;
    %inv;
    %flag_set/vec4 8;
    %jmp/0xz  T_29.0, 8;
    %pushi/vec4 0, 0, 8;
    %assign/vec4 v0x5642f06b9ee0_0, 0;
    %pushi/vec4 0, 0, 8;
    %assign/vec4 v0x5642f06ba180_0, 0;
    %jmp T_29.1;
T_29.0 ;
    %load/vec4 v0x5642f06b9fc0_0;
    %assign/vec4 v0x5642f06b9ee0_0, 0;
    %load/vec4 v0x5642f06ba260_0;
    %assign/vec4 v0x5642f06ba180_0, 0;
T_29.1 ;
    %jmp T_29;
    .thread T_29;
    .scope S_0x5642f06ba6c0;
T_30 ;
    %wait E_0x5642f06baa60;
    %load/vec4 v0x5642f06bac90_0;
    %load/vec4 v0x5642f06baba0_0;
    %cmp/u;
    %jmp/0xz  T_30.0, 5;
    %load/vec4 v0x5642f06bac90_0;
    %store/vec4 v0x5642f06bb000_0, 0, 8;
    %load/vec4 v0x5642f06baba0_0;
    %store/vec4 v0x5642f06bb2a0_0, 0, 8;
    %jmp T_30.1;
T_30.0 ;
    %load/vec4 v0x5642f06baba0_0;
    %store/vec4 v0x5642f06bb000_0, 0, 8;
    %load/vec4 v0x5642f06bac90_0;
    %store/vec4 v0x5642f06bb2a0_0, 0, 8;
T_30.1 ;
    %jmp T_30;
    .thread T_30, $push;
    .scope S_0x5642f06ba6c0;
T_31 ;
    %wait E_0x5642f0618aa0;
    %load/vec4 v0x5642f06bad90_0;
    %inv;
    %flag_set/vec4 8;
    %jmp/0xz  T_31.0, 8;
    %pushi/vec4 0, 0, 8;
    %assign/vec4 v0x5642f06baf20_0, 0;
    %pushi/vec4 0, 0, 8;
    %assign/vec4 v0x5642f06bb1c0_0, 0;
    %jmp T_31.1;
T_31.0 ;
    %load/vec4 v0x5642f06bb000_0;
    %assign/vec4 v0x5642f06baf20_0, 0;
    %load/vec4 v0x5642f06bb2a0_0;
    %assign/vec4 v0x5642f06bb1c0_0, 0;
T_31.1 ;
    %jmp T_31;
    .thread T_31;
    .scope S_0x5642f06bb700;
T_32 ;
    %wait E_0x5642f06bbaa0;
    %load/vec4 v0x5642f06bbee0_0;
    %load/vec4 v0x5642f06bbdf0_0;
    %cmp/u;
    %jmp/0xz  T_32.0, 5;
    %load/vec4 v0x5642f06bbee0_0;
    %store/vec4 v0x5642f06bc460_0, 0, 8;
    %load/vec4 v0x5642f06bbdf0_0;
    %store/vec4 v0x5642f06bc700_0, 0, 8;
    %jmp T_32.1;
T_32.0 ;
    %load/vec4 v0x5642f06bbdf0_0;
    %store/vec4 v0x5642f06bc460_0, 0, 8;
    %load/vec4 v0x5642f06bbee0_0;
    %store/vec4 v0x5642f06bc700_0, 0, 8;
T_32.1 ;
    %jmp T_32;
    .thread T_32, $push;
    .scope S_0x5642f06bb700;
T_33 ;
    %wait E_0x5642f0618aa0;
    %load/vec4 v0x5642f06bbfe0_0;
    %inv;
    %flag_set/vec4 8;
    %jmp/0xz  T_33.0, 8;
    %pushi/vec4 0, 0, 8;
    %assign/vec4 v0x5642f06bc380_0, 0;
    %pushi/vec4 0, 0, 8;
    %assign/vec4 v0x5642f06bc620_0, 0;
    %jmp T_33.1;
T_33.0 ;
    %load/vec4 v0x5642f06bc460_0;
    %assign/vec4 v0x5642f06bc380_0, 0;
    %load/vec4 v0x5642f06bc700_0;
    %assign/vec4 v0x5642f06bc620_0, 0;
T_33.1 ;
    %jmp T_33;
    .thread T_33;
    .scope S_0x5642f06bcb60;
T_34 ;
    %wait E_0x5642f06bcf00;
    %load/vec4 v0x5642f06bd130_0;
    %load/vec4 v0x5642f06bd040_0;
    %cmp/u;
    %jmp/0xz  T_34.0, 5;
    %load/vec4 v0x5642f06bd130_0;
    %store/vec4 v0x5642f06bd4a0_0, 0, 8;
    %load/vec4 v0x5642f06bd040_0;
    %store/vec4 v0x5642f06bd740_0, 0, 8;
    %jmp T_34.1;
T_34.0 ;
    %load/vec4 v0x5642f06bd040_0;
    %store/vec4 v0x5642f06bd4a0_0, 0, 8;
    %load/vec4 v0x5642f06bd130_0;
    %store/vec4 v0x5642f06bd740_0, 0, 8;
T_34.1 ;
    %jmp T_34;
    .thread T_34, $push;
    .scope S_0x5642f06bcb60;
T_35 ;
    %wait E_0x5642f0618aa0;
    %load/vec4 v0x5642f06bd230_0;
    %inv;
    %flag_set/vec4 8;
    %jmp/0xz  T_35.0, 8;
    %pushi/vec4 0, 0, 8;
    %assign/vec4 v0x5642f06bd3c0_0, 0;
    %pushi/vec4 0, 0, 8;
    %assign/vec4 v0x5642f06bd660_0, 0;
    %jmp T_35.1;
T_35.0 ;
    %load/vec4 v0x5642f06bd4a0_0;
    %assign/vec4 v0x5642f06bd3c0_0, 0;
    %load/vec4 v0x5642f06bd740_0;
    %assign/vec4 v0x5642f06bd660_0, 0;
T_35.1 ;
    %jmp T_35;
    .thread T_35;
    .scope S_0x5642f06bdba0;
T_36 ;
    %wait E_0x5642f06bdf40;
    %load/vec4 v0x5642f06be170_0;
    %load/vec4 v0x5642f06be080_0;
    %cmp/u;
    %jmp/0xz  T_36.0, 5;
    %load/vec4 v0x5642f06be170_0;
    %store/vec4 v0x5642f06be4e0_0, 0, 8;
    %load/vec4 v0x5642f06be080_0;
    %store/vec4 v0x5642f06be780_0, 0, 8;
    %jmp T_36.1;
T_36.0 ;
    %load/vec4 v0x5642f06be080_0;
    %store/vec4 v0x5642f06be4e0_0, 0, 8;
    %load/vec4 v0x5642f06be170_0;
    %store/vec4 v0x5642f06be780_0, 0, 8;
T_36.1 ;
    %jmp T_36;
    .thread T_36, $push;
    .scope S_0x5642f06bdba0;
T_37 ;
    %wait E_0x5642f0618aa0;
    %load/vec4 v0x5642f06be270_0;
    %inv;
    %flag_set/vec4 8;
    %jmp/0xz  T_37.0, 8;
    %pushi/vec4 0, 0, 8;
    %assign/vec4 v0x5642f06be400_0, 0;
    %pushi/vec4 0, 0, 8;
    %assign/vec4 v0x5642f06be6a0_0, 0;
    %jmp T_37.1;
T_37.0 ;
    %load/vec4 v0x5642f06be4e0_0;
    %assign/vec4 v0x5642f06be400_0, 0;
    %load/vec4 v0x5642f06be780_0;
    %assign/vec4 v0x5642f06be6a0_0, 0;
T_37.1 ;
    %jmp T_37;
    .thread T_37;
    .scope S_0x5642f06bebe0;
T_38 ;
    %wait E_0x5642f06bef80;
    %load/vec4 v0x5642f06bf1b0_0;
    %load/vec4 v0x5642f06bf0c0_0;
    %cmp/u;
    %jmp/0xz  T_38.0, 5;
    %load/vec4 v0x5642f06bf1b0_0;
    %store/vec4 v0x5642f06bf520_0, 0, 8;
    %load/vec4 v0x5642f06bf0c0_0;
    %store/vec4 v0x5642f06bf7c0_0, 0, 8;
    %jmp T_38.1;
T_38.0 ;
    %load/vec4 v0x5642f06bf0c0_0;
    %store/vec4 v0x5642f06bf520_0, 0, 8;
    %load/vec4 v0x5642f06bf1b0_0;
    %store/vec4 v0x5642f06bf7c0_0, 0, 8;
T_38.1 ;
    %jmp T_38;
    .thread T_38, $push;
    .scope S_0x5642f06bebe0;
T_39 ;
    %wait E_0x5642f0618aa0;
    %load/vec4 v0x5642f06bf2b0_0;
    %inv;
    %flag_set/vec4 8;
    %jmp/0xz  T_39.0, 8;
    %pushi/vec4 0, 0, 8;
    %assign/vec4 v0x5642f06bf440_0, 0;
    %pushi/vec4 0, 0, 8;
    %assign/vec4 v0x5642f06bf6e0_0, 0;
    %jmp T_39.1;
T_39.0 ;
    %load/vec4 v0x5642f06bf520_0;
    %assign/vec4 v0x5642f06bf440_0, 0;
    %load/vec4 v0x5642f06bf7c0_0;
    %assign/vec4 v0x5642f06bf6e0_0, 0;
T_39.1 ;
    %jmp T_39;
    .thread T_39;
    .scope S_0x5642f06bfc20;
T_40 ;
    %wait E_0x5642f06bffc0;
    %load/vec4 v0x5642f06c01f0_0;
    %load/vec4 v0x5642f06c0100_0;
    %cmp/u;
    %jmp/0xz  T_40.0, 5;
    %load/vec4 v0x5642f06c01f0_0;
    %store/vec4 v0x5642f06c0560_0, 0, 8;
    %load/vec4 v0x5642f06c0100_0;
    %store/vec4 v0x5642f06c0800_0, 0, 8;
    %jmp T_40.1;
T_40.0 ;
    %load/vec4 v0x5642f06c0100_0;
    %store/vec4 v0x5642f06c0560_0, 0, 8;
    %load/vec4 v0x5642f06c01f0_0;
    %store/vec4 v0x5642f06c0800_0, 0, 8;
T_40.1 ;
    %jmp T_40;
    .thread T_40, $push;
    .scope S_0x5642f06bfc20;
T_41 ;
    %wait E_0x5642f0618aa0;
    %load/vec4 v0x5642f06c02f0_0;
    %inv;
    %flag_set/vec4 8;
    %jmp/0xz  T_41.0, 8;
    %pushi/vec4 0, 0, 8;
    %assign/vec4 v0x5642f06c0480_0, 0;
    %pushi/vec4 0, 0, 8;
    %assign/vec4 v0x5642f06c0720_0, 0;
    %jmp T_41.1;
T_41.0 ;
    %load/vec4 v0x5642f06c0560_0;
    %assign/vec4 v0x5642f06c0480_0, 0;
    %load/vec4 v0x5642f06c0800_0;
    %assign/vec4 v0x5642f06c0720_0, 0;
T_41.1 ;
    %jmp T_41;
    .thread T_41;
    .scope S_0x5642f06c0c60;
T_42 ;
    %wait E_0x5642f06c1000;
    %load/vec4 v0x5642f06c1230_0;
    %load/vec4 v0x5642f06c1140_0;
    %cmp/u;
    %jmp/0xz  T_42.0, 5;
    %load/vec4 v0x5642f06c1230_0;
    %store/vec4 v0x5642f06c15a0_0, 0, 8;
    %load/vec4 v0x5642f06c1140_0;
    %store/vec4 v0x5642f06c1840_0, 0, 8;
    %jmp T_42.1;
T_42.0 ;
    %load/vec4 v0x5642f06c1140_0;
    %store/vec4 v0x5642f06c15a0_0, 0, 8;
    %load/vec4 v0x5642f06c1230_0;
    %store/vec4 v0x5642f06c1840_0, 0, 8;
T_42.1 ;
    %jmp T_42;
    .thread T_42, $push;
    .scope S_0x5642f06c0c60;
T_43 ;
    %wait E_0x5642f0618aa0;
    %load/vec4 v0x5642f06c1330_0;
    %inv;
    %flag_set/vec4 8;
    %jmp/0xz  T_43.0, 8;
    %pushi/vec4 0, 0, 8;
    %assign/vec4 v0x5642f06c14c0_0, 0;
    %pushi/vec4 0, 0, 8;
    %assign/vec4 v0x5642f06c1760_0, 0;
    %jmp T_43.1;
T_43.0 ;
    %load/vec4 v0x5642f06c15a0_0;
    %assign/vec4 v0x5642f06c14c0_0, 0;
    %load/vec4 v0x5642f06c1840_0;
    %assign/vec4 v0x5642f06c1760_0, 0;
T_43.1 ;
    %jmp T_43;
    .thread T_43;
    .scope S_0x5642f06c1ca0;
T_44 ;
    %wait E_0x5642f06c2040;
    %load/vec4 v0x5642f06c2270_0;
    %load/vec4 v0x5642f06c2180_0;
    %cmp/u;
    %jmp/0xz  T_44.0, 5;
    %load/vec4 v0x5642f06c2270_0;
    %store/vec4 v0x5642f06c25e0_0, 0, 8;
    %load/vec4 v0x5642f06c2180_0;
    %store/vec4 v0x5642f06c2880_0, 0, 8;
    %jmp T_44.1;
T_44.0 ;
    %load/vec4 v0x5642f06c2180_0;
    %store/vec4 v0x5642f06c25e0_0, 0, 8;
    %load/vec4 v0x5642f06c2270_0;
    %store/vec4 v0x5642f06c2880_0, 0, 8;
T_44.1 ;
    %jmp T_44;
    .thread T_44, $push;
    .scope S_0x5642f06c1ca0;
T_45 ;
    %wait E_0x5642f0618aa0;
    %load/vec4 v0x5642f06c2370_0;
    %inv;
    %flag_set/vec4 8;
    %jmp/0xz  T_45.0, 8;
    %pushi/vec4 0, 0, 8;
    %assign/vec4 v0x5642f06c2500_0, 0;
    %pushi/vec4 0, 0, 8;
    %assign/vec4 v0x5642f06c27a0_0, 0;
    %jmp T_45.1;
T_45.0 ;
    %load/vec4 v0x5642f06c25e0_0;
    %assign/vec4 v0x5642f06c2500_0, 0;
    %load/vec4 v0x5642f06c2880_0;
    %assign/vec4 v0x5642f06c27a0_0, 0;
T_45.1 ;
    %jmp T_45;
    .thread T_45;
    .scope S_0x5642f06c2ce0;
T_46 ;
    %wait E_0x5642f06c3080;
    %load/vec4 v0x5642f06c32b0_0;
    %load/vec4 v0x5642f06c31c0_0;
    %cmp/u;
    %jmp/0xz  T_46.0, 5;
    %load/vec4 v0x5642f06c32b0_0;
    %store/vec4 v0x5642f06c3620_0, 0, 8;
    %load/vec4 v0x5642f06c31c0_0;
    %store/vec4 v0x5642f06c38c0_0, 0, 8;
    %jmp T_46.1;
T_46.0 ;
    %load/vec4 v0x5642f06c31c0_0;
    %store/vec4 v0x5642f06c3620_0, 0, 8;
    %load/vec4 v0x5642f06c32b0_0;
    %store/vec4 v0x5642f06c38c0_0, 0, 8;
T_46.1 ;
    %jmp T_46;
    .thread T_46, $push;
    .scope S_0x5642f06c2ce0;
T_47 ;
    %wait E_0x5642f0618aa0;
    %load/vec4 v0x5642f06c33b0_0;
    %inv;
    %flag_set/vec4 8;
    %jmp/0xz  T_47.0, 8;
    %pushi/vec4 0, 0, 8;
    %assign/vec4 v0x5642f06c3540_0, 0;
    %pushi/vec4 0, 0, 8;
    %assign/vec4 v0x5642f06c37e0_0, 0;
    %jmp T_47.1;
T_47.0 ;
    %load/vec4 v0x5642f06c3620_0;
    %assign/vec4 v0x5642f06c3540_0, 0;
    %load/vec4 v0x5642f06c38c0_0;
    %assign/vec4 v0x5642f06c37e0_0, 0;
T_47.1 ;
    %jmp T_47;
    .thread T_47;
    .scope S_0x5642f0699070;
T_48 ;
    %delay 5000, 0;
    %load/vec4 v0x5642f06c5250_0;
    %inv;
    %store/vec4 v0x5642f06c5250_0, 0, 1;
    %jmp T_48;
    .thread T_48;
    .scope S_0x5642f0699070;
T_49 ;
    %vpi_call 2 22 "$dumpfile", "sort.vcd" {0 0 0};
    %vpi_call 2 23 "$dumpvars" {0 0 0};
    %end;
    .thread T_49;
    .scope S_0x5642f0699070;
T_50 ;
    %pushi/vec4 1, 0, 1;
    %store/vec4 v0x5642f06c5250_0, 0, 1;
    %pushi/vec4 1, 0, 1;
    %store/vec4 v0x5642f06c5770_0, 0, 1;
    %delay 2500, 0;
    %pushi/vec4 0, 0, 1;
    %store/vec4 v0x5642f06c5770_0, 0, 1;
    %delay 47500, 0;
    %pushi/vec4 1, 0, 1;
    %store/vec4 v0x5642f06c5770_0, 0, 1;
    %pushi/vec4 0, 0, 32;
    %store/vec4 v0x5642f06c5860_0, 0, 32;
T_50.0 ;
    %load/vec4 v0x5642f06c5860_0;
    %cmpi/s 20, 0, 32;
    %jmp/0xz T_50.1, 5;
    %delay 10000, 0;
    %pushi/vec4 0, 0, 32;
    %store/vec4 v0x5642f06c52f0_0, 0, 32;
T_50.2 ;
    %load/vec4 v0x5642f06c52f0_0;
    %cmpi/s 8, 0, 32;
    %jmp/0xz T_50.3, 5;
    %vpi_func 2 37 "$random" 32 {0 0 0};
    %pushi/vec4 256, 0, 32;
    %mod;
    %pad/u 8;
    %ix/getv/s 4, v0x5642f06c52f0_0;
    %store/vec4a v0x5642f06c5390, 4, 0;
    %load/vec4 v0x5642f06c52f0_0;
    %addi 1, 0, 32;
    %store/vec4 v0x5642f06c52f0_0, 0, 32;
    %jmp T_50.2;
T_50.3 ;
    %vpi_call 2 38 "$monitor", "%d, %d, %d, %d, %d, %d, %d, %d", v0x5642f06c5560_0, v0x5642f06c5560_1, v0x5642f06c5560_2, v0x5642f06c5560_3, v0x5642f06c5560_4, v0x5642f06c5560_5, v0x5642f06c5560_6, v0x5642f06c5560_7 {0 0 0};
    %load/vec4 v0x5642f06c5860_0;
    %addi 1, 0, 32;
    %store/vec4 v0x5642f06c5860_0, 0, 32;
    %jmp T_50.0;
T_50.1 ;
    %delay 100000000, 0;
    %vpi_call 2 44 "$finish" {0 0 0};
    %end;
    .thread T_50;
# The file index is used to find the file name in the following table.
:file_names 4;
    "N/A";
    "<interactive>";
    "testbench.v";
    "sort.v";
